[0.140s] Invoking command in '/root/ros2_ws/build/tp1': CMAKE_PREFIX_PATH=${CMAKE_PREFIX_PATH}:/root/ros2_ws/install/py_pubsub:/root/ros2_ws/src/py_pubsub/install/py_pubsub:/opt/ros/jazzy /usr/bin/cmake --build /root/ros2_ws/build/tp1 -- -j16 -l16
[0.208s] [ 20%] [32mBuilding CXX object CMakeFiles/navigation.dir/src/Perception.cpp.o[0m
[1.820s] [01m[K/root/ros2_ws/src/tp1/src/Perception.cpp:[m[K In static member function ‘[01m[Kstatic void Perception::[01;32m[KdisplayLoop[m[K()[m[K’:
[1.821s] [01m[K/root/ros2_ws/src/tp1/src/Perception.cpp:702:7:[m[K [01;35m[Kwarning: [m[Kunused variable ‘[01m[Kwindow1[m[K’ [[01;35m[K]8;;https://gcc.gnu.org/onlinedocs/gcc/Warning-Options.html#index-Wunused-variable-Wunused-variable]8;;[m[K]
[1.821s]   702 |   int [01;35m[Kwindow1[m[K = glutCreateWindow("SLAM");
[1.821s]       |       [01;35m[K^~~~~~~[m[K
[1.821s] [01m[K/root/ros2_ws/src/tp1/src/Perception.cpp:709:7:[m[K [01;35m[Kwarning: [m[Kunused variable ‘[01m[Kwindow2[m[K’ [[01;35m[K]8;;https://gcc.gnu.org/onlinedocs/gcc/Warning-Options.html#index-Wunused-variable-Wunused-variable]8;;[m[K]
[1.821s]   709 |   int [01;35m[Kwindow2[m[K = glutCreateWindow("Harmonico");
[1.821s]       |       [01;35m[K^~~~~~~[m[K
[2.362s] [ 40%] [32m[1mLinking CXX executable navigation[0m
[2.817s] [100%] Built target navigation
[2.829s] Invoked command in '/root/ros2_ws/build/tp1' returned '0': CMAKE_PREFIX_PATH=${CMAKE_PREFIX_PATH}:/root/ros2_ws/install/py_pubsub:/root/ros2_ws/src/py_pubsub/install/py_pubsub:/opt/ros/jazzy /usr/bin/cmake --build /root/ros2_ws/build/tp1 -- -j16 -l16
[2.830s] Invoking command in '/root/ros2_ws/build/tp1': CMAKE_PREFIX_PATH=${CMAKE_PREFIX_PATH}:/root/ros2_ws/install/py_pubsub:/root/ros2_ws/src/py_pubsub/install/py_pubsub:/opt/ros/jazzy /usr/bin/cmake --install /root/ros2_ws/build/tp1
[2.838s] -- Install configuration: ""
[2.838s] -- Installing: /root/ros2_ws/install/tp1/lib/tp1/navigation
[2.852s] -- Set non-toolchain portion of runtime path of "/root/ros2_ws/install/tp1/lib/tp1/navigation" to ""
[2.852s] -- Up-to-date: /root/ros2_ws/install/tp1/share/tp1/launch
[2.852s] -- Up-to-date: /root/ros2_ws/install/tp1/share/tp1/launch/p3dx-rosaria.launch.py
[2.852s] -- Up-to-date: /root/ros2_ws/install/tp1/share/tp1/config
[2.853s] -- Up-to-date: /root/ros2_ws/install/tp1/share/tp1/config/p3dx.rviz
[2.853s] -- Up-to-date: /root/ros2_ws/install/tp1/share/ament_index/resource_index/package_run_dependencies/tp1
[2.853s] -- Up-to-date: /root/ros2_ws/install/tp1/share/ament_index/resource_index/parent_prefix_path/tp1
[2.853s] -- Up-to-date: /root/ros2_ws/install/tp1/share/tp1/environment/ament_prefix_path.sh
[2.853s] -- Up-to-date: /root/ros2_ws/install/tp1/share/tp1/environment/ament_prefix_path.dsv
[2.853s] -- Up-to-date: /root/ros2_ws/install/tp1/share/tp1/environment/path.sh
[2.853s] -- Up-to-date: /root/ros2_ws/install/tp1/share/tp1/environment/path.dsv
[2.853s] -- Up-to-date: /root/ros2_ws/install/tp1/share/tp1/local_setup.bash
[2.853s] -- Up-to-date: /root/ros2_ws/install/tp1/share/tp1/local_setup.sh
[2.853s] -- Up-to-date: /root/ros2_ws/install/tp1/share/tp1/local_setup.zsh
[2.853s] -- Up-to-date: /root/ros2_ws/install/tp1/share/tp1/local_setup.dsv
[2.853s] -- Installing: /root/ros2_ws/install/tp1/share/tp1/package.dsv
[2.853s] -- Up-to-date: /root/ros2_ws/install/tp1/share/ament_index/resource_index/packages/tp1
[2.853s] -- Up-to-date: /root/ros2_ws/install/tp1/share/tp1/cmake/tp1Config.cmake
[2.853s] -- Up-to-date: /root/ros2_ws/install/tp1/share/tp1/cmake/tp1Config-version.cmake
[2.853s] -- Up-to-date: /root/ros2_ws/install/tp1/share/tp1/package.xml
[2.855s] Invoked command in '/root/ros2_ws/build/tp1' returned '0': CMAKE_PREFIX_PATH=${CMAKE_PREFIX_PATH}:/root/ros2_ws/install/py_pubsub:/root/ros2_ws/src/py_pubsub/install/py_pubsub:/opt/ros/jazzy /usr/bin/cmake --install /root/ros2_ws/build/tp1
