[0.144s] Invoking command in '/root/ros2_ws/build/tp1': CMAKE_PREFIX_PATH=${CMAKE_PREFIX_PATH}:/root/ros2_ws/install/py_pubsub:/root/ros2_ws/src/py_pubsub/install/py_pubsub:/opt/ros/jazzy /usr/bin/cmake --build /root/ros2_ws/build/tp1 -- -j16 -l16
[0.222s] [ 20%] [32mBuilding CXX object CMakeFiles/navigation.dir/src/Perception.cpp.o[0m
[1.984s] [01m[K/root/ros2_ws/src/tp1/src/Perception.cpp:[m[K In member function ‘[01m[Kvoid Perception::[01;32m[KupdateMap[m[K(std::vector<float, std::allocator<float> >)[m[K’:
[1.985s] [01m[K/root/ros2_ws/src/tp1/src/Perception.cpp:248:21:[m[K [01;35m[Kwarning: [m[Kcomparison of integer expressions of different signedness: ‘[01m[Kint[m[K’ and ‘[01m[Klong unsigned int[m[K’ [[01;35m[K]8;;https://gcc.gnu.org/onlinedocs/gcc/Warning-Options.html#index-Wsign-compare-Wsign-compare]8;;[m[K]
[1.985s]   248 |     for (int k=0; [01;35m[Kk < (sizeof(sonars) / sizeof(sonars[0]))[m[K; k++){
[1.985s]       |                   [01;35m[K~~^~~~~~~~~~~~~~~~~~~~~~~~~~~~~~~~~~~~~~[m[K
[2.600s] [ 40%] [32m[1mLinking CXX executable navigation[0m
[3.087s] [100%] Built target navigation
[3.099s] Invoked command in '/root/ros2_ws/build/tp1' returned '0': CMAKE_PREFIX_PATH=${CMAKE_PREFIX_PATH}:/root/ros2_ws/install/py_pubsub:/root/ros2_ws/src/py_pubsub/install/py_pubsub:/opt/ros/jazzy /usr/bin/cmake --build /root/ros2_ws/build/tp1 -- -j16 -l16
[3.100s] Invoking command in '/root/ros2_ws/build/tp1': CMAKE_PREFIX_PATH=${CMAKE_PREFIX_PATH}:/root/ros2_ws/install/py_pubsub:/root/ros2_ws/src/py_pubsub/install/py_pubsub:/opt/ros/jazzy /usr/bin/cmake --install /root/ros2_ws/build/tp1
[3.109s] -- Install configuration: ""
[3.109s] -- Installing: /root/ros2_ws/install/tp1/lib/tp1/navigation
[3.125s] -- Set non-toolchain portion of runtime path of "/root/ros2_ws/install/tp1/lib/tp1/navigation" to ""
[3.125s] -- Up-to-date: /root/ros2_ws/install/tp1/share/tp1/launch
[3.125s] -- Up-to-date: /root/ros2_ws/install/tp1/share/tp1/launch/p3dx-rosaria.launch.py
[3.126s] -- Up-to-date: /root/ros2_ws/install/tp1/share/tp1/config
[3.126s] -- Up-to-date: /root/ros2_ws/install/tp1/share/tp1/config/p3dx.rviz
[3.126s] -- Up-to-date: /root/ros2_ws/install/tp1/share/ament_index/resource_index/package_run_dependencies/tp1
[3.126s] -- Up-to-date: /root/ros2_ws/install/tp1/share/ament_index/resource_index/parent_prefix_path/tp1
[3.126s] -- Up-to-date: /root/ros2_ws/install/tp1/share/tp1/environment/ament_prefix_path.sh
[3.126s] -- Up-to-date: /root/ros2_ws/install/tp1/share/tp1/environment/ament_prefix_path.dsv
[3.127s] -- Up-to-date: /root/ros2_ws/install/tp1/share/tp1/environment/path.sh
[3.127s] -- Up-to-date: /root/ros2_ws/install/tp1/share/tp1/environment/path.dsv
[3.127s] -- Up-to-date: /root/ros2_ws/install/tp1/share/tp1/local_setup.bash
[3.127s] -- Up-to-date: /root/ros2_ws/install/tp1/share/tp1/local_setup.sh
[3.127s] -- Up-to-date: /root/ros2_ws/install/tp1/share/tp1/local_setup.zsh
[3.127s] -- Up-to-date: /root/ros2_ws/install/tp1/share/tp1/local_setup.dsv
[3.127s] -- Installing: /root/ros2_ws/install/tp1/share/tp1/package.dsv
[3.127s] -- Up-to-date: /root/ros2_ws/install/tp1/share/ament_index/resource_index/packages/tp1
[3.127s] -- Up-to-date: /root/ros2_ws/install/tp1/share/tp1/cmake/tp1Config.cmake
[3.127s] -- Up-to-date: /root/ros2_ws/install/tp1/share/tp1/cmake/tp1Config-version.cmake
[3.127s] -- Up-to-date: /root/ros2_ws/install/tp1/share/tp1/package.xml
[3.128s] Invoked command in '/root/ros2_ws/build/tp1' returned '0': CMAKE_PREFIX_PATH=${CMAKE_PREFIX_PATH}:/root/ros2_ws/install/py_pubsub:/root/ros2_ws/src/py_pubsub/install/py_pubsub:/opt/ros/jazzy /usr/bin/cmake --install /root/ros2_ws/build/tp1
