[0.009s] Invoking command in '/root/ros2_ws/build/phi_aria': CMAKE_PREFIX_PATH=${CMAKE_PREFIX_PATH}:/opt/ros/jazzy /usr/bin/cmake --build /root/ros2_ws/build/phi_aria -- -j16 -l16
[0.041s] [100%] Built target phi_p3dx
[0.046s] Invoked command in '/root/ros2_ws/build/phi_aria' returned '0': CMAKE_PREFIX_PATH=${CMAKE_PREFIX_PATH}:/opt/ros/jazzy /usr/bin/cmake --build /root/ros2_ws/build/phi_aria -- -j16 -l16
[0.052s] Invoking command in '/root/ros2_ws/build/phi_aria': CMAKE_PREFIX_PATH=${CMAKE_PREFIX_PATH}:/opt/ros/jazzy /usr/bin/cmake --install /root/ros2_ws/build/phi_aria
[0.055s] -- Install configuration: ""
[0.056s] -- Up-to-date: /root/ros2_ws/install/phi_aria/lib/phi_aria/phi_p3dx
[0.056s] -- Up-to-date: /root/ros2_ws/install/phi_aria/share/phi_aria/description
[0.056s] -- Up-to-date: /root/ros2_ws/install/phi_aria/share/phi_aria/description/sensors_meshes
[0.056s] -- Up-to-date: /root/ros2_ws/install/phi_aria/share/phi_aria/description/sensors_meshes/sick_lms100.stl
[0.056s] -- Up-to-date: /root/ros2_ws/install/phi_aria/share/phi_aria/description/urdf
[0.056s] -- Up-to-date: /root/ros2_ws/install/phi_aria/share/phi_aria/description/urdf/sick_lms100.urdf.xacro
[0.057s] -- Up-to-date: /root/ros2_ws/install/phi_aria/share/phi_aria/description/urdf/pioneer3dx_wheel.xacro
[0.057s] -- Up-to-date: /root/ros2_ws/install/phi_aria/share/phi_aria/description/urdf/common.xacro
[0.057s] -- Up-to-date: /root/ros2_ws/install/phi_aria/share/phi_aria/description/urdf/p3dx.urdf.xacro
[0.057s] -- Up-to-date: /root/ros2_ws/install/phi_aria/share/phi_aria/description/p3dx_meshes
[0.057s] -- Up-to-date: /root/ros2_ws/install/phi_aria/share/phi_aria/description/p3dx_meshes/back_rim.stl
[0.057s] -- Up-to-date: /root/ros2_ws/install/phi_aria/share/phi_aria/description/p3dx_meshes/caster_wheel.stl
[0.058s] -- Up-to-date: /root/ros2_ws/install/phi_aria/share/phi_aria/description/p3dx_meshes/caster_swivel.stl
[0.058s] -- Up-to-date: /root/ros2_ws/install/phi_aria/share/phi_aria/description/p3dx_meshes/caster_hubcap.stl
[0.058s] -- Up-to-date: /root/ros2_ws/install/phi_aria/share/phi_aria/description/p3dx_meshes/chassis.stl
[0.058s] -- Up-to-date: /root/ros2_ws/install/phi_aria/share/phi_aria/description/p3dx_meshes/right_hubcap.stl
[0.058s] -- Up-to-date: /root/ros2_ws/install/phi_aria/share/phi_aria/description/p3dx_meshes/left_wheel.stl
[0.058s] -- Up-to-date: /root/ros2_ws/install/phi_aria/share/phi_aria/description/p3dx_meshes/front_rim.stl
[0.059s] -- Up-to-date: /root/ros2_ws/install/phi_aria/share/phi_aria/description/p3dx_meshes/top.stl
[0.059s] -- Up-to-date: /root/ros2_ws/install/phi_aria/share/phi_aria/description/p3dx_meshes/right_wheel.stl
[0.059s] -- Up-to-date: /root/ros2_ws/install/phi_aria/share/phi_aria/description/p3dx_meshes/back_sonar.stl
[0.059s] -- Up-to-date: /root/ros2_ws/install/phi_aria/share/phi_aria/description/p3dx_meshes/left_hubcap.stl
[0.059s] -- Up-to-date: /root/ros2_ws/install/phi_aria/share/phi_aria/description/p3dx_meshes/front_sonar.stl
[0.059s] -- Up-to-date: /root/ros2_ws/install/phi_aria/share/ament_index/resource_index/package_run_dependencies/phi_aria
[0.060s] -- Up-to-date: /root/ros2_ws/install/phi_aria/share/ament_index/resource_index/parent_prefix_path/phi_aria
[0.060s] -- Up-to-date: /root/ros2_ws/install/phi_aria/share/phi_aria/environment/ament_prefix_path.sh
[0.060s] -- Up-to-date: /root/ros2_ws/install/phi_aria/share/phi_aria/environment/ament_prefix_path.dsv
[0.060s] -- Up-to-date: /root/ros2_ws/install/phi_aria/share/phi_aria/environment/path.sh
[0.060s] -- Up-to-date: /root/ros2_ws/install/phi_aria/share/phi_aria/environment/path.dsv
[0.060s] -- Up-to-date: /root/ros2_ws/install/phi_aria/share/phi_aria/local_setup.bash
[0.060s] -- Up-to-date: /root/ros2_ws/install/phi_aria/share/phi_aria/local_setup.sh
[0.061s] -- Up-to-date: /root/ros2_ws/install/phi_aria/share/phi_aria/local_setup.zsh
[0.061s] -- Up-to-date: /root/ros2_ws/install/phi_aria/share/phi_aria/local_setup.dsv
[0.061s] -- Installing: /root/ros2_ws/install/phi_aria/share/phi_aria/package.dsv
[0.061s] -- Up-to-date: /root/ros2_ws/install/phi_aria/share/ament_index/resource_index/packages/phi_aria
[0.061s] -- Up-to-date: /root/ros2_ws/install/phi_aria/share/phi_aria/cmake/phi_ariaConfig.cmake
[0.061s] -- Up-to-date: /root/ros2_ws/install/phi_aria/share/phi_aria/cmake/phi_ariaConfig-version.cmake
[0.062s] -- Up-to-date: /root/ros2_ws/install/phi_aria/share/phi_aria/package.xml
[0.062s] Invoked command in '/root/ros2_ws/build/phi_aria' returned '0': CMAKE_PREFIX_PATH=${CMAKE_PREFIX_PATH}:/opt/ros/jazzy /usr/bin/cmake --install /root/ros2_ws/build/phi_aria
