[0.143s] Invoking command in '/root/ros2_ws/build/tp1': CMAKE_PREFIX_PATH=${CMAKE_PREFIX_PATH}:/root/ros2_ws/install/py_pubsub:/root/ros2_ws/src/py_pubsub/install/py_pubsub:/opt/ros/jazzy /usr/bin/cmake --build /root/ros2_ws/build/tp1 -- -j16 -l16
[0.224s] [ 40%] [32mBuilding CXX object CMakeFiles/navigation.dir/src/Perception.cpp.o[0m
[0.224s] [ 40%] [32mBuilding CXX object CMakeFiles/navigation.dir/src/main.cpp.o[0m
[8.402s] [ 60%] [32m[1mLinking CXX executable navigation[0m
[8.877s] [100%] Built target navigation
[8.889s] Invoked command in '/root/ros2_ws/build/tp1' returned '0': CMAKE_PREFIX_PATH=${CMAKE_PREFIX_PATH}:/root/ros2_ws/install/py_pubsub:/root/ros2_ws/src/py_pubsub/install/py_pubsub:/opt/ros/jazzy /usr/bin/cmake --build /root/ros2_ws/build/tp1 -- -j16 -l16
[8.890s] Invoking command in '/root/ros2_ws/build/tp1': CMAKE_PREFIX_PATH=${CMAKE_PREFIX_PATH}:/root/ros2_ws/install/py_pubsub:/root/ros2_ws/src/py_pubsub/install/py_pubsub:/opt/ros/jazzy /usr/bin/cmake --install /root/ros2_ws/build/tp1
[8.898s] -- Install configuration: ""
[8.899s] -- Installing: /root/ros2_ws/install/tp1/lib/tp1/navigation
[8.916s] -- Set non-toolchain portion of runtime path of "/root/ros2_ws/install/tp1/lib/tp1/navigation" to ""
[8.916s] -- Up-to-date: /root/ros2_ws/install/tp1/share/tp1/launch
[8.917s] -- Up-to-date: /root/ros2_ws/install/tp1/share/tp1/launch/p3dx-rosaria.launch.py
[8.917s] -- Up-to-date: /root/ros2_ws/install/tp1/share/tp1/config
[8.917s] -- Up-to-date: /root/ros2_ws/install/tp1/share/tp1/config/p3dx.rviz
[8.917s] -- Up-to-date: /root/ros2_ws/install/tp1/share/ament_index/resource_index/package_run_dependencies/tp1
[8.917s] -- Up-to-date: /root/ros2_ws/install/tp1/share/ament_index/resource_index/parent_prefix_path/tp1
[8.917s] -- Up-to-date: /root/ros2_ws/install/tp1/share/tp1/environment/ament_prefix_path.sh
[8.917s] -- Up-to-date: /root/ros2_ws/install/tp1/share/tp1/environment/ament_prefix_path.dsv
[8.917s] -- Up-to-date: /root/ros2_ws/install/tp1/share/tp1/environment/path.sh
[8.917s] -- Up-to-date: /root/ros2_ws/install/tp1/share/tp1/environment/path.dsv
[8.917s] -- Up-to-date: /root/ros2_ws/install/tp1/share/tp1/local_setup.bash
[8.918s] -- Up-to-date: /root/ros2_ws/install/tp1/share/tp1/local_setup.sh
[8.918s] -- Up-to-date: /root/ros2_ws/install/tp1/share/tp1/local_setup.zsh
[8.918s] -- Up-to-date: /root/ros2_ws/install/tp1/share/tp1/local_setup.dsv
[8.918s] -- Installing: /root/ros2_ws/install/tp1/share/tp1/package.dsv
[8.918s] -- Up-to-date: /root/ros2_ws/install/tp1/share/ament_index/resource_index/packages/tp1
[8.918s] -- Up-to-date: /root/ros2_ws/install/tp1/share/tp1/cmake/tp1Config.cmake
[8.918s] -- Up-to-date: /root/ros2_ws/install/tp1/share/tp1/cmake/tp1Config-version.cmake
[8.918s] -- Up-to-date: /root/ros2_ws/install/tp1/share/tp1/package.xml
[8.919s] Invoked command in '/root/ros2_ws/build/tp1' returned '0': CMAKE_PREFIX_PATH=${CMAKE_PREFIX_PATH}:/root/ros2_ws/install/py_pubsub:/root/ros2_ws/src/py_pubsub/install/py_pubsub:/opt/ros/jazzy /usr/bin/cmake --install /root/ros2_ws/build/tp1
