[0.147s] DEBUG:colcon:Command line arguments: ['/usr/bin/colcon', 'build']
[0.147s] DEBUG:colcon:Parsed command line arguments: Namespace(log_base=None, log_level=None, verb_name='build', build_base='build', install_base='install', merge_install=False, symlink_install=False, test_result_base=None, continue_on_error=False, executor='parallel', parallel_workers=16, event_handlers=None, ignore_user_meta=False, metas=['./colcon.meta'], base_paths=['.'], packages_ignore=None, packages_ignore_regex=None, paths=None, packages_up_to=None, packages_up_to_regex=None, packages_above=None, packages_above_and_dependencies=None, packages_above_depth=None, packages_select_by_dep=None, packages_skip_by_dep=None, packages_skip_up_to=None, packages_select_build_failed=False, packages_skip_build_finished=False, packages_select_test_failures=False, packages_skip_test_passed=False, packages_select=None, packages_skip=None, packages_select_regex=None, packages_skip_regex=None, packages_start=None, packages_end=None, allow_overriding=[], cmake_args=None, cmake_target=None, cmake_target_skip_unavailable=False, cmake_clean_cache=False, cmake_clean_first=False, cmake_force_configure=False, ament_cmake_args=None, catkin_cmake_args=None, catkin_skip_building_tests=False, mixin_files=None, mixin=None, verb_parser=<colcon_mixin.mixin.mixin_argument.MixinArgumentDecorator object at 0x7e8072671ee0>, verb_extension=<colcon_core.verb.build.BuildVerb object at 0x7e8072671820>, main=<bound method BuildVerb.main of <colcon_core.verb.build.BuildVerb object at 0x7e8072671820>>, mixin_verb=('build',))
[0.176s] Level 1:colcon.colcon_core.package_discovery:discover_packages(colcon_meta) check parameters
[0.176s] Level 1:colcon.colcon_core.package_discovery:discover_packages(recursive) check parameters
[0.176s] Level 1:colcon.colcon_core.package_discovery:discover_packages(ignore) check parameters
[0.176s] Level 1:colcon.colcon_core.package_discovery:discover_packages(path) check parameters
[0.176s] Level 1:colcon.colcon_core.package_discovery:discover_packages(colcon_meta) discover
[0.176s] Level 1:colcon.colcon_core.package_discovery:discover_packages(recursive) discover
[0.176s] INFO:colcon.colcon_core.package_discovery:Crawling recursively for packages in '/root/ros2_ws/src'
[0.176s] Level 1:colcon.colcon_core.package_identification:_identify(.) by extensions ['ignore', 'ignore_ament_install']
[0.176s] Level 1:colcon.colcon_core.package_identification:_identify(.) by extension 'ignore'
[0.176s] Level 1:colcon.colcon_core.package_identification:_identify(.) by extension 'ignore_ament_install'
[0.176s] Level 1:colcon.colcon_core.package_identification:_identify(.) by extensions ['colcon_pkg']
[0.176s] Level 1:colcon.colcon_core.package_identification:_identify(.) by extension 'colcon_pkg'
[0.176s] Level 1:colcon.colcon_core.package_identification:_identify(.) by extensions ['colcon_meta']
[0.176s] Level 1:colcon.colcon_core.package_identification:_identify(.) by extension 'colcon_meta'
[0.176s] Level 1:colcon.colcon_core.package_identification:_identify(.) by extensions ['ros']
[0.176s] Level 1:colcon.colcon_core.package_identification:_identify(.) by extension 'ros'
[0.194s] Level 1:colcon.colcon_core.package_identification:_identify(.) by extensions ['cmake', 'python']
[0.194s] Level 1:colcon.colcon_core.package_identification:_identify(.) by extension 'cmake'
[0.194s] Level 1:colcon.colcon_core.package_identification:_identify(.) by extension 'python'
[0.194s] Level 1:colcon.colcon_core.package_identification:_identify(.) by extensions ['python_setup_py']
[0.194s] Level 1:colcon.colcon_core.package_identification:_identify(.) by extension 'python_setup_py'
[0.194s] Level 1:colcon.colcon_core.package_identification:_identify(build) by extensions ['ignore', 'ignore_ament_install']
[0.194s] Level 1:colcon.colcon_core.package_identification:_identify(build) by extension 'ignore'
[0.194s] Level 1:colcon.colcon_core.package_identification:_identify(build) ignored
[0.194s] Level 1:colcon.colcon_core.package_identification:_identify(install) by extensions ['ignore', 'ignore_ament_install']
[0.194s] Level 1:colcon.colcon_core.package_identification:_identify(install) by extension 'ignore'
[0.194s] Level 1:colcon.colcon_core.package_identification:_identify(install) ignored
[0.195s] Level 1:colcon.colcon_core.package_identification:_identify(log) by extensions ['ignore', 'ignore_ament_install']
[0.195s] Level 1:colcon.colcon_core.package_identification:_identify(log) by extension 'ignore'
[0.195s] Level 1:colcon.colcon_core.package_identification:_identify(log) ignored
[0.195s] Level 1:colcon.colcon_core.package_identification:_identify(phi_aria) by extensions ['ignore', 'ignore_ament_install']
[0.195s] Level 1:colcon.colcon_core.package_identification:_identify(phi_aria) by extension 'ignore'
[0.195s] Level 1:colcon.colcon_core.package_identification:_identify(phi_aria) by extension 'ignore_ament_install'
[0.195s] Level 1:colcon.colcon_core.package_identification:_identify(phi_aria) by extensions ['colcon_pkg']
[0.195s] Level 1:colcon.colcon_core.package_identification:_identify(phi_aria) by extension 'colcon_pkg'
[0.195s] Level 1:colcon.colcon_core.package_identification:_identify(phi_aria) by extensions ['colcon_meta']
[0.195s] Level 1:colcon.colcon_core.package_identification:_identify(phi_aria) by extension 'colcon_meta'
[0.195s] Level 1:colcon.colcon_core.package_identification:_identify(phi_aria) by extensions ['ros']
[0.195s] Level 1:colcon.colcon_core.package_identification:_identify(phi_aria) by extension 'ros'
[0.196s] DEBUG:colcon.colcon_core.package_identification:Package 'phi_aria' with type 'ros.ament_cmake' and name 'phi_aria'
[0.197s] Level 1:colcon.colcon_core.package_identification:_identify(py_pubsub) by extensions ['ignore', 'ignore_ament_install']
[0.197s] Level 1:colcon.colcon_core.package_identification:_identify(py_pubsub) by extension 'ignore'
[0.197s] Level 1:colcon.colcon_core.package_identification:_identify(py_pubsub) by extension 'ignore_ament_install'
[0.197s] Level 1:colcon.colcon_core.package_identification:_identify(py_pubsub) by extensions ['colcon_pkg']
[0.197s] Level 1:colcon.colcon_core.package_identification:_identify(py_pubsub) by extension 'colcon_pkg'
[0.197s] Level 1:colcon.colcon_core.package_identification:_identify(py_pubsub) by extensions ['colcon_meta']
[0.197s] Level 1:colcon.colcon_core.package_identification:_identify(py_pubsub) by extension 'colcon_meta'
[0.197s] Level 1:colcon.colcon_core.package_identification:_identify(py_pubsub) by extensions ['ros']
[0.197s] Level 1:colcon.colcon_core.package_identification:_identify(py_pubsub) by extension 'ros'
[0.197s] DEBUG:colcon.colcon_core.package_identification:Package 'py_pubsub' with type 'ros.ament_python' and name 'py_pubsub'
[0.197s] Level 1:colcon.colcon_core.package_identification:_identify(tp1) by extensions ['ignore', 'ignore_ament_install']
[0.197s] Level 1:colcon.colcon_core.package_identification:_identify(tp1) by extension 'ignore'
[0.197s] Level 1:colcon.colcon_core.package_identification:_identify(tp1) by extension 'ignore_ament_install'
[0.198s] Level 1:colcon.colcon_core.package_identification:_identify(tp1) by extensions ['colcon_pkg']
[0.198s] Level 1:colcon.colcon_core.package_identification:_identify(tp1) by extension 'colcon_pkg'
[0.198s] Level 1:colcon.colcon_core.package_identification:_identify(tp1) by extensions ['colcon_meta']
[0.198s] Level 1:colcon.colcon_core.package_identification:_identify(tp1) by extension 'colcon_meta'
[0.198s] Level 1:colcon.colcon_core.package_identification:_identify(tp1) by extensions ['ros']
[0.198s] Level 1:colcon.colcon_core.package_identification:_identify(tp1) by extension 'ros'
[0.198s] DEBUG:colcon.colcon_core.package_identification:Package 'tp1' with type 'ros.ament_cmake' and name 'tp1'
[0.198s] Level 1:colcon.colcon_core.package_discovery:discover_packages(recursive) using defaults
[0.198s] Level 1:colcon.colcon_core.package_discovery:discover_packages(ignore) discover
[0.198s] Level 1:colcon.colcon_core.package_discovery:discover_packages(ignore) using defaults
[0.198s] Level 1:colcon.colcon_core.package_discovery:discover_packages(path) discover
[0.198s] Level 1:colcon.colcon_core.package_discovery:discover_packages(path) using defaults
[0.209s] Level 1:colcon.colcon_core.package_discovery:discover_packages(prefix_path) check parameters
[0.209s] Level 1:colcon.colcon_core.package_discovery:discover_packages(prefix_path) discover
[0.210s] DEBUG:colcon.colcon_installed_package_information.package_discovery:Found 3 installed packages in /root/ros2_ws/install
[0.210s] DEBUG:colcon.colcon_installed_package_information.package_discovery:Found 1 installed packages in /root/ros2_ws/src/py_pubsub/install
[0.212s] DEBUG:colcon.colcon_installed_package_information.package_discovery:Found 322 installed packages in /opt/ros/jazzy
[0.212s] Level 1:colcon.colcon_core.package_discovery:discover_packages(prefix_path) using defaults
[0.241s] Level 5:colcon.colcon_core.verb:set package 'phi_aria' build argument 'cmake_args' from command line to 'None'
[0.241s] Level 5:colcon.colcon_core.verb:set package 'phi_aria' build argument 'cmake_target' from command line to 'None'
[0.241s] Level 5:colcon.colcon_core.verb:set package 'phi_aria' build argument 'cmake_target_skip_unavailable' from command line to 'False'
[0.241s] Level 5:colcon.colcon_core.verb:set package 'phi_aria' build argument 'cmake_clean_cache' from command line to 'False'
[0.241s] Level 5:colcon.colcon_core.verb:set package 'phi_aria' build argument 'cmake_clean_first' from command line to 'False'
[0.241s] Level 5:colcon.colcon_core.verb:set package 'phi_aria' build argument 'cmake_force_configure' from command line to 'False'
[0.241s] Level 5:colcon.colcon_core.verb:set package 'phi_aria' build argument 'ament_cmake_args' from command line to 'None'
[0.241s] Level 5:colcon.colcon_core.verb:set package 'phi_aria' build argument 'catkin_cmake_args' from command line to 'None'
[0.241s] Level 5:colcon.colcon_core.verb:set package 'phi_aria' build argument 'catkin_skip_building_tests' from command line to 'False'
[0.241s] DEBUG:colcon.colcon_core.verb:Building package 'phi_aria' with the following arguments: {'ament_cmake_args': None, 'build_base': '/root/ros2_ws/src/build/phi_aria', 'catkin_cmake_args': None, 'catkin_skip_building_tests': False, 'cmake_args': None, 'cmake_clean_cache': False, 'cmake_clean_first': False, 'cmake_force_configure': False, 'cmake_target': None, 'cmake_target_skip_unavailable': False, 'install_base': '/root/ros2_ws/src/install/phi_aria', 'merge_install': False, 'path': '/root/ros2_ws/src/phi_aria', 'symlink_install': False, 'test_result_base': None}
[0.241s] Level 5:colcon.colcon_core.verb:set package 'py_pubsub' build argument 'cmake_args' from command line to 'None'
[0.241s] Level 5:colcon.colcon_core.verb:set package 'py_pubsub' build argument 'cmake_target' from command line to 'None'
[0.241s] Level 5:colcon.colcon_core.verb:set package 'py_pubsub' build argument 'cmake_target_skip_unavailable' from command line to 'False'
[0.241s] Level 5:colcon.colcon_core.verb:set package 'py_pubsub' build argument 'cmake_clean_cache' from command line to 'False'
[0.241s] Level 5:colcon.colcon_core.verb:set package 'py_pubsub' build argument 'cmake_clean_first' from command line to 'False'
[0.241s] Level 5:colcon.colcon_core.verb:set package 'py_pubsub' build argument 'cmake_force_configure' from command line to 'False'
[0.241s] Level 5:colcon.colcon_core.verb:set package 'py_pubsub' build argument 'ament_cmake_args' from command line to 'None'
[0.241s] Level 5:colcon.colcon_core.verb:set package 'py_pubsub' build argument 'catkin_cmake_args' from command line to 'None'
[0.241s] Level 5:colcon.colcon_core.verb:set package 'py_pubsub' build argument 'catkin_skip_building_tests' from command line to 'False'
[0.241s] DEBUG:colcon.colcon_core.verb:Building package 'py_pubsub' with the following arguments: {'ament_cmake_args': None, 'build_base': '/root/ros2_ws/src/build/py_pubsub', 'catkin_cmake_args': None, 'catkin_skip_building_tests': False, 'cmake_args': None, 'cmake_clean_cache': False, 'cmake_clean_first': False, 'cmake_force_configure': False, 'cmake_target': None, 'cmake_target_skip_unavailable': False, 'install_base': '/root/ros2_ws/src/install/py_pubsub', 'merge_install': False, 'path': '/root/ros2_ws/src/py_pubsub', 'symlink_install': False, 'test_result_base': None}
[0.242s] Level 5:colcon.colcon_core.verb:set package 'tp1' build argument 'cmake_args' from command line to 'None'
[0.242s] Level 5:colcon.colcon_core.verb:set package 'tp1' build argument 'cmake_target' from command line to 'None'
[0.242s] Level 5:colcon.colcon_core.verb:set package 'tp1' build argument 'cmake_target_skip_unavailable' from command line to 'False'
[0.242s] Level 5:colcon.colcon_core.verb:set package 'tp1' build argument 'cmake_clean_cache' from command line to 'False'
[0.242s] Level 5:colcon.colcon_core.verb:set package 'tp1' build argument 'cmake_clean_first' from command line to 'False'
[0.242s] Level 5:colcon.colcon_core.verb:set package 'tp1' build argument 'cmake_force_configure' from command line to 'False'
[0.242s] Level 5:colcon.colcon_core.verb:set package 'tp1' build argument 'ament_cmake_args' from command line to 'None'
[0.242s] Level 5:colcon.colcon_core.verb:set package 'tp1' build argument 'catkin_cmake_args' from command line to 'None'
[0.242s] Level 5:colcon.colcon_core.verb:set package 'tp1' build argument 'catkin_skip_building_tests' from command line to 'False'
[0.242s] DEBUG:colcon.colcon_core.verb:Building package 'tp1' with the following arguments: {'ament_cmake_args': None, 'build_base': '/root/ros2_ws/src/build/tp1', 'catkin_cmake_args': None, 'catkin_skip_building_tests': False, 'cmake_args': None, 'cmake_clean_cache': False, 'cmake_clean_first': False, 'cmake_force_configure': False, 'cmake_target': None, 'cmake_target_skip_unavailable': False, 'install_base': '/root/ros2_ws/src/install/tp1', 'merge_install': False, 'path': '/root/ros2_ws/src/tp1', 'symlink_install': False, 'test_result_base': None}
[0.242s] INFO:colcon.colcon_core.executor:Executing jobs using 'parallel' executor
[0.243s] DEBUG:colcon.colcon_parallel_executor.executor.parallel:run_until_complete
[0.243s] INFO:colcon.colcon_ros.task.ament_cmake.build:Building ROS package in '/root/ros2_ws/src/phi_aria' with build type 'ament_cmake'
[0.243s] INFO:colcon.colcon_cmake.task.cmake.build:Building CMake package in '/root/ros2_ws/src/phi_aria'
[0.245s] INFO:colcon.colcon_core.plugin_system:Skipping extension 'colcon_core.shell.bat': Not used on non-Windows systems
[0.245s] INFO:colcon.colcon_core.shell:Skip shell extension 'powershell' for command environment: Not usable outside of PowerShell
[0.245s] DEBUG:colcon.colcon_core.shell:Skip shell extension 'dsv' for command environment
[0.248s] INFO:colcon.colcon_ros.task.ament_python.build:Building ROS package in '/root/ros2_ws/src/py_pubsub' with build type 'ament_python'
[0.249s] Level 1:colcon.colcon_core.shell:create_environment_hook('py_pubsub', 'ament_prefix_path')
[0.249s] INFO:colcon.colcon_core.shell:Creating environment hook '/root/ros2_ws/src/install/py_pubsub/share/py_pubsub/hook/ament_prefix_path.ps1'
[0.251s] INFO:colcon.colcon_core.shell:Creating environment descriptor '/root/ros2_ws/src/install/py_pubsub/share/py_pubsub/hook/ament_prefix_path.dsv'
[0.251s] INFO:colcon.colcon_core.shell:Creating environment hook '/root/ros2_ws/src/install/py_pubsub/share/py_pubsub/hook/ament_prefix_path.sh'
[0.251s] INFO:colcon.colcon_core.shell:Skip shell extension 'powershell' for command environment: Not usable outside of PowerShell
[0.251s] DEBUG:colcon.colcon_core.shell:Skip shell extension 'dsv' for command environment
[0.254s] INFO:colcon.colcon_ros.task.ament_cmake.build:Building ROS package in '/root/ros2_ws/src/tp1' with build type 'ament_cmake'
[0.254s] INFO:colcon.colcon_cmake.task.cmake.build:Building CMake package in '/root/ros2_ws/src/tp1'
[0.255s] INFO:colcon.colcon_core.shell:Skip shell extension 'powershell' for command environment: Not usable outside of PowerShell
[0.255s] DEBUG:colcon.colcon_core.shell:Skip shell extension 'dsv' for command environment
[0.263s] DEBUG:colcon.colcon_core.event_handler.log_command:Invoking command in '/root/ros2_ws/src/build/phi_aria': CMAKE_PREFIX_PATH=${CMAKE_PREFIX_PATH}:/root/ros2_ws/install/py_pubsub:/root/ros2_ws/src/py_pubsub/install/py_pubsub:/opt/ros/jazzy /usr/bin/cmake --build /root/ros2_ws/src/build/phi_aria -- -j16 -l16
[0.395s] INFO:colcon.colcon_core.task.python.build:Building Python package in '/root/ros2_ws/src/py_pubsub'
[0.395s] INFO:colcon.colcon_core.shell:Skip shell extension 'powershell' for command environment: Not usable outside of PowerShell
[0.395s] DEBUG:colcon.colcon_core.shell:Skip shell extension 'dsv' for command environment
[0.405s] DEBUG:colcon.colcon_core.event_handler.log_command:Invoking command in '/root/ros2_ws/src/build/tp1': CMAKE_PREFIX_PATH=${CMAKE_PREFIX_PATH}:/root/ros2_ws/install/py_pubsub:/root/ros2_ws/src/py_pubsub/install/py_pubsub:/opt/ros/jazzy /usr/bin/cmake --build /root/ros2_ws/src/build/tp1 -- -j16 -l16
[0.809s] DEBUG:colcon.colcon_core.event_handler.log_command:Invoking command in '/root/ros2_ws/src/py_pubsub': PYTHONPATH=/root/ros2_ws/src/build/py_pubsub/prefix_override:/usr/lib/python3/dist-packages/colcon_core/task/python/colcon_distutils_commands:/root/ros2_ws/src/install/py_pubsub/lib/python3.12/site-packages:${PYTHONPATH} /usr/bin/python3 -W ignore:setup.py install is deprecated -W ignore:easy_install command is deprecated setup.py egg_info --egg-base ../build/py_pubsub build --build-base /root/ros2_ws/src/build/py_pubsub/build install --record /root/ros2_ws/src/build/py_pubsub/install.log --single-version-externally-managed install_data
[1.197s] DEBUG:colcon.colcon_core.event_handler.log_command:Invoked command in '/root/ros2_ws/src/py_pubsub' returned '0': PYTHONPATH=/root/ros2_ws/src/build/py_pubsub/prefix_override:/usr/lib/python3/dist-packages/colcon_core/task/python/colcon_distutils_commands:/root/ros2_ws/src/install/py_pubsub/lib/python3.12/site-packages:${PYTHONPATH} /usr/bin/python3 -W ignore:setup.py install is deprecated -W ignore:easy_install command is deprecated setup.py egg_info --egg-base ../build/py_pubsub build --build-base /root/ros2_ws/src/build/py_pubsub/build install --record /root/ros2_ws/src/build/py_pubsub/install.log --single-version-externally-managed install_data
[1.199s] Level 1:colcon.colcon_core.environment:checking '/root/ros2_ws/src/install/py_pubsub' for CMake module files
[1.199s] Level 1:colcon.colcon_core.environment:checking '/root/ros2_ws/src/install/py_pubsub' for CMake config files
[1.200s] Level 1:colcon.colcon_core.environment:checking '/root/ros2_ws/src/install/py_pubsub/lib'
[1.200s] Level 1:colcon.colcon_core.environment:checking '/root/ros2_ws/src/install/py_pubsub/bin'
[1.200s] Level 1:colcon.colcon_core.environment:checking '/root/ros2_ws/src/install/py_pubsub/lib/pkgconfig/py_pubsub.pc'
[1.200s] Level 1:colcon.colcon_core.environment:checking '/root/ros2_ws/src/install/py_pubsub/lib/python3.12/site-packages'
[1.200s] Level 1:colcon.colcon_core.shell:create_environment_hook('py_pubsub', 'pythonpath')
[1.201s] INFO:colcon.colcon_core.shell:Creating environment hook '/root/ros2_ws/src/install/py_pubsub/share/py_pubsub/hook/pythonpath.ps1'
[1.201s] INFO:colcon.colcon_core.shell:Creating environment descriptor '/root/ros2_ws/src/install/py_pubsub/share/py_pubsub/hook/pythonpath.dsv'
[1.201s] INFO:colcon.colcon_core.shell:Creating environment hook '/root/ros2_ws/src/install/py_pubsub/share/py_pubsub/hook/pythonpath.sh'
[1.202s] Level 1:colcon.colcon_core.environment:checking '/root/ros2_ws/src/install/py_pubsub/bin'
[1.202s] Level 1:colcon.colcon_core.environment:create_environment_scripts_only(py_pubsub)
[1.202s] INFO:colcon.colcon_core.shell:Creating package script '/root/ros2_ws/src/install/py_pubsub/share/py_pubsub/package.ps1'
[1.202s] INFO:colcon.colcon_core.shell:Creating package descriptor '/root/ros2_ws/src/install/py_pubsub/share/py_pubsub/package.dsv'
[1.203s] INFO:colcon.colcon_core.shell:Creating package script '/root/ros2_ws/src/install/py_pubsub/share/py_pubsub/package.sh'
[1.203s] INFO:colcon.colcon_core.shell:Creating package script '/root/ros2_ws/src/install/py_pubsub/share/py_pubsub/package.bash'
[1.204s] INFO:colcon.colcon_core.shell:Creating package script '/root/ros2_ws/src/install/py_pubsub/share/py_pubsub/package.zsh'
[1.204s] Level 1:colcon.colcon_core.environment:create_file_with_runtime_dependencies(/root/ros2_ws/src/install/py_pubsub/share/colcon-core/packages/py_pubsub)
[9.440s] DEBUG:colcon.colcon_core.event_handler.log_command:Invoked command in '/root/ros2_ws/src/build/phi_aria' returned '0': CMAKE_PREFIX_PATH=${CMAKE_PREFIX_PATH}:/root/ros2_ws/install/py_pubsub:/root/ros2_ws/src/py_pubsub/install/py_pubsub:/opt/ros/jazzy /usr/bin/cmake --build /root/ros2_ws/src/build/phi_aria -- -j16 -l16
[9.453s] DEBUG:colcon.colcon_core.event_handler.log_command:Invoking command in '/root/ros2_ws/src/build/phi_aria': CMAKE_PREFIX_PATH=${CMAKE_PREFIX_PATH}:/root/ros2_ws/install/py_pubsub:/root/ros2_ws/src/py_pubsub/install/py_pubsub:/opt/ros/jazzy /usr/bin/cmake --install /root/ros2_ws/src/build/phi_aria
[9.504s] Level 1:colcon.colcon_core.environment:create_environment_scripts_only(phi_aria)
[9.504s] Level 1:colcon.colcon_core.environment:checking '/root/ros2_ws/src/install/phi_aria' for CMake module files
[9.505s] DEBUG:colcon.colcon_core.event_handler.log_command:Invoked command in '/root/ros2_ws/src/build/phi_aria' returned '0': CMAKE_PREFIX_PATH=${CMAKE_PREFIX_PATH}:/root/ros2_ws/install/py_pubsub:/root/ros2_ws/src/py_pubsub/install/py_pubsub:/opt/ros/jazzy /usr/bin/cmake --install /root/ros2_ws/src/build/phi_aria
[9.505s] Level 1:colcon.colcon_core.environment:checking '/root/ros2_ws/src/install/phi_aria' for CMake config files
[9.505s] Level 1:colcon.colcon_core.shell:create_environment_hook('phi_aria', 'cmake_prefix_path')
[9.506s] INFO:colcon.colcon_core.shell:Creating environment hook '/root/ros2_ws/src/install/phi_aria/share/phi_aria/hook/cmake_prefix_path.ps1'
[9.506s] INFO:colcon.colcon_core.shell:Creating environment descriptor '/root/ros2_ws/src/install/phi_aria/share/phi_aria/hook/cmake_prefix_path.dsv'
[9.506s] INFO:colcon.colcon_core.shell:Creating environment hook '/root/ros2_ws/src/install/phi_aria/share/phi_aria/hook/cmake_prefix_path.sh'
[9.507s] Level 1:colcon.colcon_core.environment:checking '/root/ros2_ws/src/install/phi_aria/lib'
[9.507s] Level 1:colcon.colcon_core.environment:checking '/root/ros2_ws/src/install/phi_aria/bin'
[9.507s] Level 1:colcon.colcon_core.environment:checking '/root/ros2_ws/src/install/phi_aria/lib/pkgconfig/phi_aria.pc'
[9.507s] Level 1:colcon.colcon_core.environment:checking '/root/ros2_ws/src/install/phi_aria/lib/python3.12/site-packages'
[9.507s] Level 1:colcon.colcon_core.environment:checking '/root/ros2_ws/src/install/phi_aria/bin'
[9.507s] INFO:colcon.colcon_core.shell:Creating package script '/root/ros2_ws/src/install/phi_aria/share/phi_aria/package.ps1'
[9.508s] INFO:colcon.colcon_core.shell:Creating package descriptor '/root/ros2_ws/src/install/phi_aria/share/phi_aria/package.dsv'
[9.508s] INFO:colcon.colcon_core.shell:Creating package script '/root/ros2_ws/src/install/phi_aria/share/phi_aria/package.sh'
[9.508s] INFO:colcon.colcon_core.shell:Creating package script '/root/ros2_ws/src/install/phi_aria/share/phi_aria/package.bash'
[9.509s] INFO:colcon.colcon_core.shell:Creating package script '/root/ros2_ws/src/install/phi_aria/share/phi_aria/package.zsh'
[9.509s] Level 1:colcon.colcon_core.environment:create_file_with_runtime_dependencies(/root/ros2_ws/src/install/phi_aria/share/colcon-core/packages/phi_aria)
[9.509s] Level 1:colcon.colcon_core.environment:create_environment_scripts_only(phi_aria)
[9.509s] Level 1:colcon.colcon_core.environment:checking '/root/ros2_ws/src/install/phi_aria' for CMake module files
[9.510s] Level 1:colcon.colcon_core.environment:checking '/root/ros2_ws/src/install/phi_aria' for CMake config files
[9.510s] Level 1:colcon.colcon_core.shell:create_environment_hook('phi_aria', 'cmake_prefix_path')
[9.510s] INFO:colcon.colcon_core.shell:Creating environment hook '/root/ros2_ws/src/install/phi_aria/share/phi_aria/hook/cmake_prefix_path.ps1'
[9.510s] INFO:colcon.colcon_core.shell:Creating environment descriptor '/root/ros2_ws/src/install/phi_aria/share/phi_aria/hook/cmake_prefix_path.dsv'
[9.510s] INFO:colcon.colcon_core.shell:Creating environment hook '/root/ros2_ws/src/install/phi_aria/share/phi_aria/hook/cmake_prefix_path.sh'
[9.511s] Level 1:colcon.colcon_core.environment:checking '/root/ros2_ws/src/install/phi_aria/lib'
[9.511s] Level 1:colcon.colcon_core.environment:checking '/root/ros2_ws/src/install/phi_aria/bin'
[9.511s] Level 1:colcon.colcon_core.environment:checking '/root/ros2_ws/src/install/phi_aria/lib/pkgconfig/phi_aria.pc'
[9.511s] Level 1:colcon.colcon_core.environment:checking '/root/ros2_ws/src/install/phi_aria/lib/python3.12/site-packages'
[9.511s] Level 1:colcon.colcon_core.environment:checking '/root/ros2_ws/src/install/phi_aria/bin'
[9.511s] INFO:colcon.colcon_core.shell:Creating package script '/root/ros2_ws/src/install/phi_aria/share/phi_aria/package.ps1'
[9.511s] INFO:colcon.colcon_core.shell:Creating package descriptor '/root/ros2_ws/src/install/phi_aria/share/phi_aria/package.dsv'
[9.512s] INFO:colcon.colcon_core.shell:Creating package script '/root/ros2_ws/src/install/phi_aria/share/phi_aria/package.sh'
[9.512s] INFO:colcon.colcon_core.shell:Creating package script '/root/ros2_ws/src/install/phi_aria/share/phi_aria/package.bash'
[9.512s] INFO:colcon.colcon_core.shell:Creating package script '/root/ros2_ws/src/install/phi_aria/share/phi_aria/package.zsh'
[9.513s] Level 1:colcon.colcon_core.environment:create_file_with_runtime_dependencies(/root/ros2_ws/src/install/phi_aria/share/colcon-core/packages/phi_aria)
[12.553s] DEBUG:colcon.colcon_core.event_handler.log_command:Invoked command in '/root/ros2_ws/src/build/tp1' returned '0': CMAKE_PREFIX_PATH=${CMAKE_PREFIX_PATH}:/root/ros2_ws/install/py_pubsub:/root/ros2_ws/src/py_pubsub/install/py_pubsub:/opt/ros/jazzy /usr/bin/cmake --build /root/ros2_ws/src/build/tp1 -- -j16 -l16
[12.554s] DEBUG:colcon.colcon_core.event_handler.log_command:Invoking command in '/root/ros2_ws/src/build/tp1': CMAKE_PREFIX_PATH=${CMAKE_PREFIX_PATH}:/root/ros2_ws/install/py_pubsub:/root/ros2_ws/src/py_pubsub/install/py_pubsub:/opt/ros/jazzy /usr/bin/cmake --install /root/ros2_ws/src/build/tp1
[12.586s] Level 1:colcon.colcon_core.environment:create_environment_scripts_only(tp1)
[12.586s] Level 1:colcon.colcon_core.environment:checking '/root/ros2_ws/src/install/tp1' for CMake module files
[12.587s] DEBUG:colcon.colcon_core.event_handler.log_command:Invoked command in '/root/ros2_ws/src/build/tp1' returned '0': CMAKE_PREFIX_PATH=${CMAKE_PREFIX_PATH}:/root/ros2_ws/install/py_pubsub:/root/ros2_ws/src/py_pubsub/install/py_pubsub:/opt/ros/jazzy /usr/bin/cmake --install /root/ros2_ws/src/build/tp1
[12.587s] Level 1:colcon.colcon_core.environment:checking '/root/ros2_ws/src/install/tp1' for CMake config files
[12.587s] Level 1:colcon.colcon_core.shell:create_environment_hook('tp1', 'cmake_prefix_path')
[12.587s] INFO:colcon.colcon_core.shell:Creating environment hook '/root/ros2_ws/src/install/tp1/share/tp1/hook/cmake_prefix_path.ps1'
[12.588s] INFO:colcon.colcon_core.shell:Creating environment descriptor '/root/ros2_ws/src/install/tp1/share/tp1/hook/cmake_prefix_path.dsv'
[12.588s] INFO:colcon.colcon_core.shell:Creating environment hook '/root/ros2_ws/src/install/tp1/share/tp1/hook/cmake_prefix_path.sh'
[12.589s] Level 1:colcon.colcon_core.environment:checking '/root/ros2_ws/src/install/tp1/lib'
[12.589s] Level 1:colcon.colcon_core.environment:checking '/root/ros2_ws/src/install/tp1/bin'
[12.589s] Level 1:colcon.colcon_core.environment:checking '/root/ros2_ws/src/install/tp1/lib/pkgconfig/tp1.pc'
[12.589s] Level 1:colcon.colcon_core.environment:checking '/root/ros2_ws/src/install/tp1/lib/python3.12/site-packages'
[12.589s] Level 1:colcon.colcon_core.environment:checking '/root/ros2_ws/src/install/tp1/bin'
[12.589s] INFO:colcon.colcon_core.shell:Creating package script '/root/ros2_ws/src/install/tp1/share/tp1/package.ps1'
[12.590s] INFO:colcon.colcon_core.shell:Creating package descriptor '/root/ros2_ws/src/install/tp1/share/tp1/package.dsv'
[12.590s] INFO:colcon.colcon_core.shell:Creating package script '/root/ros2_ws/src/install/tp1/share/tp1/package.sh'
[12.590s] INFO:colcon.colcon_core.shell:Creating package script '/root/ros2_ws/src/install/tp1/share/tp1/package.bash'
[12.590s] INFO:colcon.colcon_core.shell:Creating package script '/root/ros2_ws/src/install/tp1/share/tp1/package.zsh'
[12.590s] Level 1:colcon.colcon_core.environment:create_file_with_runtime_dependencies(/root/ros2_ws/src/install/tp1/share/colcon-core/packages/tp1)
[12.592s] Level 1:colcon.colcon_core.environment:create_environment_scripts_only(tp1)
[12.592s] Level 1:colcon.colcon_core.environment:checking '/root/ros2_ws/src/install/tp1' for CMake module files
[12.592s] Level 1:colcon.colcon_core.environment:checking '/root/ros2_ws/src/install/tp1' for CMake config files
[12.592s] Level 1:colcon.colcon_core.shell:create_environment_hook('tp1', 'cmake_prefix_path')
[12.592s] INFO:colcon.colcon_core.shell:Creating environment hook '/root/ros2_ws/src/install/tp1/share/tp1/hook/cmake_prefix_path.ps1'
[12.593s] INFO:colcon.colcon_core.shell:Creating environment descriptor '/root/ros2_ws/src/install/tp1/share/tp1/hook/cmake_prefix_path.dsv'
[12.593s] INFO:colcon.colcon_core.shell:Creating environment hook '/root/ros2_ws/src/install/tp1/share/tp1/hook/cmake_prefix_path.sh'
[12.594s] Level 1:colcon.colcon_core.environment:checking '/root/ros2_ws/src/install/tp1/lib'
[12.594s] Level 1:colcon.colcon_core.environment:checking '/root/ros2_ws/src/install/tp1/bin'
[12.594s] Level 1:colcon.colcon_core.environment:checking '/root/ros2_ws/src/install/tp1/lib/pkgconfig/tp1.pc'
[12.594s] Level 1:colcon.colcon_core.environment:checking '/root/ros2_ws/src/install/tp1/lib/python3.12/site-packages'
[12.594s] Level 1:colcon.colcon_core.environment:checking '/root/ros2_ws/src/install/tp1/bin'
[12.594s] INFO:colcon.colcon_core.shell:Creating package script '/root/ros2_ws/src/install/tp1/share/tp1/package.ps1'
[12.595s] INFO:colcon.colcon_core.shell:Creating package descriptor '/root/ros2_ws/src/install/tp1/share/tp1/package.dsv'
[12.595s] INFO:colcon.colcon_core.shell:Creating package script '/root/ros2_ws/src/install/tp1/share/tp1/package.sh'
[12.595s] INFO:colcon.colcon_core.shell:Creating package script '/root/ros2_ws/src/install/tp1/share/tp1/package.bash'
[12.595s] INFO:colcon.colcon_core.shell:Creating package script '/root/ros2_ws/src/install/tp1/share/tp1/package.zsh'
[12.596s] Level 1:colcon.colcon_core.environment:create_file_with_runtime_dependencies(/root/ros2_ws/src/install/tp1/share/colcon-core/packages/tp1)
[12.596s] DEBUG:colcon.colcon_parallel_executor.executor.parallel:closing loop
[12.597s] DEBUG:colcon.colcon_parallel_executor.executor.parallel:loop closed
[12.597s] DEBUG:colcon.colcon_parallel_executor.executor.parallel:run_until_complete finished with '0'
[12.597s] DEBUG:colcon.colcon_core.event_reactor:joining thread
[12.641s] INFO:colcon.colcon_core.plugin_system:Skipping extension 'colcon_notification.desktop_notification.notify_send': Could not find 'notify-send'
[12.641s] INFO:colcon.colcon_core.plugin_system:Skipping extension 'colcon_notification.desktop_notification.terminal_notifier': Not used on non-Darwin systems
[12.642s] INFO:colcon.colcon_core.plugin_system:Skipping extension 'colcon_notification.desktop_notification.win32': Not used on non-Windows systems
[12.642s] INFO:colcon.colcon_notification.desktop_notification:Sending desktop notification using 'notify2'
[12.643s] DEBUG:colcon.colcon_notification.desktop_notification.notify2:Failed to initialize notify2: org.freedesktop.DBus.Error.ServiceUnknown: The name org.freedesktop.Notifications was not provided by any .service files
[12.643s] DEBUG:colcon.colcon_core.event_reactor:joined thread
[12.643s] INFO:colcon.colcon_core.shell:Creating prefix script '/root/ros2_ws/src/install/local_setup.ps1'
[12.643s] INFO:colcon.colcon_core.shell:Creating prefix util module '/root/ros2_ws/src/install/_local_setup_util_ps1.py'
[12.644s] INFO:colcon.colcon_core.shell:Creating prefix chain script '/root/ros2_ws/src/install/setup.ps1'
[12.645s] INFO:colcon.colcon_core.shell:Creating prefix script '/root/ros2_ws/src/install/local_setup.sh'
[12.645s] INFO:colcon.colcon_core.shell:Creating prefix util module '/root/ros2_ws/src/install/_local_setup_util_sh.py'
[12.646s] INFO:colcon.colcon_core.shell:Creating prefix chain script '/root/ros2_ws/src/install/setup.sh'
[12.646s] INFO:colcon.colcon_core.shell:Creating prefix script '/root/ros2_ws/src/install/local_setup.bash'
[12.647s] INFO:colcon.colcon_core.shell:Creating prefix chain script '/root/ros2_ws/src/install/setup.bash'
[12.647s] INFO:colcon.colcon_core.shell:Creating prefix script '/root/ros2_ws/src/install/local_setup.zsh'
[12.647s] INFO:colcon.colcon_core.shell:Creating prefix chain script '/root/ros2_ws/src/install/setup.zsh'
