[01m[K/root/ros2_ws/src/tp1/src/Perception.cpp:[m[K In member function ‘[01m[Kstd::vector<float, std::allocator<float> > Perception::[01;32m[KgetLatestSonarRanges[m[K()[m[K’:
[01m[K/root/ros2_ws/src/tp1/src/Perception.cpp:165:9:[m[K [01;35m[Kwarning: [m[Kunused variable ‘[01m[Knumbytes[m[K’ [[01;35m[K]8;;https://gcc.gnu.org/onlinedocs/gcc/Warning-Options.html#index-Wunused-variable-Wunused-variable]8;;[m[K]
  165 |     int [01;35m[Knumbytes[m[K = sonarROS.data.size();
      |         [01;35m[K^~~~~~~~[m[K
[01m[K/root/ros2_ws/src/tp1/src/Perception.cpp:166:9:[m[K [01;35m[Kwarning: [m[Kunused variable ‘[01m[Knumfields[m[K’ [[01;35m[K]8;;https://gcc.gnu.org/onlinedocs/gcc/Warning-Options.html#index-Wunused-variable-Wunused-variable]8;;[m[K]
  166 |     int [01;35m[Knumfields[m[K = sonarROS.fields.size();
      |         [01;35m[K^~~~~~~~~[m[K
[01m[K/root/ros2_ws/src/tp1/src/Perception.cpp:[m[K In static member function ‘[01m[Kstatic void Perception::[01;32m[KupdateMap[m[K()[m[K’:
[01m[K/root/ros2_ws/src/tp1/src/Perception.cpp:206:65:[m[K [01;31m[Kerror: [m[Kcannot call member function ‘[01m[Kstd::vector<float, std::allocator<float> > Perception::[01;32m[KgetLatestLaserRanges[m[K()[m[K’ without object
  206 |     std::vector<float> lasers = [01;31m[KPerception::getLatestLaserRanges()[m[K;
      |                                 [01;31m[K~~~~~~~~~~~~~~~~~~~~~~~~~~~~~~~~^~[m[K
[01m[K/root/ros2_ws/src/tp1/src/Perception.cpp:207:56:[m[K [01;31m[Kerror: [m[Kcannot call member function ‘[01m[Kstd::vector<float, std::allocator<float> > Perception::[01;32m[KgetLatestPose[m[K()[m[K’ without object
  207 |     std::vector<float> pose = [01;31m[KPerception::getLatestPose()[m[K;
      |                               [01;31m[K~~~~~~~~~~~~~~~~~~~~~~~~~^~[m[K
[01m[K/root/ros2_ws/src/tp1/src/Perception.cpp:221:21:[m[K [01;31m[Kerror: [m[Kinvalid use of member ‘[01m[KPerception::laserROS[m[K’ in static member function
  221 |       float angle = [01;31m[KlaserROS[m[K.angle_min + i * laserROS.angle_increment + yaw;
      |                     [01;31m[K^~~~~~~~[m[K
In file included from [01m[K/root/ros2_ws/src/tp1/src/Perception.cpp:1[m[K:
[01m[K/root/ros2_ws/src/tp1/include/Perception.h:26:33:[m[K [01;36m[Knote: [m[Kdeclared here
   26 |     sensor_msgs::msg::LaserScan [01;36m[KlaserROS[m[K;
      |                                 [01;36m[K^~~~~~~~[m[K
[01m[K/root/ros2_ws/src/tp1/src/Perception.cpp:221:46:[m[K [01;31m[Kerror: [m[Kinvalid use of member ‘[01m[KPerception::laserROS[m[K’ in static member function
  221 |       float angle = laserROS.angle_min + i * [01;31m[KlaserROS[m[K.angle_increment + yaw;
      |                                              [01;31m[K^~~~~~~~[m[K
[01m[K/root/ros2_ws/src/tp1/include/Perception.h:26:33:[m[K [01;36m[Knote: [m[Kdeclared here
   26 |     sensor_msgs::msg::LaserScan [01;36m[KlaserROS[m[K;
      |                                 [01;36m[K^~~~~~~~[m[K
gmake[2]: *** [CMakeFiles/navigation.dir/build.make:104: CMakeFiles/navigation.dir/src/Perception.cpp.o] Error 1
gmake[1]: *** [CMakeFiles/Makefile2:137: CMakeFiles/navigation.dir/all] Error 2
gmake: *** [Makefile:146: all] Error 2
