[0.008s] Invoking command in '/root/ros2_ws/build/tp1': CMAKE_PREFIX_PATH=${CMAKE_PREFIX_PATH}:/opt/ros/jazzy /usr/bin/cmake --build /root/ros2_ws/build/tp1 -- -j16 -l16
[0.044s] [100%] Built target navigation
[0.052s] Invoked command in '/root/ros2_ws/build/tp1' returned '0': CMAKE_PREFIX_PATH=${CMAKE_PREFIX_PATH}:/opt/ros/jazzy /usr/bin/cmake --build /root/ros2_ws/build/tp1 -- -j16 -l16
[0.052s] Invoking command in '/root/ros2_ws/build/tp1': CMAKE_PREFIX_PATH=${CMAKE_PREFIX_PATH}:/opt/ros/jazzy /usr/bin/cmake --install /root/ros2_ws/build/tp1
[0.058s] -- Install configuration: ""
[0.059s] -- Up-to-date: /root/ros2_ws/install/tp1/lib/tp1/navigation
[0.061s] -- Up-to-date: /root/ros2_ws/install/tp1/share/tp1/launch
[0.062s] -- Up-to-date: /root/ros2_ws/install/tp1/share/tp1/launch/p3dx-rosaria.launch.py
[0.062s] -- Up-to-date: /root/ros2_ws/install/tp1/share/tp1/config
[0.062s] -- Up-to-date: /root/ros2_ws/install/tp1/share/tp1/config/p3dx.rviz
[0.062s] -- Up-to-date: /root/ros2_ws/install/tp1/share/ament_index/resource_index/package_run_dependencies/tp1
[0.062s] -- Up-to-date: /root/ros2_ws/install/tp1/share/ament_index/resource_index/parent_prefix_path/tp1
[0.062s] -- Up-to-date: /root/ros2_ws/install/tp1/share/tp1/environment/ament_prefix_path.sh
[0.063s] -- Up-to-date: /root/ros2_ws/install/tp1/share/tp1/environment/ament_prefix_path.dsv
[0.063s] -- Up-to-date: /root/ros2_ws/install/tp1/share/tp1/environment/path.sh
[0.063s] -- Up-to-date: /root/ros2_ws/install/tp1/share/tp1/environment/path.dsv
[0.063s] -- Up-to-date: /root/ros2_ws/install/tp1/share/tp1/local_setup.bash
[0.063s] -- Up-to-date: /root/ros2_ws/install/tp1/share/tp1/local_setup.sh
[0.063s] -- Up-to-date: /root/ros2_ws/install/tp1/share/tp1/local_setup.zsh
[0.063s] -- Up-to-date: /root/ros2_ws/install/tp1/share/tp1/local_setup.dsv
[0.064s] -- Installing: /root/ros2_ws/install/tp1/share/tp1/package.dsv
[0.064s] -- Up-to-date: /root/ros2_ws/install/tp1/share/ament_index/resource_index/packages/tp1
[0.064s] -- Up-to-date: /root/ros2_ws/install/tp1/share/tp1/cmake/tp1Config.cmake
[0.064s] -- Up-to-date: /root/ros2_ws/install/tp1/share/tp1/cmake/tp1Config-version.cmake
[0.064s] -- Up-to-date: /root/ros2_ws/install/tp1/share/tp1/package.xml
[0.075s] Invoked command in '/root/ros2_ws/build/tp1' returned '0': CMAKE_PREFIX_PATH=${CMAKE_PREFIX_PATH}:/opt/ros/jazzy /usr/bin/cmake --install /root/ros2_ws/build/tp1
