[0.157s] Invoking command in '/root/ros2_ws/build/tp1': CMAKE_PREFIX_PATH=${CMAKE_PREFIX_PATH}:/root/ros2_ws/install/py_pubsub:/root/ros2_ws/src/py_pubsub/install/py_pubsub:/opt/ros/jazzy /usr/bin/cmake --build /root/ros2_ws/build/tp1 -- -j16 -l16
[0.239s] [ 20%] [32mBuilding CXX object CMakeFiles/navigation.dir/src/Perception.cpp.o[0m
[2.674s] [ 40%] [32m[1mLinking CXX executable navigation[0m
[3.162s] [100%] Built target navigation
[3.175s] Invoked command in '/root/ros2_ws/build/tp1' returned '0': CMAKE_PREFIX_PATH=${CMAKE_PREFIX_PATH}:/root/ros2_ws/install/py_pubsub:/root/ros2_ws/src/py_pubsub/install/py_pubsub:/opt/ros/jazzy /usr/bin/cmake --build /root/ros2_ws/build/tp1 -- -j16 -l16
[3.176s] Invoking command in '/root/ros2_ws/build/tp1': CMAKE_PREFIX_PATH=${CMAKE_PREFIX_PATH}:/root/ros2_ws/install/py_pubsub:/root/ros2_ws/src/py_pubsub/install/py_pubsub:/opt/ros/jazzy /usr/bin/cmake --install /root/ros2_ws/build/tp1
[3.185s] -- Install configuration: ""
[3.185s] -- Installing: /root/ros2_ws/install/tp1/lib/tp1/navigation
[3.202s] -- Set non-toolchain portion of runtime path of "/root/ros2_ws/install/tp1/lib/tp1/navigation" to ""
[3.202s] -- Up-to-date: /root/ros2_ws/install/tp1/share/tp1/launch
[3.203s] -- Up-to-date: /root/ros2_ws/install/tp1/share/tp1/launch/p3dx-rosaria.launch.py
[3.203s] -- Up-to-date: /root/ros2_ws/install/tp1/share/tp1/config
[3.203s] -- Up-to-date: /root/ros2_ws/install/tp1/share/tp1/config/p3dx.rviz
[3.203s] -- Up-to-date: /root/ros2_ws/install/tp1/share/ament_index/resource_index/package_run_dependencies/tp1
[3.203s] -- Up-to-date: /root/ros2_ws/install/tp1/share/ament_index/resource_index/parent_prefix_path/tp1
[3.203s] -- Up-to-date: /root/ros2_ws/install/tp1/share/tp1/environment/ament_prefix_path.sh
[3.203s] -- Up-to-date: /root/ros2_ws/install/tp1/share/tp1/environment/ament_prefix_path.dsv
[3.203s] -- Up-to-date: /root/ros2_ws/install/tp1/share/tp1/environment/path.sh
[3.204s] -- Up-to-date: /root/ros2_ws/install/tp1/share/tp1/environment/path.dsv
[3.204s] -- Up-to-date: /root/ros2_ws/install/tp1/share/tp1/local_setup.bash
[3.204s] -- Up-to-date: /root/ros2_ws/install/tp1/share/tp1/local_setup.sh
[3.204s] -- Up-to-date: /root/ros2_ws/install/tp1/share/tp1/local_setup.zsh
[3.204s] -- Up-to-date: /root/ros2_ws/install/tp1/share/tp1/local_setup.dsv
[3.204s] -- Installing: /root/ros2_ws/install/tp1/share/tp1/package.dsv
[3.204s] -- Up-to-date: /root/ros2_ws/install/tp1/share/ament_index/resource_index/packages/tp1
[3.204s] -- Up-to-date: /root/ros2_ws/install/tp1/share/tp1/cmake/tp1Config.cmake
[3.204s] -- Up-to-date: /root/ros2_ws/install/tp1/share/tp1/cmake/tp1Config-version.cmake
[3.204s] -- Up-to-date: /root/ros2_ws/install/tp1/share/tp1/package.xml
[3.206s] Invoked command in '/root/ros2_ws/build/tp1' returned '0': CMAKE_PREFIX_PATH=${CMAKE_PREFIX_PATH}:/root/ros2_ws/install/py_pubsub:/root/ros2_ws/src/py_pubsub/install/py_pubsub:/opt/ros/jazzy /usr/bin/cmake --install /root/ros2_ws/build/tp1
