[0.863s] Invoking command in '/root/ros2_ws/src/py_pubsub': PYTHONPATH=/root/ros2_ws/build/py_pubsub/prefix_override:/usr/lib/python3/dist-packages/colcon_core/task/python/colcon_distutils_commands:/root/ros2_ws/install/py_pubsub/lib/python3.12/site-packages:${PYTHONPATH} /usr/bin/python3 -W ignore:setup.py install is deprecated -W ignore:easy_install command is deprecated setup.py egg_info --egg-base ../../build/py_pubsub build --build-base /root/ros2_ws/build/py_pubsub/build install --record /root/ros2_ws/build/py_pubsub/install.log --single-version-externally-managed install_data
[0.995s] running egg_info
[1.004s] writing ../../build/py_pubsub/py_pubsub.egg-info/PKG-INFO
[1.004s] writing dependency_links to ../../build/py_pubsub/py_pubsub.egg-info/dependency_links.txt
[1.004s] writing entry points to ../../build/py_pubsub/py_pubsub.egg-info/entry_points.txt
[1.004s] writing requirements to ../../build/py_pubsub/py_pubsub.egg-info/requires.txt
[1.004s] writing top-level names to ../../build/py_pubsub/py_pubsub.egg-info/top_level.txt
[1.024s] reading manifest file '../../build/py_pubsub/py_pubsub.egg-info/SOURCES.txt'
[1.024s] writing manifest file '../../build/py_pubsub/py_pubsub.egg-info/SOURCES.txt'
[1.025s] running build
[1.025s] running build_py
[1.025s] copying py_pubsub/subscriber_member_function.py -> /root/ros2_ws/build/py_pubsub/build/lib/py_pubsub
[1.025s] running install
[1.029s] running install_lib
[1.038s] copying /root/ros2_ws/build/py_pubsub/build/lib/py_pubsub/subscriber_member_function.py -> /root/ros2_ws/install/py_pubsub/lib/python3.12/site-packages/py_pubsub
[1.038s] byte-compiling /root/ros2_ws/install/py_pubsub/lib/python3.12/site-packages/py_pubsub/subscriber_member_function.py to subscriber_member_function.cpython-312.pyc
[1.039s] running install_data
[1.039s] running install_egg_info
[1.048s] removing '/root/ros2_ws/install/py_pubsub/lib/python3.12/site-packages/py_pubsub-0.0.0-py3.12.egg-info' (and everything under it)
[1.049s] Copying ../../build/py_pubsub/py_pubsub.egg-info to /root/ros2_ws/install/py_pubsub/lib/python3.12/site-packages/py_pubsub-0.0.0-py3.12.egg-info
[1.051s] running install_scripts
[1.114s] Installing listener script to /root/ros2_ws/install/py_pubsub/lib/py_pubsub
[1.115s] writing list of installed files to '/root/ros2_ws/build/py_pubsub/install.log'
[1.131s] Invoked command in '/root/ros2_ws/src/py_pubsub' returned '0': PYTHONPATH=/root/ros2_ws/build/py_pubsub/prefix_override:/usr/lib/python3/dist-packages/colcon_core/task/python/colcon_distutils_commands:/root/ros2_ws/install/py_pubsub/lib/python3.12/site-packages:${PYTHONPATH} /usr/bin/python3 -W ignore:setup.py install is deprecated -W ignore:easy_install command is deprecated setup.py egg_info --egg-base ../../build/py_pubsub build --build-base /root/ros2_ws/build/py_pubsub/build install --record /root/ros2_ws/build/py_pubsub/install.log --single-version-externally-managed install_data
