[ 20%] [32mBuilding CXX object CMakeFiles/navigation.dir/src/Perception.cpp.o[0m
[01m[K/root/ros2_ws/src/tp1/src/Perception.cpp:[m[K In member function ‘[01m[Kvoid Perception::[01;32m[KupdateMap[m[K(float, float)[m[K’:
[01m[K/root/ros2_ws/src/tp1/src/Perception.cpp:230:34:[m[K [01;35m[Kwarning: [m[Kunused parameter ‘[01m[Kvel[m[K’ [[01;35m[K]8;;https://gcc.gnu.org/onlinedocs/gcc/Warning-Options.html#index-Wunused-parameter-Wunused-parameter]8;;[m[K]
  230 | void Perception::updateMap([01;35m[Kfloat vel[m[K,float angVel)
      |                            [01;35m[K~~~~~~^~~[m[K
[01m[K/root/ros2_ws/src/tp1/src/Perception.cpp:230:44:[m[K [01;35m[Kwarning: [m[Kunused parameter ‘[01m[KangVel[m[K’ [[01;35m[K]8;;https://gcc.gnu.org/onlinedocs/gcc/Warning-Options.html#index-Wunused-parameter-Wunused-parameter]8;;[m[K]
  230 | void Perception::updateMap(float vel,[01;35m[Kfloat angVel[m[K)
      |                                      [01;35m[K~~~~~~^~~~~~[m[K
[ 40%] [32m[1mLinking CXX executable navigation[0m
[100%] Built target navigation
-- Install configuration: ""
-- Installing: /root/ros2_ws/install/tp1/lib/tp1/navigation
-- Set non-toolchain portion of runtime path of "/root/ros2_ws/install/tp1/lib/tp1/navigation" to ""
-- Up-to-date: /root/ros2_ws/install/tp1/share/tp1/launch
-- Up-to-date: /root/ros2_ws/install/tp1/share/tp1/launch/p3dx-rosaria.launch.py
-- Up-to-date: /root/ros2_ws/install/tp1/share/tp1/config
-- Up-to-date: /root/ros2_ws/install/tp1/share/tp1/config/p3dx.rviz
-- Up-to-date: /root/ros2_ws/install/tp1/share/ament_index/resource_index/package_run_dependencies/tp1
-- Up-to-date: /root/ros2_ws/install/tp1/share/ament_index/resource_index/parent_prefix_path/tp1
-- Up-to-date: /root/ros2_ws/install/tp1/share/tp1/environment/ament_prefix_path.sh
-- Up-to-date: /root/ros2_ws/install/tp1/share/tp1/environment/ament_prefix_path.dsv
-- Up-to-date: /root/ros2_ws/install/tp1/share/tp1/environment/path.sh
-- Up-to-date: /root/ros2_ws/install/tp1/share/tp1/environment/path.dsv
-- Up-to-date: /root/ros2_ws/install/tp1/share/tp1/local_setup.bash
-- Up-to-date: /root/ros2_ws/install/tp1/share/tp1/local_setup.sh
-- Up-to-date: /root/ros2_ws/install/tp1/share/tp1/local_setup.zsh
-- Up-to-date: /root/ros2_ws/install/tp1/share/tp1/local_setup.dsv
-- Installing: /root/ros2_ws/install/tp1/share/tp1/package.dsv
-- Up-to-date: /root/ros2_ws/install/tp1/share/ament_index/resource_index/packages/tp1
-- Up-to-date: /root/ros2_ws/install/tp1/share/tp1/cmake/tp1Config.cmake
-- Up-to-date: /root/ros2_ws/install/tp1/share/tp1/cmake/tp1Config-version.cmake
-- Up-to-date: /root/ros2_ws/install/tp1/share/tp1/package.xml
