[33mCMake Warning (dev) at /usr/share/cmake-3.28/Modules/FindOpenGL.cmake:381 (message):
  Policy CMP0072 is not set: FindOpenGL prefers GLVND by default when
  available.  Run "cmake --help-policy CMP0072" for policy details.  Use the
  cmake_policy command to set the policy and suppress this warning.

  FindOpenGL found both a legacy GL library:

    OPENGL_gl_LIBRARY: /usr/lib/x86_64-linux-gnu/libGL.so

  and GLVND libraries for OpenGL and GLX:

    OPENGL_opengl_LIBRARY: /usr/lib/x86_64-linux-gnu/libOpenGL.so
    OPENGL_glx_LIBRARY: /usr/lib/x86_64-linux-gnu/libGLX.so

  OpenGL_GL_PREFERENCE has not been set to "GLVND" or "LEGACY", so for
  compatibility with CMake 3.10 and below the legacy GL library will be used.
Call Stack (most recent call first):
  CMakeLists.txt:18 (find_package)
This warning is for project developers.  Use -Wno-dev to suppress it.
[0m
[01m[K/root/ros2_ws/src/tp1/src/main.cpp:[m[K In member function ‘[01m[Kvoid NavigationNode::[01;32m[KreceivePose[m[K(nav_msgs::msg::Odometry_<std::allocator<void> >::ConstSharedPtr)[m[K’:
[01m[K/root/ros2_ws/src/tp1/src/main.cpp:60:5:[m[K [01;31m[Kerror: [m[K‘[01m[Ktf2[m[K’ has not been declared
   60 |     [01;31m[Ktf2[m[K::Quaternion tf_quat(q.x, q.y, q.z, q.w);
      |     [01;31m[K^~~[m[K
[01m[K/root/ros2_ws/src/tp1/src/main.cpp:62:5:[m[K [01;31m[Kerror: [m[K‘[01m[Ktf2[m[K’ has not been declared
   62 |     [01;31m[Ktf2[m[K::Matrix3x3(tf_quat).getRPY(roll, pitch, yaw);
      |     [01;31m[K^~~[m[K
[01m[K/root/ros2_ws/src/tp1/src/main.cpp:62:20:[m[K [01;31m[Kerror: [m[K‘[01m[Ktf_quat[m[K’ was not declared in this scope
   62 |     tf2::Matrix3x3([01;31m[Ktf_quat[m[K).getRPY(roll, pitch, yaw);
      |                    [01;31m[K^~~~~~~[m[K
[01m[K/root/ros2_ws/src/tp1/src/Perception.cpp:[m[K In member function ‘[01m[Kstd::vector<float, std::allocator<float> > Perception::[01;32m[KgetLatestSonarRanges[m[K()[m[K’:
[01m[K/root/ros2_ws/src/tp1/src/Perception.cpp:156:9:[m[K [01;35m[Kwarning: [m[Kunused variable ‘[01m[Knumbytes[m[K’ [[01;35m[K]8;;https://gcc.gnu.org/onlinedocs/gcc/Warning-Options.html#index-Wunused-variable-Wunused-variable]8;;[m[K]
  156 |     int [01;35m[Knumbytes[m[K = sonarROS.data.size();
      |         [01;35m[K^~~~~~~~[m[K
[01m[K/root/ros2_ws/src/tp1/src/Perception.cpp:157:9:[m[K [01;35m[Kwarning: [m[Kunused variable ‘[01m[Knumfields[m[K’ [[01;35m[K]8;;https://gcc.gnu.org/onlinedocs/gcc/Warning-Options.html#index-Wunused-variable-Wunused-variable]8;;[m[K]
  157 |     int [01;35m[Knumfields[m[K = sonarROS.fields.size();
      |         [01;35m[K^~~~~~~~~[m[K
gmake[2]: *** [CMakeFiles/navigation.dir/build.make:76: CMakeFiles/navigation.dir/src/main.cpp.o] Error 1
gmake[1]: *** [CMakeFiles/Makefile2:137: CMakeFiles/navigation.dir/all] Error 2
gmake: *** [Makefile:146: all] Error 2
