[0.405s] Invoking command in '/root/ros2_ws/src/py_pubsub': PYTHONPATH=/root/ros2_ws/src/py_pubsub/build/py_pubsub/prefix_override:/usr/lib/python3/dist-packages/colcon_core/task/python/colcon_distutils_commands:/root/ros2_ws/src/py_pubsub/install/py_pubsub/lib/python3.12/site-packages:${PYTHONPATH} /usr/bin/python3 -W ignore:setup.py install is deprecated -W ignore:easy_install command is deprecated setup.py egg_info --egg-base build/py_pubsub build --build-base /root/ros2_ws/src/py_pubsub/build/py_pubsub/build install --record /root/ros2_ws/src/py_pubsub/build/py_pubsub/install.log --single-version-externally-managed install_data
[0.536s] running egg_info
[0.546s] writing build/py_pubsub/py_pubsub.egg-info/PKG-INFO
[0.546s] writing dependency_links to build/py_pubsub/py_pubsub.egg-info/dependency_links.txt
[0.546s] writing entry points to build/py_pubsub/py_pubsub.egg-info/entry_points.txt
[0.547s] writing requirements to build/py_pubsub/py_pubsub.egg-info/requires.txt
[0.547s] writing top-level names to build/py_pubsub/py_pubsub.egg-info/top_level.txt
[0.567s] reading manifest file 'build/py_pubsub/py_pubsub.egg-info/SOURCES.txt'
[0.567s] writing manifest file 'build/py_pubsub/py_pubsub.egg-info/SOURCES.txt'
[0.567s] running build
[0.567s] running build_py
[0.567s] copying py_pubsub/subscriber_member_function.py -> /root/ros2_ws/src/py_pubsub/build/py_pubsub/build/lib/py_pubsub
[0.568s] running install
[0.571s] running install_lib
[0.581s] copying /root/ros2_ws/src/py_pubsub/build/py_pubsub/build/lib/py_pubsub/subscriber_member_function.py -> /root/ros2_ws/src/py_pubsub/install/py_pubsub/lib/python3.12/site-packages/py_pubsub
[0.581s] byte-compiling /root/ros2_ws/src/py_pubsub/install/py_pubsub/lib/python3.12/site-packages/py_pubsub/subscriber_member_function.py to subscriber_member_function.cpython-312.pyc
[0.581s] running install_data
[0.581s] running install_egg_info
[0.592s] removing '/root/ros2_ws/src/py_pubsub/install/py_pubsub/lib/python3.12/site-packages/py_pubsub-0.0.0-py3.12.egg-info' (and everything under it)
[0.592s] Copying build/py_pubsub/py_pubsub.egg-info to /root/ros2_ws/src/py_pubsub/install/py_pubsub/lib/python3.12/site-packages/py_pubsub-0.0.0-py3.12.egg-info
[0.592s] running install_scripts
[0.658s] Installing listener script to /root/ros2_ws/src/py_pubsub/install/py_pubsub/lib/py_pubsub
[0.658s] writing list of installed files to '/root/ros2_ws/src/py_pubsub/build/py_pubsub/install.log'
[0.673s] Invoked command in '/root/ros2_ws/src/py_pubsub' returned '0': PYTHONPATH=/root/ros2_ws/src/py_pubsub/build/py_pubsub/prefix_override:/usr/lib/python3/dist-packages/colcon_core/task/python/colcon_distutils_commands:/root/ros2_ws/src/py_pubsub/install/py_pubsub/lib/python3.12/site-packages:${PYTHONPATH} /usr/bin/python3 -W ignore:setup.py install is deprecated -W ignore:easy_install command is deprecated setup.py egg_info --egg-base build/py_pubsub build --build-base /root/ros2_ws/src/py_pubsub/build/py_pubsub/build install --record /root/ros2_ws/src/py_pubsub/build/py_pubsub/install.log --single-version-externally-managed install_data
