[0.138s] Invoking command in '/root/ros2_ws/build/tp1': CMAKE_PREFIX_PATH=${CMAKE_PREFIX_PATH}:/root/ros2_ws/install/py_pubsub:/root/ros2_ws/src/py_pubsub/install/py_pubsub:/opt/ros/jazzy /usr/bin/cmake --build /root/ros2_ws/build/tp1 -- -j16 -l16
[0.191s] [ 20%] [32mBuilding CXX object CMakeFiles/navigation.dir/src/main.cpp.o[0m
[0.191s] [ 40%] [32mBuilding CXX object CMakeFiles/navigation.dir/src/Perception.cpp.o[0m
[1.741s] [01m[K/root/ros2_ws/src/tp1/src/Perception.cpp:[m[K In member function ‘[01m[Kstd::vector<float, std::allocator<float> > Perception::[01;32m[KgetLatestSonarRanges[m[K()[m[K’:
[1.741s] [01m[K/root/ros2_ws/src/tp1/src/Perception.cpp:165:9:[m[K [01;35m[Kwarning: [m[Kunused variable ‘[01m[Knumbytes[m[K’ [[01;35m[K]8;;https://gcc.gnu.org/onlinedocs/gcc/Warning-Options.html#index-Wunused-variable-Wunused-variable]8;;[m[K]
[1.741s]   165 |     int [01;35m[Knumbytes[m[K = sonarROS.data.size();
[1.741s]       |         [01;35m[K^~~~~~~~[m[K
[1.741s] [01m[K/root/ros2_ws/src/tp1/src/Perception.cpp:166:9:[m[K [01;35m[Kwarning: [m[Kunused variable ‘[01m[Knumfields[m[K’ [[01;35m[K]8;;https://gcc.gnu.org/onlinedocs/gcc/Warning-Options.html#index-Wunused-variable-Wunused-variable]8;;[m[K]
[1.741s]   166 |     int [01;35m[Knumfields[m[K = sonarROS.fields.size();
[1.741s]       |         [01;35m[K^~~~~~~~~[m[K
[6.272s] [ 60%] [32m[1mLinking CXX executable navigation[0m
[6.765s] [100%] Built target navigation
[6.772s] Invoked command in '/root/ros2_ws/build/tp1' returned '0': CMAKE_PREFIX_PATH=${CMAKE_PREFIX_PATH}:/root/ros2_ws/install/py_pubsub:/root/ros2_ws/src/py_pubsub/install/py_pubsub:/opt/ros/jazzy /usr/bin/cmake --build /root/ros2_ws/build/tp1 -- -j16 -l16
[6.774s] Invoking command in '/root/ros2_ws/build/tp1': CMAKE_PREFIX_PATH=${CMAKE_PREFIX_PATH}:/root/ros2_ws/install/py_pubsub:/root/ros2_ws/src/py_pubsub/install/py_pubsub:/opt/ros/jazzy /usr/bin/cmake --install /root/ros2_ws/build/tp1
[6.778s] -- Install configuration: ""
[6.780s] -- Installing: /root/ros2_ws/install/tp1/lib/tp1/navigation
[6.787s] -- Set non-toolchain portion of runtime path of "/root/ros2_ws/install/tp1/lib/tp1/navigation" to ""
[6.787s] -- Up-to-date: /root/ros2_ws/install/tp1/share/tp1/launch
[6.788s] -- Up-to-date: /root/ros2_ws/install/tp1/share/tp1/launch/p3dx-rosaria.launch.py
[6.788s] -- Up-to-date: /root/ros2_ws/install/tp1/share/tp1/config
[6.788s] -- Up-to-date: /root/ros2_ws/install/tp1/share/tp1/config/p3dx.rviz
[6.788s] -- Up-to-date: /root/ros2_ws/install/tp1/share/ament_index/resource_index/package_run_dependencies/tp1
[6.788s] -- Up-to-date: /root/ros2_ws/install/tp1/share/ament_index/resource_index/parent_prefix_path/tp1
[6.789s] -- Up-to-date: /root/ros2_ws/install/tp1/share/tp1/environment/ament_prefix_path.sh
[6.789s] -- Up-to-date: /root/ros2_ws/install/tp1/share/tp1/environment/ament_prefix_path.dsv
[6.789s] -- Up-to-date: /root/ros2_ws/install/tp1/share/tp1/environment/path.sh
[6.789s] -- Up-to-date: /root/ros2_ws/install/tp1/share/tp1/environment/path.dsv
[6.789s] -- Up-to-date: /root/ros2_ws/install/tp1/share/tp1/local_setup.bash
[6.789s] -- Up-to-date: /root/ros2_ws/install/tp1/share/tp1/local_setup.sh
[6.789s] -- Up-to-date: /root/ros2_ws/install/tp1/share/tp1/local_setup.zsh
[6.790s] -- Up-to-date: /root/ros2_ws/install/tp1/share/tp1/local_setup.dsv
[6.790s] -- Installing: /root/ros2_ws/install/tp1/share/tp1/package.dsv
[6.790s] -- Up-to-date: /root/ros2_ws/install/tp1/share/ament_index/resource_index/packages/tp1
[6.790s] -- Up-to-date: /root/ros2_ws/install/tp1/share/tp1/cmake/tp1Config.cmake
[6.790s] -- Up-to-date: /root/ros2_ws/install/tp1/share/tp1/cmake/tp1Config-version.cmake
[6.790s] -- Up-to-date: /root/ros2_ws/install/tp1/share/tp1/package.xml
[6.791s] Invoked command in '/root/ros2_ws/build/tp1' returned '0': CMAKE_PREFIX_PATH=${CMAKE_PREFIX_PATH}:/root/ros2_ws/install/py_pubsub:/root/ros2_ws/src/py_pubsub/install/py_pubsub:/opt/ros/jazzy /usr/bin/cmake --install /root/ros2_ws/build/tp1
