[0.398s] Invoking command in '/root/ros2_ws/src/py_pubsub': PYTHONPATH=/root/ros2_ws/src/py_pubsub/build/py_pubsub/prefix_override:/usr/lib/python3/dist-packages/colcon_core/task/python/colcon_distutils_commands:/root/ros2_ws/src/py_pubsub/install/py_pubsub/lib/python3.12/site-packages:${PYTHONPATH} /usr/bin/python3 -W ignore:setup.py install is deprecated -W ignore:easy_install command is deprecated setup.py egg_info --egg-base build/py_pubsub build --build-base /root/ros2_ws/src/py_pubsub/build/py_pubsub/build install --record /root/ros2_ws/src/py_pubsub/build/py_pubsub/install.log --single-version-externally-managed install_data
[0.529s] running egg_info
[0.538s] writing build/py_pubsub/py_pubsub.egg-info/PKG-INFO
[0.538s] writing dependency_links to build/py_pubsub/py_pubsub.egg-info/dependency_links.txt
[0.538s] writing entry points to build/py_pubsub/py_pubsub.egg-info/entry_points.txt
[0.538s] writing requirements to build/py_pubsub/py_pubsub.egg-info/requires.txt
[0.538s] writing top-level names to build/py_pubsub/py_pubsub.egg-info/top_level.txt
[0.556s] reading manifest file 'build/py_pubsub/py_pubsub.egg-info/SOURCES.txt'
[0.556s] writing manifest file 'build/py_pubsub/py_pubsub.egg-info/SOURCES.txt'
[0.556s] running build
[0.556s] running build_py
[0.556s] running install
[0.560s] running install_lib
[0.570s] running install_data
[0.570s] running install_egg_info
[0.580s] removing '/root/ros2_ws/src/py_pubsub/install/py_pubsub/lib/python3.12/site-packages/py_pubsub-0.0.0-py3.12.egg-info' (and everything under it)
[0.580s] Copying build/py_pubsub/py_pubsub.egg-info to /root/ros2_ws/src/py_pubsub/install/py_pubsub/lib/python3.12/site-packages/py_pubsub-0.0.0-py3.12.egg-info
[0.581s] running install_scripts
[0.648s] Installing listener script to /root/ros2_ws/src/py_pubsub/install/py_pubsub/lib/py_pubsub
[0.648s] writing list of installed files to '/root/ros2_ws/src/py_pubsub/build/py_pubsub/install.log'
[0.664s] Invoked command in '/root/ros2_ws/src/py_pubsub' returned '0': PYTHONPATH=/root/ros2_ws/src/py_pubsub/build/py_pubsub/prefix_override:/usr/lib/python3/dist-packages/colcon_core/task/python/colcon_distutils_commands:/root/ros2_ws/src/py_pubsub/install/py_pubsub/lib/python3.12/site-packages:${PYTHONPATH} /usr/bin/python3 -W ignore:setup.py install is deprecated -W ignore:easy_install command is deprecated setup.py egg_info --egg-base build/py_pubsub build --build-base /root/ros2_ws/src/py_pubsub/build/py_pubsub/build install --record /root/ros2_ws/src/py_pubsub/build/py_pubsub/install.log --single-version-externally-managed install_data
