[0.143s] Invoking command in '/root/ros2_ws/build/tp1': CMAKE_PREFIX_PATH=${CMAKE_PREFIX_PATH}:/root/ros2_ws/install/py_pubsub:/root/ros2_ws/src/py_pubsub/install/py_pubsub:/opt/ros/jazzy /usr/bin/cmake --build /root/ros2_ws/build/tp1 -- -j16 -l16
[0.220s] [ 40%] [32mBuilding CXX object CMakeFiles/navigation.dir/src/main.cpp.o[0m
[0.220s] [ 40%] [32mBuilding CXX object CMakeFiles/navigation.dir/src/Perception.cpp.o[0m
[2.185s] [01m[K/root/ros2_ws/src/tp1/src/main.cpp:[m[K In member function ‘[01m[Kvoid NavigationNode::[01;32m[Ktimer_callback[m[K()[m[K’:
[2.185s] [01m[K/root/ros2_ws/src/tp1/src/main.cpp:101:19:[m[K [01;35m[Kwarning: [m[Kvariable ‘[01m[Kmc[m[K’ set but not used [[01;35m[K]8;;https://gcc.gnu.org/onlinedocs/gcc/Warning-Options.html#index-Wunused-but-set-variable-Wunused-but-set-variable]8;;[m[K]
[2.185s]   101 |     MotionControl [01;35m[Kmc[m[K = action_.handlePressedKey(ch);
[2.185s]       |                   [01;35m[K^~[m[K
[9.063s] [ 60%] [32m[1mLinking CXX executable navigation[0m
[9.577s] [100%] Built target navigation
[9.589s] Invoked command in '/root/ros2_ws/build/tp1' returned '0': CMAKE_PREFIX_PATH=${CMAKE_PREFIX_PATH}:/root/ros2_ws/install/py_pubsub:/root/ros2_ws/src/py_pubsub/install/py_pubsub:/opt/ros/jazzy /usr/bin/cmake --build /root/ros2_ws/build/tp1 -- -j16 -l16
[9.590s] Invoking command in '/root/ros2_ws/build/tp1': CMAKE_PREFIX_PATH=${CMAKE_PREFIX_PATH}:/root/ros2_ws/install/py_pubsub:/root/ros2_ws/src/py_pubsub/install/py_pubsub:/opt/ros/jazzy /usr/bin/cmake --install /root/ros2_ws/build/tp1
[9.600s] -- Install configuration: ""
[9.600s] -- Installing: /root/ros2_ws/install/tp1/lib/tp1/navigation
[9.617s] -- Set non-toolchain portion of runtime path of "/root/ros2_ws/install/tp1/lib/tp1/navigation" to ""
[9.617s] -- Up-to-date: /root/ros2_ws/install/tp1/share/tp1/launch
[9.617s] -- Up-to-date: /root/ros2_ws/install/tp1/share/tp1/launch/p3dx-rosaria.launch.py
[9.617s] -- Up-to-date: /root/ros2_ws/install/tp1/share/tp1/config
[9.617s] -- Up-to-date: /root/ros2_ws/install/tp1/share/tp1/config/p3dx.rviz
[9.617s] -- Up-to-date: /root/ros2_ws/install/tp1/share/ament_index/resource_index/package_run_dependencies/tp1
[9.618s] -- Up-to-date: /root/ros2_ws/install/tp1/share/ament_index/resource_index/parent_prefix_path/tp1
[9.618s] -- Up-to-date: /root/ros2_ws/install/tp1/share/tp1/environment/ament_prefix_path.sh
[9.618s] -- Up-to-date: /root/ros2_ws/install/tp1/share/tp1/environment/ament_prefix_path.dsv
[9.618s] -- Up-to-date: /root/ros2_ws/install/tp1/share/tp1/environment/path.sh
[9.618s] -- Up-to-date: /root/ros2_ws/install/tp1/share/tp1/environment/path.dsv
[9.618s] -- Up-to-date: /root/ros2_ws/install/tp1/share/tp1/local_setup.bash
[9.618s] -- Up-to-date: /root/ros2_ws/install/tp1/share/tp1/local_setup.sh
[9.618s] -- Up-to-date: /root/ros2_ws/install/tp1/share/tp1/local_setup.zsh
[9.618s] -- Up-to-date: /root/ros2_ws/install/tp1/share/tp1/local_setup.dsv
[9.618s] -- Installing: /root/ros2_ws/install/tp1/share/tp1/package.dsv
[9.618s] -- Up-to-date: /root/ros2_ws/install/tp1/share/ament_index/resource_index/packages/tp1
[9.618s] -- Up-to-date: /root/ros2_ws/install/tp1/share/tp1/cmake/tp1Config.cmake
[9.618s] -- Up-to-date: /root/ros2_ws/install/tp1/share/tp1/cmake/tp1Config-version.cmake
[9.618s] -- Up-to-date: /root/ros2_ws/install/tp1/share/tp1/package.xml
[9.621s] Invoked command in '/root/ros2_ws/build/tp1' returned '0': CMAKE_PREFIX_PATH=${CMAKE_PREFIX_PATH}:/root/ros2_ws/install/py_pubsub:/root/ros2_ws/src/py_pubsub/install/py_pubsub:/opt/ros/jazzy /usr/bin/cmake --install /root/ros2_ws/build/tp1
