[0.154s] Invoking command in '/root/ros2_ws/build/tp1': CMAKE_PREFIX_PATH=${CMAKE_PREFIX_PATH}:/root/ros2_ws/install/py_pubsub:/root/ros2_ws/src/py_pubsub/install/py_pubsub:/opt/ros/jazzy /usr/bin/cmake --build /root/ros2_ws/build/tp1 -- -j16 -l16
[0.227s] [ 20%] [32mBuilding CXX object CMakeFiles/navigation.dir/src/main.cpp.o[0m
[0.228s] [ 40%] [32mBuilding CXX object CMakeFiles/navigation.dir/src/Perception.cpp.o[0m
[8.767s] [ 60%] [32m[1mLinking CXX executable navigation[0m
[9.251s] [100%] Built target navigation
[9.263s] Invoked command in '/root/ros2_ws/build/tp1' returned '0': CMAKE_PREFIX_PATH=${CMAKE_PREFIX_PATH}:/root/ros2_ws/install/py_pubsub:/root/ros2_ws/src/py_pubsub/install/py_pubsub:/opt/ros/jazzy /usr/bin/cmake --build /root/ros2_ws/build/tp1 -- -j16 -l16
[9.264s] Invoking command in '/root/ros2_ws/build/tp1': CMAKE_PREFIX_PATH=${CMAKE_PREFIX_PATH}:/root/ros2_ws/install/py_pubsub:/root/ros2_ws/src/py_pubsub/install/py_pubsub:/opt/ros/jazzy /usr/bin/cmake --install /root/ros2_ws/build/tp1
[9.271s] -- Install configuration: ""
[9.271s] -- Installing: /root/ros2_ws/install/tp1/lib/tp1/navigation
[9.288s] -- Set non-toolchain portion of runtime path of "/root/ros2_ws/install/tp1/lib/tp1/navigation" to ""
[9.288s] -- Up-to-date: /root/ros2_ws/install/tp1/share/tp1/launch
[9.289s] -- Up-to-date: /root/ros2_ws/install/tp1/share/tp1/launch/p3dx-rosaria.launch.py
[9.289s] -- Up-to-date: /root/ros2_ws/install/tp1/share/tp1/config
[9.289s] -- Up-to-date: /root/ros2_ws/install/tp1/share/tp1/config/p3dx.rviz
[9.289s] -- Up-to-date: /root/ros2_ws/install/tp1/share/ament_index/resource_index/package_run_dependencies/tp1
[9.289s] -- Up-to-date: /root/ros2_ws/install/tp1/share/ament_index/resource_index/parent_prefix_path/tp1
[9.289s] -- Up-to-date: /root/ros2_ws/install/tp1/share/tp1/environment/ament_prefix_path.sh
[9.289s] -- Up-to-date: /root/ros2_ws/install/tp1/share/tp1/environment/ament_prefix_path.dsv
[9.290s] -- Up-to-date: /root/ros2_ws/install/tp1/share/tp1/environment/path.sh
[9.290s] -- Up-to-date: /root/ros2_ws/install/tp1/share/tp1/environment/path.dsv
[9.290s] -- Up-to-date: /root/ros2_ws/install/tp1/share/tp1/local_setup.bash
[9.290s] -- Up-to-date: /root/ros2_ws/install/tp1/share/tp1/local_setup.sh
[9.290s] -- Up-to-date: /root/ros2_ws/install/tp1/share/tp1/local_setup.zsh
[9.290s] -- Up-to-date: /root/ros2_ws/install/tp1/share/tp1/local_setup.dsv
[9.290s] -- Installing: /root/ros2_ws/install/tp1/share/tp1/package.dsv
[9.290s] -- Up-to-date: /root/ros2_ws/install/tp1/share/ament_index/resource_index/packages/tp1
[9.290s] -- Up-to-date: /root/ros2_ws/install/tp1/share/tp1/cmake/tp1Config.cmake
[9.290s] -- Up-to-date: /root/ros2_ws/install/tp1/share/tp1/cmake/tp1Config-version.cmake
[9.290s] -- Up-to-date: /root/ros2_ws/install/tp1/share/tp1/package.xml
[9.291s] Invoked command in '/root/ros2_ws/build/tp1' returned '0': CMAKE_PREFIX_PATH=${CMAKE_PREFIX_PATH}:/root/ros2_ws/install/py_pubsub:/root/ros2_ws/src/py_pubsub/install/py_pubsub:/opt/ros/jazzy /usr/bin/cmake --install /root/ros2_ws/build/tp1
