[0.015s] Invoking command in '/root/ros2_ws/src/tp1/build/tp1': CMAKE_PREFIX_PATH=${CMAKE_PREFIX_PATH}:/root/ros2_ws/install/py_pubsub:/root/ros2_ws/src/py_pubsub/install/py_pubsub:/opt/ros/jazzy /usr/bin/cmake /root/ros2_ws/src/tp1 -DCMAKE_INSTALL_PREFIX=/root/ros2_ws/src/tp1/install/tp1
[0.243s] -- The C compiler identification is GNU 13.3.0
[0.915s] -- The CXX compiler identification is GNU 13.3.0
[1.508s] -- Detecting C compiler ABI info
[1.777s] -- Detecting C compiler ABI info - done
[1.784s] -- Check for working C compiler: /usr/bin/cc - skipped
[1.784s] -- Detecting C compile features
[1.785s] -- Detecting C compile features - done
[1.880s] -- Detecting CXX compiler ABI info
[2.141s] -- Detecting CXX compiler ABI info - done
[2.147s] -- Check for working CXX compiler: /usr/bin/c++ - skipped
[2.148s] -- Detecting CXX compile features
[2.148s] -- Detecting CXX compile features - done
[2.162s] -- Found ament_cmake: 2.5.3 (/opt/ros/jazzy/share/ament_cmake/cmake)
[2.299s] -- Found Python3: /usr/bin/python3 (found version "3.12.3") found components: Interpreter 
[2.446s] -- Found rclcpp: 28.1.8 (/opt/ros/jazzy/share/rclcpp/cmake)
[2.652s] -- Found rosidl_generator_c: 4.6.5 (/opt/ros/jazzy/share/rosidl_generator_c/cmake)
[2.674s] -- Found rosidl_generator_cpp: 4.6.5 (/opt/ros/jazzy/share/rosidl_generator_cpp/cmake)
[2.704s] -- Using all available rosidl_typesupport_c: rosidl_typesupport_fastrtps_c;rosidl_typesupport_introspection_c
[2.734s] -- Using all available rosidl_typesupport_cpp: rosidl_typesupport_fastrtps_cpp;rosidl_typesupport_introspection_cpp
[2.850s] -- Found rmw_implementation_cmake: 7.3.2 (/opt/ros/jazzy/share/rmw_implementation_cmake/cmake)
[2.857s] -- Found rmw_fastrtps_cpp: 8.4.2 (/opt/ros/jazzy/share/rmw_fastrtps_cpp/cmake)
[2.987s] -- Found OpenSSL: /usr/lib/x86_64-linux-gnu/libcrypto.so (found version "3.0.13")  
[3.168s] -- Found FastRTPS: /opt/ros/jazzy/include (Required is at least version "2.13") 
[3.269s] -- Using RMW implementation 'rmw_fastrtps_cpp' as default
[3.495s] -- Found sensor_msgs: 5.3.6 (/opt/ros/jazzy/share/sensor_msgs/cmake)
[3.572s] -- Found nav_msgs: 5.3.6 (/opt/ros/jazzy/share/nav_msgs/cmake)
[3.604s] -- Found tf2: 0.36.9 (/opt/ros/jazzy/share/tf2/cmake)
[3.613s] -- Found tf2_geometry_msgs: 0.36.9 (/opt/ros/jazzy/share/tf2_geometry_msgs/cmake)
[3.682s] -- Found eigen3_cmake_module: 0.3.0 (/opt/ros/jazzy/share/eigen3_cmake_module/cmake)
[3.684s] -- Found Eigen3: TRUE (found version "3.4.0") 
[3.684s] -- Ensuring Eigen3 include directory is part of orocos-kdl CMake target
[4.618s] [33mCMake Warning (dev) at /usr/share/cmake-3.28/Modules/FindOpenGL.cmake:381 (message):
[4.618s]   Policy CMP0072 is not set: FindOpenGL prefers GLVND by default when
[4.618s]   available.  Run "cmake --help-policy CMP0072" for policy details.  Use the
[4.618s]   cmake_policy command to set the policy and suppress this warning.
[4.618s] 
[4.618s]   FindOpenGL found both a legacy GL library:
[4.619s] 
[4.619s]     OPENGL_gl_LIBRARY: /usr/lib/x86_64-linux-gnu/libGL.so
[4.619s] 
[4.619s]   and GLVND libraries for OpenGL and GLX:
[4.619s] 
[4.619s]     OPENGL_opengl_LIBRARY: /usr/lib/x86_64-linux-gnu/libOpenGL.so
[4.619s]     OPENGL_glx_LIBRARY: /usr/lib/x86_64-linux-gnu/libGLX.so
[4.619s] 
[4.619s]   OpenGL_GL_PREFERENCE has not been set to "GLVND" or "LEGACY", so for
[4.619s]   compatibility with CMake 3.10 and below the legacy GL library will be used.
[4.619s] Call Stack (most recent call first):
[4.620s]   CMakeLists.txt:18 (find_package)
[4.620s] This warning is for project developers.  Use -Wno-dev to suppress it.
[4.620s] [0m
[4.620s] -- Found OpenGL: /usr/lib/x86_64-linux-gnu/libOpenGL.so   
[4.769s] -- Found GLUT: /usr/lib/x86_64-linux-gnu/libglut.so  
[4.775s] -- Found ament_lint_auto: 0.17.2 (/opt/ros/jazzy/share/ament_lint_auto/cmake)
[4.889s] -- Added test 'cppcheck' to perform static code analysis on C / C++ code
[4.889s] -- Configured cppcheck include dirs: $<BUILD_INTERFACE:/root/ros2_ws/src/tp1/include>
[4.889s] -- Configured cppcheck exclude dirs and/or files: 
[4.892s] -- Added test 'flake8' to check Python code syntax and style conventions
[4.892s] -- Configured 'flake8' exclude dirs and/or files: 
[4.896s] -- Added test 'lint_cmake' to check CMake code style
[4.899s] -- Added test 'pep257' to check Python code against some of the docstring style conventions in PEP 257
[4.909s] -- Added test 'uncrustify' to check C / C++ code style
[4.909s] -- Configured uncrustify additional arguments: 
[4.912s] -- Added test 'xmllint' to check XML markup files
[4.915s] -- Configuring done (4.9s)
[4.940s] -- Generating done (0.0s)
[4.945s] -- Build files have been written to: /root/ros2_ws/src/tp1/build/tp1
[4.955s] Invoked command in '/root/ros2_ws/src/tp1/build/tp1' returned '0': CMAKE_PREFIX_PATH=${CMAKE_PREFIX_PATH}:/root/ros2_ws/install/py_pubsub:/root/ros2_ws/src/py_pubsub/install/py_pubsub:/opt/ros/jazzy /usr/bin/cmake /root/ros2_ws/src/tp1 -DCMAKE_INSTALL_PREFIX=/root/ros2_ws/src/tp1/install/tp1
[4.956s] Invoking command in '/root/ros2_ws/src/tp1/build/tp1': CMAKE_PREFIX_PATH=${CMAKE_PREFIX_PATH}:/root/ros2_ws/install/py_pubsub:/root/ros2_ws/src/py_pubsub/install/py_pubsub:/opt/ros/jazzy /usr/bin/cmake --build /root/ros2_ws/src/tp1/build/tp1 -- -j16 -l16
[5.013s] [ 40%] [32mBuilding CXX object CMakeFiles/navigation.dir/src/Action.cpp.o[0m
[5.013s] [ 40%] [32mBuilding CXX object CMakeFiles/navigation.dir/src/main.cpp.o[0m
[5.013s] [ 60%] [32mBuilding CXX object CMakeFiles/navigation.dir/src/Perception.cpp.o[0m
[5.014s] [ 80%] [32mBuilding CXX object CMakeFiles/navigation.dir/src/Utils.cpp.o[0m
[13.991s] [100%] [32m[1mLinking CXX executable navigation[0m
[14.646s] [100%] Built target navigation
[14.659s] Invoked command in '/root/ros2_ws/src/tp1/build/tp1' returned '0': CMAKE_PREFIX_PATH=${CMAKE_PREFIX_PATH}:/root/ros2_ws/install/py_pubsub:/root/ros2_ws/src/py_pubsub/install/py_pubsub:/opt/ros/jazzy /usr/bin/cmake --build /root/ros2_ws/src/tp1/build/tp1 -- -j16 -l16
[14.670s] Invoking command in '/root/ros2_ws/src/tp1/build/tp1': CMAKE_PREFIX_PATH=${CMAKE_PREFIX_PATH}:/root/ros2_ws/install/py_pubsub:/root/ros2_ws/src/py_pubsub/install/py_pubsub:/opt/ros/jazzy /usr/bin/cmake --install /root/ros2_ws/src/tp1/build/tp1
[14.679s] -- Install configuration: ""
[14.679s] -- Installing: /root/ros2_ws/src/tp1/install/tp1/lib/tp1/navigation
[14.692s] -- Set non-toolchain portion of runtime path of "/root/ros2_ws/src/tp1/install/tp1/lib/tp1/navigation" to ""
[14.693s] -- Installing: /root/ros2_ws/src/tp1/install/tp1/share/tp1/launch
[14.693s] -- Installing: /root/ros2_ws/src/tp1/install/tp1/share/tp1/launch/p3dx-rosaria.launch.py
[14.693s] -- Installing: /root/ros2_ws/src/tp1/install/tp1/share/tp1/config
[14.694s] -- Installing: /root/ros2_ws/src/tp1/install/tp1/share/tp1/config/p3dx.rviz
[14.696s] -- Installing: /root/ros2_ws/src/tp1/install/tp1/share/ament_index/resource_index/package_run_dependencies/tp1
[14.696s] -- Installing: /root/ros2_ws/src/tp1/install/tp1/share/ament_index/resource_index/parent_prefix_path/tp1
[14.697s] -- Installing: /root/ros2_ws/src/tp1/install/tp1/share/tp1/environment/ament_prefix_path.sh
[14.697s] -- Installing: /root/ros2_ws/src/tp1/install/tp1/share/tp1/environment/ament_prefix_path.dsv
[14.697s] -- Installing: /root/ros2_ws/src/tp1/install/tp1/share/tp1/environment/path.sh
[14.697s] -- Installing: /root/ros2_ws/src/tp1/install/tp1/share/tp1/environment/path.dsv
[14.698s] -- Installing: /root/ros2_ws/src/tp1/install/tp1/share/tp1/local_setup.bash
[14.698s] -- Installing: /root/ros2_ws/src/tp1/install/tp1/share/tp1/local_setup.sh
[14.698s] -- Installing: /root/ros2_ws/src/tp1/install/tp1/share/tp1/local_setup.zsh
[14.698s] -- Installing: /root/ros2_ws/src/tp1/install/tp1/share/tp1/local_setup.dsv
[14.698s] -- Installing: /root/ros2_ws/src/tp1/install/tp1/share/tp1/package.dsv
[14.699s] -- Installing: /root/ros2_ws/src/tp1/install/tp1/share/ament_index/resource_index/packages/tp1
[14.699s] -- Installing: /root/ros2_ws/src/tp1/install/tp1/share/tp1/cmake/tp1Config.cmake
[14.700s] -- Installing: /root/ros2_ws/src/tp1/install/tp1/share/tp1/cmake/tp1Config-version.cmake
[14.700s] -- Installing: /root/ros2_ws/src/tp1/install/tp1/share/tp1/package.xml
[14.702s] Invoked command in '/root/ros2_ws/src/tp1/build/tp1' returned '0': CMAKE_PREFIX_PATH=${CMAKE_PREFIX_PATH}:/root/ros2_ws/install/py_pubsub:/root/ros2_ws/src/py_pubsub/install/py_pubsub:/opt/ros/jazzy /usr/bin/cmake --install /root/ros2_ws/src/tp1/build/tp1
