In file included from [01m[K/root/ros2_ws/src/tp1/src/Action.cpp:1[m[K:
[01m[K/root/ros2_ws/src/tp1/include/Action.h:6:10:[m[K [01;31m[Kfatal error: [m[Ktorch/torch.h: No such file or directory
    6 | #include [01;31m[K<torch/torch.h>[m[K
      |          [01;31m[K^~~~~~~~~~~~~~~[m[K
compilation terminated.
gmake[2]: *** [CMakeFiles/navigation.dir/build.make:90: CMakeFiles/navigation.dir/src/Action.cpp.o] Error 1
gmake[2]: *** Waiting for unfinished jobs....
[01m[K/root/ros2_ws/src/tp1/src/Perception.cpp:[m[K In member function ‘[01m[Kstd::vector<float, std::allocator<float> > Perception::[01;32m[KgetLatestSonarRanges[m[K()[m[K’:
[01m[K/root/ros2_ws/src/tp1/src/Perception.cpp:146:9:[m[K [01;35m[Kwarning: [m[Kunused variable ‘[01m[Knumbytes[m[K’ [[01;35m[K]8;;https://gcc.gnu.org/onlinedocs/gcc/Warning-Options.html#index-Wunused-variable-Wunused-variable]8;;[m[K]
  146 |     int [01;35m[Knumbytes[m[K = sonarROS.data.size();
      |         [01;35m[K^~~~~~~~[m[K
[01m[K/root/ros2_ws/src/tp1/src/Perception.cpp:147:9:[m[K [01;35m[Kwarning: [m[Kunused variable ‘[01m[Knumfields[m[K’ [[01;35m[K]8;;https://gcc.gnu.org/onlinedocs/gcc/Warning-Options.html#index-Wunused-variable-Wunused-variable]8;;[m[K]
  147 |     int [01;35m[Knumfields[m[K = sonarROS.fields.size();
      |         [01;35m[K^~~~~~~~~[m[K
In file included from [01m[K/root/ros2_ws/src/tp1/src/main.cpp:9[m[K:
[01m[K/root/ros2_ws/src/tp1/include/Action.h:6:10:[m[K [01;31m[Kfatal error: [m[Ktorch/torch.h: No such file or directory
    6 | #include [01;31m[K<torch/torch.h>[m[K
      |          [01;31m[K^~~~~~~~~~~~~~~[m[K
compilation terminated.
gmake[2]: *** [CMakeFiles/navigation.dir/build.make:76: CMakeFiles/navigation.dir/src/main.cpp.o] Error 1
gmake[1]: *** [CMakeFiles/Makefile2:137: CMakeFiles/navigation.dir/all] Error 2
gmake: *** [Makefile:146: all] Error 2
