[0.135s] Invoking command in '/root/ros2_ws/build/tp1': CMAKE_PREFIX_PATH=${CMAKE_PREFIX_PATH}:/root/ros2_ws/install/py_pubsub:/root/ros2_ws/src/py_pubsub/install/py_pubsub:/opt/ros/jazzy /usr/bin/cmake --build /root/ros2_ws/build/tp1 -- -j16 -l16
[0.178s] [ 20%] [32mBuilding CXX object CMakeFiles/navigation.dir/src/main.cpp.o[0m
[1.457s] [01m[K/root/ros2_ws/src/tp1/src/main.cpp:[m[K In function ‘[01m[Kvoid*[01;32m[K keyboardThreadFunction[m[K(void*)[m[K’:
[1.457s] [01m[K/root/ros2_ws/src/tp1/src/main.cpp:89:36:[m[K [01;35m[Kwarning: [m[Kunused parameter ‘[01m[Karg[m[K’ [[01;35m[K]8;;https://gcc.gnu.org/onlinedocs/gcc/Warning-Options.html#index-Wunused-parameter-Wunused-parameter]8;;[m[K]
[1.457s]    89 | void *keyboardThreadFunction([01;35m[Kvoid *arg[m[K)
[1.457s]       |                              [01;35m[K~~~~~~^~~[m[K
[1.458s] [01m[K/root/ros2_ws/src/tp1/src/main.cpp:[m[K In function ‘[01m[Kvoid*[01;32m[K mainThreadFunction[m[K(void*)[m[K’:
[1.458s] [01m[K/root/ros2_ws/src/tp1/src/main.cpp:103:32:[m[K [01;35m[Kwarning: [m[Kunused parameter ‘[01m[Karg[m[K’ [[01;35m[K]8;;https://gcc.gnu.org/onlinedocs/gcc/Warning-Options.html#index-Wunused-parameter-Wunused-parameter]8;;[m[K]
[1.458s]   103 | void *mainThreadFunction([01;35m[Kvoid *arg[m[K)
[1.458s]       |                          [01;35m[K~~~~~~^~~[m[K
[7.458s] [ 40%] [32m[1mLinking CXX executable navigation[0m
[7.847s] [100%] Built target navigation
[7.853s] Invoked command in '/root/ros2_ws/build/tp1' returned '0': CMAKE_PREFIX_PATH=${CMAKE_PREFIX_PATH}:/root/ros2_ws/install/py_pubsub:/root/ros2_ws/src/py_pubsub/install/py_pubsub:/opt/ros/jazzy /usr/bin/cmake --build /root/ros2_ws/build/tp1 -- -j16 -l16
[7.854s] Invoking command in '/root/ros2_ws/build/tp1': CMAKE_PREFIX_PATH=${CMAKE_PREFIX_PATH}:/root/ros2_ws/install/py_pubsub:/root/ros2_ws/src/py_pubsub/install/py_pubsub:/opt/ros/jazzy /usr/bin/cmake --install /root/ros2_ws/build/tp1
[7.859s] -- Install configuration: ""
[7.859s] -- Installing: /root/ros2_ws/install/tp1/lib/tp1/navigation
[7.867s] -- Set non-toolchain portion of runtime path of "/root/ros2_ws/install/tp1/lib/tp1/navigation" to ""
[7.867s] -- Up-to-date: /root/ros2_ws/install/tp1/share/tp1/launch
[7.867s] -- Up-to-date: /root/ros2_ws/install/tp1/share/tp1/launch/p3dx-rosaria.launch.py
[7.867s] -- Up-to-date: /root/ros2_ws/install/tp1/share/tp1/config
[7.867s] -- Up-to-date: /root/ros2_ws/install/tp1/share/tp1/config/p3dx.rviz
[7.867s] -- Up-to-date: /root/ros2_ws/install/tp1/share/ament_index/resource_index/package_run_dependencies/tp1
[7.868s] -- Installing: /root/ros2_ws/install/tp1/share/ament_index/resource_index/parent_prefix_path/tp1
[7.868s] -- Up-to-date: /root/ros2_ws/install/tp1/share/tp1/environment/ament_prefix_path.sh
[7.868s] -- Up-to-date: /root/ros2_ws/install/tp1/share/tp1/environment/ament_prefix_path.dsv
[7.868s] -- Up-to-date: /root/ros2_ws/install/tp1/share/tp1/environment/path.sh
[7.868s] -- Up-to-date: /root/ros2_ws/install/tp1/share/tp1/environment/path.dsv
[7.868s] -- Up-to-date: /root/ros2_ws/install/tp1/share/tp1/local_setup.bash
[7.869s] -- Up-to-date: /root/ros2_ws/install/tp1/share/tp1/local_setup.sh
[7.869s] -- Up-to-date: /root/ros2_ws/install/tp1/share/tp1/local_setup.zsh
[7.869s] -- Up-to-date: /root/ros2_ws/install/tp1/share/tp1/local_setup.dsv
[7.869s] -- Installing: /root/ros2_ws/install/tp1/share/tp1/package.dsv
[7.869s] -- Up-to-date: /root/ros2_ws/install/tp1/share/ament_index/resource_index/packages/tp1
[7.869s] -- Up-to-date: /root/ros2_ws/install/tp1/share/tp1/cmake/tp1Config.cmake
[7.869s] -- Up-to-date: /root/ros2_ws/install/tp1/share/tp1/cmake/tp1Config-version.cmake
[7.869s] -- Up-to-date: /root/ros2_ws/install/tp1/share/tp1/package.xml
[7.870s] Invoked command in '/root/ros2_ws/build/tp1' returned '0': CMAKE_PREFIX_PATH=${CMAKE_PREFIX_PATH}:/root/ros2_ws/install/py_pubsub:/root/ros2_ws/src/py_pubsub/install/py_pubsub:/opt/ros/jazzy /usr/bin/cmake --install /root/ros2_ws/build/tp1
