[0.144s] Invoking command in '/root/ros2_ws/build/tp1': CMAKE_PREFIX_PATH=${CMAKE_PREFIX_PATH}:/root/ros2_ws/install/py_pubsub:/root/ros2_ws/src/py_pubsub/install/py_pubsub:/opt/ros/jazzy /usr/bin/cmake --build /root/ros2_ws/build/tp1 -- -j16 -l16
[0.219s] [ 20%] [32mBuilding CXX object CMakeFiles/navigation.dir/src/Action.cpp.o[0m
[0.579s] [ 40%] [32m[1mLinking CXX executable navigation[0m
[1.065s] [100%] Built target navigation
[1.077s] Invoked command in '/root/ros2_ws/build/tp1' returned '0': CMAKE_PREFIX_PATH=${CMAKE_PREFIX_PATH}:/root/ros2_ws/install/py_pubsub:/root/ros2_ws/src/py_pubsub/install/py_pubsub:/opt/ros/jazzy /usr/bin/cmake --build /root/ros2_ws/build/tp1 -- -j16 -l16
[1.079s] Invoking command in '/root/ros2_ws/build/tp1': CMAKE_PREFIX_PATH=${CMAKE_PREFIX_PATH}:/root/ros2_ws/install/py_pubsub:/root/ros2_ws/src/py_pubsub/install/py_pubsub:/opt/ros/jazzy /usr/bin/cmake --install /root/ros2_ws/build/tp1
[1.088s] -- Install configuration: ""
[1.088s] -- Installing: /root/ros2_ws/install/tp1/lib/tp1/navigation
[1.103s] -- Set non-toolchain portion of runtime path of "/root/ros2_ws/install/tp1/lib/tp1/navigation" to ""
[1.103s] -- Up-to-date: /root/ros2_ws/install/tp1/share/tp1/launch
[1.104s] -- Up-to-date: /root/ros2_ws/install/tp1/share/tp1/launch/p3dx-rosaria.launch.py
[1.104s] -- Up-to-date: /root/ros2_ws/install/tp1/share/tp1/config
[1.104s] -- Up-to-date: /root/ros2_ws/install/tp1/share/tp1/config/p3dx.rviz
[1.104s] -- Up-to-date: /root/ros2_ws/install/tp1/share/ament_index/resource_index/package_run_dependencies/tp1
[1.104s] -- Up-to-date: /root/ros2_ws/install/tp1/share/ament_index/resource_index/parent_prefix_path/tp1
[1.105s] -- Up-to-date: /root/ros2_ws/install/tp1/share/tp1/environment/ament_prefix_path.sh
[1.105s] -- Up-to-date: /root/ros2_ws/install/tp1/share/tp1/environment/ament_prefix_path.dsv
[1.105s] -- Up-to-date: /root/ros2_ws/install/tp1/share/tp1/environment/path.sh
[1.105s] -- Up-to-date: /root/ros2_ws/install/tp1/share/tp1/environment/path.dsv
[1.105s] -- Up-to-date: /root/ros2_ws/install/tp1/share/tp1/local_setup.bash
[1.105s] -- Up-to-date: /root/ros2_ws/install/tp1/share/tp1/local_setup.sh
[1.105s] -- Up-to-date: /root/ros2_ws/install/tp1/share/tp1/local_setup.zsh
[1.105s] -- Up-to-date: /root/ros2_ws/install/tp1/share/tp1/local_setup.dsv
[1.105s] -- Installing: /root/ros2_ws/install/tp1/share/tp1/package.dsv
[1.105s] -- Up-to-date: /root/ros2_ws/install/tp1/share/ament_index/resource_index/packages/tp1
[1.105s] -- Up-to-date: /root/ros2_ws/install/tp1/share/tp1/cmake/tp1Config.cmake
[1.105s] -- Up-to-date: /root/ros2_ws/install/tp1/share/tp1/cmake/tp1Config-version.cmake
[1.105s] -- Up-to-date: /root/ros2_ws/install/tp1/share/tp1/package.xml
[1.107s] Invoked command in '/root/ros2_ws/build/tp1' returned '0': CMAKE_PREFIX_PATH=${CMAKE_PREFIX_PATH}:/root/ros2_ws/install/py_pubsub:/root/ros2_ws/src/py_pubsub/install/py_pubsub:/opt/ros/jazzy /usr/bin/cmake --install /root/ros2_ws/build/tp1
