[0.126s] Invoking command in '/root/ros2_ws/build/tp1': CMAKE_PREFIX_PATH=${CMAKE_PREFIX_PATH}:/root/ros2_ws/install/py_pubsub:/root/ros2_ws/src/py_pubsub/install/py_pubsub:/opt/ros/jazzy /usr/bin/cmake --build /root/ros2_ws/build/tp1 -- -j16 -l16
[0.162s] gmake[2]: Warning: File 'navigation' has modification time 10477 s in the future
[0.163s] gmake[2]: warning:  Clock skew detected.  Your build may be incomplete.
[0.167s] [100%] Built target navigation
[0.175s] Invoked command in '/root/ros2_ws/build/tp1' returned '0': CMAKE_PREFIX_PATH=${CMAKE_PREFIX_PATH}:/root/ros2_ws/install/py_pubsub:/root/ros2_ws/src/py_pubsub/install/py_pubsub:/opt/ros/jazzy /usr/bin/cmake --build /root/ros2_ws/build/tp1 -- -j16 -l16
[0.176s] Invoking command in '/root/ros2_ws/build/tp1': CMAKE_PREFIX_PATH=${CMAKE_PREFIX_PATH}:/root/ros2_ws/install/py_pubsub:/root/ros2_ws/src/py_pubsub/install/py_pubsub:/opt/ros/jazzy /usr/bin/cmake --install /root/ros2_ws/build/tp1
[0.180s] -- Install configuration: ""
[0.180s] -- Up-to-date: /root/ros2_ws/install/tp1/lib/tp1/navigation
[0.181s] -- Up-to-date: /root/ros2_ws/install/tp1/share/tp1/launch
[0.181s] -- Up-to-date: /root/ros2_ws/install/tp1/share/tp1/launch/p3dx-rosaria.launch.py
[0.181s] -- Up-to-date: /root/ros2_ws/install/tp1/share/tp1/config
[0.181s] -- Up-to-date: /root/ros2_ws/install/tp1/share/tp1/config/p3dx.rviz
[0.182s] -- Up-to-date: /root/ros2_ws/install/tp1/share/ament_index/resource_index/package_run_dependencies/tp1
[0.182s] -- Up-to-date: /root/ros2_ws/install/tp1/share/ament_index/resource_index/parent_prefix_path/tp1
[0.182s] -- Up-to-date: /root/ros2_ws/install/tp1/share/tp1/environment/ament_prefix_path.sh
[0.182s] -- Up-to-date: /root/ros2_ws/install/tp1/share/tp1/environment/ament_prefix_path.dsv
[0.183s] -- Up-to-date: /root/ros2_ws/install/tp1/share/tp1/environment/path.sh
[0.183s] -- Up-to-date: /root/ros2_ws/install/tp1/share/tp1/environment/path.dsv
[0.183s] -- Up-to-date: /root/ros2_ws/install/tp1/share/tp1/local_setup.bash
[0.183s] -- Up-to-date: /root/ros2_ws/install/tp1/share/tp1/local_setup.sh
[0.183s] -- Up-to-date: /root/ros2_ws/install/tp1/share/tp1/local_setup.zsh
[0.184s] -- Up-to-date: /root/ros2_ws/install/tp1/share/tp1/local_setup.dsv
[0.184s] -- Installing: /root/ros2_ws/install/tp1/share/tp1/package.dsv
[0.184s] -- Up-to-date: /root/ros2_ws/install/tp1/share/ament_index/resource_index/packages/tp1
[0.184s] -- Up-to-date: /root/ros2_ws/install/tp1/share/tp1/cmake/tp1Config.cmake
[0.184s] -- Up-to-date: /root/ros2_ws/install/tp1/share/tp1/cmake/tp1Config-version.cmake
[0.184s] -- Up-to-date: /root/ros2_ws/install/tp1/share/tp1/package.xml
[0.185s] Invoked command in '/root/ros2_ws/build/tp1' returned '0': CMAKE_PREFIX_PATH=${CMAKE_PREFIX_PATH}:/root/ros2_ws/install/py_pubsub:/root/ros2_ws/src/py_pubsub/install/py_pubsub:/opt/ros/jazzy /usr/bin/cmake --install /root/ros2_ws/build/tp1
