[0.868s] Invoking command in '/root/ros2_ws/src/py_pubsub': PYTHONPATH=/root/ros2_ws/build/py_pubsub/prefix_override:/usr/lib/python3/dist-packages/colcon_core/task/python/colcon_distutils_commands:/root/ros2_ws/install/py_pubsub/lib/python3.12/site-packages:${PYTHONPATH} /usr/bin/python3 -W ignore:setup.py install is deprecated -W ignore:easy_install command is deprecated setup.py egg_info --egg-base ../../build/py_pubsub build --build-base /root/ros2_ws/build/py_pubsub/build install --record /root/ros2_ws/build/py_pubsub/install.log --single-version-externally-managed install_data
[1.015s] running egg_info
[1.026s] writing ../../build/py_pubsub/py_pubsub.egg-info/PKG-INFO
[1.027s] writing dependency_links to ../../build/py_pubsub/py_pubsub.egg-info/dependency_links.txt
[1.027s] writing entry points to ../../build/py_pubsub/py_pubsub.egg-info/entry_points.txt
[1.027s] writing requirements to ../../build/py_pubsub/py_pubsub.egg-info/requires.txt
[1.027s] writing top-level names to ../../build/py_pubsub/py_pubsub.egg-info/top_level.txt
[1.059s] reading manifest file '../../build/py_pubsub/py_pubsub.egg-info/SOURCES.txt'
[1.060s] writing manifest file '../../build/py_pubsub/py_pubsub.egg-info/SOURCES.txt'
[1.060s] running build
[1.060s] running build_py
[1.060s] running install
[1.063s] running install_lib
[1.074s] running install_data
[1.074s] running install_egg_info
[1.084s] removing '/root/ros2_ws/install/py_pubsub/lib/python3.12/site-packages/py_pubsub-0.0.0-py3.12.egg-info' (and everything under it)
[1.087s] Copying ../../build/py_pubsub/py_pubsub.egg-info to /root/ros2_ws/install/py_pubsub/lib/python3.12/site-packages/py_pubsub-0.0.0-py3.12.egg-info
[1.088s] running install_scripts
[1.157s] Installing listener script to /root/ros2_ws/install/py_pubsub/lib/py_pubsub
[1.157s] writing list of installed files to '/root/ros2_ws/build/py_pubsub/install.log'
[1.174s] Invoked command in '/root/ros2_ws/src/py_pubsub' returned '0': PYTHONPATH=/root/ros2_ws/build/py_pubsub/prefix_override:/usr/lib/python3/dist-packages/colcon_core/task/python/colcon_distutils_commands:/root/ros2_ws/install/py_pubsub/lib/python3.12/site-packages:${PYTHONPATH} /usr/bin/python3 -W ignore:setup.py install is deprecated -W ignore:easy_install command is deprecated setup.py egg_info --egg-base ../../build/py_pubsub build --build-base /root/ros2_ws/build/py_pubsub/build install --record /root/ros2_ws/build/py_pubsub/install.log --single-version-externally-managed install_data
