[0.512s] Invoking command in '/root/ros2_ws/src/py_pubsub': PYTHONPATH=/root/ros2_ws/build/py_pubsub/prefix_override:/usr/lib/python3/dist-packages/colcon_core/task/python/colcon_distutils_commands:/root/ros2_ws/install/py_pubsub/lib/python3.12/site-packages:${PYTHONPATH} /usr/bin/python3 -W ignore:setup.py install is deprecated -W ignore:easy_install command is deprecated setup.py egg_info --egg-base ../../build/py_pubsub build --build-base /root/ros2_ws/build/py_pubsub/build install --record /root/ros2_ws/build/py_pubsub/install.log --single-version-externally-managed install_data
[0.679s] running egg_info
[0.679s] creating ../../build/py_pubsub/py_pubsub.egg-info
[0.690s] writing ../../build/py_pubsub/py_pubsub.egg-info/PKG-INFO
[0.690s] writing dependency_links to ../../build/py_pubsub/py_pubsub.egg-info/dependency_links.txt
[0.690s] writing entry points to ../../build/py_pubsub/py_pubsub.egg-info/entry_points.txt
[0.690s] writing requirements to ../../build/py_pubsub/py_pubsub.egg-info/requires.txt
[0.691s] writing top-level names to ../../build/py_pubsub/py_pubsub.egg-info/top_level.txt
[0.691s] writing manifest file '../../build/py_pubsub/py_pubsub.egg-info/SOURCES.txt'
[0.712s] reading manifest file '../../build/py_pubsub/py_pubsub.egg-info/SOURCES.txt'
[0.712s] writing manifest file '../../build/py_pubsub/py_pubsub.egg-info/SOURCES.txt'
[0.713s] running build
[0.713s] running build_py
[0.713s] creating /root/ros2_ws/build/py_pubsub/build
[0.713s] creating /root/ros2_ws/build/py_pubsub/build/lib
[0.713s] creating /root/ros2_ws/build/py_pubsub/build/lib/py_pubsub
[0.714s] copying py_pubsub/subscriber_member_function.py -> /root/ros2_ws/build/py_pubsub/build/lib/py_pubsub
[0.715s] copying py_pubsub/__init__.py -> /root/ros2_ws/build/py_pubsub/build/lib/py_pubsub
[0.715s] running install
[0.719s] running install_lib
[0.731s] creating /root/ros2_ws/install/py_pubsub/lib/python3.12/site-packages/py_pubsub
[0.731s] copying /root/ros2_ws/build/py_pubsub/build/lib/py_pubsub/subscriber_member_function.py -> /root/ros2_ws/install/py_pubsub/lib/python3.12/site-packages/py_pubsub
[0.731s] copying /root/ros2_ws/build/py_pubsub/build/lib/py_pubsub/__init__.py -> /root/ros2_ws/install/py_pubsub/lib/python3.12/site-packages/py_pubsub
[0.732s] byte-compiling /root/ros2_ws/install/py_pubsub/lib/python3.12/site-packages/py_pubsub/subscriber_member_function.py to subscriber_member_function.cpython-312.pyc
[0.732s] byte-compiling /root/ros2_ws/install/py_pubsub/lib/python3.12/site-packages/py_pubsub/__init__.py to __init__.cpython-312.pyc
[0.733s] running install_data
[0.733s] creating /root/ros2_ws/install/py_pubsub/share/ament_index
[0.733s] creating /root/ros2_ws/install/py_pubsub/share/ament_index/resource_index
[0.733s] creating /root/ros2_ws/install/py_pubsub/share/ament_index/resource_index/packages
[0.734s] copying resource/py_pubsub -> /root/ros2_ws/install/py_pubsub/share/ament_index/resource_index/packages
[0.734s] copying package.xml -> /root/ros2_ws/install/py_pubsub/share/py_pubsub
[0.734s] running install_egg_info
[0.746s] Copying ../../build/py_pubsub/py_pubsub.egg-info to /root/ros2_ws/install/py_pubsub/lib/python3.12/site-packages/py_pubsub-0.0.0-py3.12.egg-info
[0.747s] running install_scripts
[0.832s] Installing listener script to /root/ros2_ws/install/py_pubsub/lib/py_pubsub
[0.832s] writing list of installed files to '/root/ros2_ws/build/py_pubsub/install.log'
[0.852s] Invoked command in '/root/ros2_ws/src/py_pubsub' returned '0': PYTHONPATH=/root/ros2_ws/build/py_pubsub/prefix_override:/usr/lib/python3/dist-packages/colcon_core/task/python/colcon_distutils_commands:/root/ros2_ws/install/py_pubsub/lib/python3.12/site-packages:${PYTHONPATH} /usr/bin/python3 -W ignore:setup.py install is deprecated -W ignore:easy_install command is deprecated setup.py egg_info --egg-base ../../build/py_pubsub build --build-base /root/ros2_ws/build/py_pubsub/build install --record /root/ros2_ws/build/py_pubsub/install.log --single-version-externally-managed install_data
