[0.208s] DEBUG:colcon:Command line arguments: ['/usr/bin/colcon', 'build']
[0.208s] DEBUG:colcon:Parsed command line arguments: Namespace(log_base=None, log_level=None, verb_name='build', build_base='build', install_base='install', merge_install=False, symlink_install=False, test_result_base=None, continue_on_error=False, executor='parallel', parallel_workers=16, event_handlers=None, ignore_user_meta=False, metas=['./colcon.meta'], base_paths=['.'], packages_ignore=None, packages_ignore_regex=None, paths=None, packages_up_to=None, packages_up_to_regex=None, packages_above=None, packages_above_and_dependencies=None, packages_above_depth=None, packages_select_by_dep=None, packages_skip_by_dep=None, packages_skip_up_to=None, packages_select_build_failed=False, packages_skip_build_finished=False, packages_select_test_failures=False, packages_skip_test_passed=False, packages_select=None, packages_skip=None, packages_select_regex=None, packages_skip_regex=None, packages_start=None, packages_end=None, allow_overriding=[], cmake_args=None, cmake_target=None, cmake_target_skip_unavailable=False, cmake_clean_cache=False, cmake_clean_first=False, cmake_force_configure=False, ament_cmake_args=None, catkin_cmake_args=None, catkin_skip_building_tests=False, mixin_files=None, mixin=None, verb_parser=<colcon_mixin.mixin.mixin_argument.MixinArgumentDecorator object at 0x7fd23f4899d0>, verb_extension=<colcon_core.verb.build.BuildVerb object at 0x7fd23f4892e0>, main=<bound method BuildVerb.main of <colcon_core.verb.build.BuildVerb object at 0x7fd23f4892e0>>, mixin_verb=('build',))
[0.267s] Level 1:colcon.colcon_core.package_discovery:discover_packages(colcon_meta) check parameters
[0.267s] Level 1:colcon.colcon_core.package_discovery:discover_packages(recursive) check parameters
[0.267s] Level 1:colcon.colcon_core.package_discovery:discover_packages(ignore) check parameters
[0.267s] Level 1:colcon.colcon_core.package_discovery:discover_packages(path) check parameters
[0.267s] Level 1:colcon.colcon_core.package_discovery:discover_packages(colcon_meta) discover
[0.267s] Level 1:colcon.colcon_core.package_discovery:discover_packages(recursive) discover
[0.267s] INFO:colcon.colcon_core.package_discovery:Crawling recursively for packages in '/root/ros2_ws'
[0.268s] Level 1:colcon.colcon_core.package_identification:_identify(.) by extensions ['ignore', 'ignore_ament_install']
[0.268s] Level 1:colcon.colcon_core.package_identification:_identify(.) by extension 'ignore'
[0.268s] Level 1:colcon.colcon_core.package_identification:_identify(.) by extension 'ignore_ament_install'
[0.268s] Level 1:colcon.colcon_core.package_identification:_identify(.) by extensions ['colcon_pkg']
[0.268s] Level 1:colcon.colcon_core.package_identification:_identify(.) by extension 'colcon_pkg'
[0.268s] Level 1:colcon.colcon_core.package_identification:_identify(.) by extensions ['colcon_meta']
[0.268s] Level 1:colcon.colcon_core.package_identification:_identify(.) by extension 'colcon_meta'
[0.268s] Level 1:colcon.colcon_core.package_identification:_identify(.) by extensions ['ros']
[0.268s] Level 1:colcon.colcon_core.package_identification:_identify(.) by extension 'ros'
[0.290s] Level 1:colcon.colcon_core.package_identification:_identify(.) by extensions ['cmake', 'python']
[0.290s] Level 1:colcon.colcon_core.package_identification:_identify(.) by extension 'cmake'
[0.290s] Level 1:colcon.colcon_core.package_identification:_identify(.) by extension 'python'
[0.290s] Level 1:colcon.colcon_core.package_identification:_identify(.) by extensions ['python_setup_py']
[0.290s] Level 1:colcon.colcon_core.package_identification:_identify(.) by extension 'python_setup_py'
[0.290s] Level 1:colcon.colcon_core.package_identification:_identify(build) by extensions ['ignore', 'ignore_ament_install']
[0.290s] Level 1:colcon.colcon_core.package_identification:_identify(build) by extension 'ignore'
[0.290s] Level 1:colcon.colcon_core.package_identification:_identify(build) ignored
[0.291s] Level 1:colcon.colcon_core.package_identification:_identify(install) by extensions ['ignore', 'ignore_ament_install']
[0.291s] Level 1:colcon.colcon_core.package_identification:_identify(install) by extension 'ignore'
[0.291s] Level 1:colcon.colcon_core.package_identification:_identify(install) ignored
[0.291s] Level 1:colcon.colcon_core.package_identification:_identify(log) by extensions ['ignore', 'ignore_ament_install']
[0.291s] Level 1:colcon.colcon_core.package_identification:_identify(log) by extension 'ignore'
[0.291s] Level 1:colcon.colcon_core.package_identification:_identify(log) ignored
[0.291s] Level 1:colcon.colcon_core.package_identification:_identify(src) by extensions ['ignore', 'ignore_ament_install']
[0.292s] Level 1:colcon.colcon_core.package_identification:_identify(src) by extension 'ignore'
[0.292s] Level 1:colcon.colcon_core.package_identification:_identify(src) by extension 'ignore_ament_install'
[0.292s] Level 1:colcon.colcon_core.package_identification:_identify(src) by extensions ['colcon_pkg']
[0.292s] Level 1:colcon.colcon_core.package_identification:_identify(src) by extension 'colcon_pkg'
[0.292s] Level 1:colcon.colcon_core.package_identification:_identify(src) by extensions ['colcon_meta']
[0.292s] Level 1:colcon.colcon_core.package_identification:_identify(src) by extension 'colcon_meta'
[0.292s] Level 1:colcon.colcon_core.package_identification:_identify(src) by extensions ['ros']
[0.292s] Level 1:colcon.colcon_core.package_identification:_identify(src) by extension 'ros'
[0.292s] Level 1:colcon.colcon_core.package_identification:_identify(src) by extensions ['cmake', 'python']
[0.292s] Level 1:colcon.colcon_core.package_identification:_identify(src) by extension 'cmake'
[0.292s] Level 1:colcon.colcon_core.package_identification:_identify(src) by extension 'python'
[0.292s] Level 1:colcon.colcon_core.package_identification:_identify(src) by extensions ['python_setup_py']
[0.292s] Level 1:colcon.colcon_core.package_identification:_identify(src) by extension 'python_setup_py'
[0.292s] Level 1:colcon.colcon_core.package_identification:_identify(src/build) by extensions ['ignore', 'ignore_ament_install']
[0.292s] Level 1:colcon.colcon_core.package_identification:_identify(src/build) by extension 'ignore'
[0.292s] Level 1:colcon.colcon_core.package_identification:_identify(src/build) ignored
[0.293s] Level 1:colcon.colcon_core.package_identification:_identify(src/install) by extensions ['ignore', 'ignore_ament_install']
[0.293s] Level 1:colcon.colcon_core.package_identification:_identify(src/install) by extension 'ignore'
[0.293s] Level 1:colcon.colcon_core.package_identification:_identify(src/install) ignored
[0.293s] Level 1:colcon.colcon_core.package_identification:_identify(src/log) by extensions ['ignore', 'ignore_ament_install']
[0.293s] Level 1:colcon.colcon_core.package_identification:_identify(src/log) by extension 'ignore'
[0.293s] Level 1:colcon.colcon_core.package_identification:_identify(src/log) ignored
[0.293s] Level 1:colcon.colcon_core.package_identification:_identify(src/phi_aria) by extensions ['ignore', 'ignore_ament_install']
[0.293s] Level 1:colcon.colcon_core.package_identification:_identify(src/phi_aria) by extension 'ignore'
[0.294s] Level 1:colcon.colcon_core.package_identification:_identify(src/phi_aria) by extension 'ignore_ament_install'
[0.294s] Level 1:colcon.colcon_core.package_identification:_identify(src/phi_aria) by extensions ['colcon_pkg']
[0.294s] Level 1:colcon.colcon_core.package_identification:_identify(src/phi_aria) by extension 'colcon_pkg'
[0.294s] Level 1:colcon.colcon_core.package_identification:_identify(src/phi_aria) by extensions ['colcon_meta']
[0.294s] Level 1:colcon.colcon_core.package_identification:_identify(src/phi_aria) by extension 'colcon_meta'
[0.294s] Level 1:colcon.colcon_core.package_identification:_identify(src/phi_aria) by extensions ['ros']
[0.294s] Level 1:colcon.colcon_core.package_identification:_identify(src/phi_aria) by extension 'ros'
[0.296s] DEBUG:colcon.colcon_core.package_identification:Package 'src/phi_aria' with type 'ros.ament_cmake' and name 'phi_aria'
[0.297s] Level 1:colcon.colcon_core.package_identification:_identify(src/tp1) by extensions ['ignore', 'ignore_ament_install']
[0.297s] Level 1:colcon.colcon_core.package_identification:_identify(src/tp1) by extension 'ignore'
[0.297s] Level 1:colcon.colcon_core.package_identification:_identify(src/tp1) by extension 'ignore_ament_install'
[0.297s] Level 1:colcon.colcon_core.package_identification:_identify(src/tp1) by extensions ['colcon_pkg']
[0.297s] Level 1:colcon.colcon_core.package_identification:_identify(src/tp1) by extension 'colcon_pkg'
[0.297s] Level 1:colcon.colcon_core.package_identification:_identify(src/tp1) by extensions ['colcon_meta']
[0.297s] Level 1:colcon.colcon_core.package_identification:_identify(src/tp1) by extension 'colcon_meta'
[0.297s] Level 1:colcon.colcon_core.package_identification:_identify(src/tp1) by extensions ['ros']
[0.297s] Level 1:colcon.colcon_core.package_identification:_identify(src/tp1) by extension 'ros'
[0.298s] DEBUG:colcon.colcon_core.package_identification:Package 'src/tp1' with type 'ros.ament_cmake' and name 'tp1'
[0.298s] Level 1:colcon.colcon_core.package_discovery:discover_packages(recursive) using defaults
[0.298s] Level 1:colcon.colcon_core.package_discovery:discover_packages(ignore) discover
[0.298s] Level 1:colcon.colcon_core.package_discovery:discover_packages(ignore) using defaults
[0.298s] Level 1:colcon.colcon_core.package_discovery:discover_packages(path) discover
[0.298s] Level 1:colcon.colcon_core.package_discovery:discover_packages(path) using defaults
[0.320s] Level 1:colcon.colcon_core.package_discovery:discover_packages(prefix_path) check parameters
[0.320s] Level 1:colcon.colcon_core.package_discovery:discover_packages(prefix_path) discover
[0.324s] DEBUG:colcon.colcon_installed_package_information.package_discovery:Found 2 installed packages in /root/ros2_ws/install
[0.326s] DEBUG:colcon.colcon_installed_package_information.package_discovery:Found 316 installed packages in /opt/ros/jazzy
[0.327s] Level 1:colcon.colcon_core.package_discovery:discover_packages(prefix_path) using defaults
[0.432s] Level 5:colcon.colcon_core.verb:set package 'phi_aria' build argument 'cmake_args' from command line to 'None'
[0.432s] Level 5:colcon.colcon_core.verb:set package 'phi_aria' build argument 'cmake_target' from command line to 'None'
[0.432s] Level 5:colcon.colcon_core.verb:set package 'phi_aria' build argument 'cmake_target_skip_unavailable' from command line to 'False'
[0.432s] Level 5:colcon.colcon_core.verb:set package 'phi_aria' build argument 'cmake_clean_cache' from command line to 'False'
[0.432s] Level 5:colcon.colcon_core.verb:set package 'phi_aria' build argument 'cmake_clean_first' from command line to 'False'
[0.432s] Level 5:colcon.colcon_core.verb:set package 'phi_aria' build argument 'cmake_force_configure' from command line to 'False'
[0.432s] Level 5:colcon.colcon_core.verb:set package 'phi_aria' build argument 'ament_cmake_args' from command line to 'None'
[0.432s] Level 5:colcon.colcon_core.verb:set package 'phi_aria' build argument 'catkin_cmake_args' from command line to 'None'
[0.432s] Level 5:colcon.colcon_core.verb:set package 'phi_aria' build argument 'catkin_skip_building_tests' from command line to 'False'
[0.432s] DEBUG:colcon.colcon_core.verb:Building package 'phi_aria' with the following arguments: {'ament_cmake_args': None, 'build_base': '/root/ros2_ws/build/phi_aria', 'catkin_cmake_args': None, 'catkin_skip_building_tests': False, 'cmake_args': None, 'cmake_clean_cache': False, 'cmake_clean_first': False, 'cmake_force_configure': False, 'cmake_target': None, 'cmake_target_skip_unavailable': False, 'install_base': '/root/ros2_ws/install/phi_aria', 'merge_install': False, 'path': '/root/ros2_ws/src/phi_aria', 'symlink_install': False, 'test_result_base': None}
[0.432s] Level 5:colcon.colcon_core.verb:set package 'tp1' build argument 'cmake_args' from command line to 'None'
[0.432s] Level 5:colcon.colcon_core.verb:set package 'tp1' build argument 'cmake_target' from command line to 'None'
[0.432s] Level 5:colcon.colcon_core.verb:set package 'tp1' build argument 'cmake_target_skip_unavailable' from command line to 'False'
[0.432s] Level 5:colcon.colcon_core.verb:set package 'tp1' build argument 'cmake_clean_cache' from command line to 'False'
[0.432s] Level 5:colcon.colcon_core.verb:set package 'tp1' build argument 'cmake_clean_first' from command line to 'False'
[0.432s] Level 5:colcon.colcon_core.verb:set package 'tp1' build argument 'cmake_force_configure' from command line to 'False'
[0.432s] Level 5:colcon.colcon_core.verb:set package 'tp1' build argument 'ament_cmake_args' from command line to 'None'
[0.432s] Level 5:colcon.colcon_core.verb:set package 'tp1' build argument 'catkin_cmake_args' from command line to 'None'
[0.432s] Level 5:colcon.colcon_core.verb:set package 'tp1' build argument 'catkin_skip_building_tests' from command line to 'False'
[0.432s] DEBUG:colcon.colcon_core.verb:Building package 'tp1' with the following arguments: {'ament_cmake_args': None, 'build_base': '/root/ros2_ws/build/tp1', 'catkin_cmake_args': None, 'catkin_skip_building_tests': False, 'cmake_args': None, 'cmake_clean_cache': False, 'cmake_clean_first': False, 'cmake_force_configure': False, 'cmake_target': None, 'cmake_target_skip_unavailable': False, 'install_base': '/root/ros2_ws/install/tp1', 'merge_install': False, 'path': '/root/ros2_ws/src/tp1', 'symlink_install': False, 'test_result_base': None}
[0.432s] INFO:colcon.colcon_core.executor:Executing jobs using 'parallel' executor
[0.433s] DEBUG:colcon.colcon_parallel_executor.executor.parallel:run_until_complete
[0.433s] INFO:colcon.colcon_ros.task.ament_cmake.build:Building ROS package in '/root/ros2_ws/src/phi_aria' with build type 'ament_cmake'
[0.433s] INFO:colcon.colcon_cmake.task.cmake.build:Building CMake package in '/root/ros2_ws/src/phi_aria'
[0.438s] INFO:colcon.colcon_core.plugin_system:Skipping extension 'colcon_core.shell.bat': Not used on non-Windows systems
[0.438s] INFO:colcon.colcon_core.shell:Skip shell extension 'powershell' for command environment: Not usable outside of PowerShell
[0.438s] DEBUG:colcon.colcon_core.shell:Skip shell extension 'dsv' for command environment
[0.441s] INFO:colcon.colcon_ros.task.ament_cmake.build:Building ROS package in '/root/ros2_ws/src/tp1' with build type 'ament_cmake'
[0.441s] INFO:colcon.colcon_cmake.task.cmake.build:Building CMake package in '/root/ros2_ws/src/tp1'
[0.441s] INFO:colcon.colcon_core.shell:Skip shell extension 'powershell' for command environment: Not usable outside of PowerShell
[0.441s] DEBUG:colcon.colcon_core.shell:Skip shell extension 'dsv' for command environment
[0.447s] DEBUG:colcon.colcon_core.event_handler.log_command:Invoking command in '/root/ros2_ws/build/phi_aria': CMAKE_PREFIX_PATH=${CMAKE_PREFIX_PATH}:/opt/ros/jazzy /usr/bin/cmake --build /root/ros2_ws/build/phi_aria -- -j16 -l16
[0.451s] DEBUG:colcon.colcon_core.event_handler.log_command:Invoking command in '/root/ros2_ws/build/tp1': CMAKE_PREFIX_PATH=${CMAKE_PREFIX_PATH}:/opt/ros/jazzy /usr/bin/cmake --build /root/ros2_ws/build/tp1 -- -j16 -l16
[0.534s] DEBUG:colcon.colcon_core.event_handler.log_command:Invoked command in '/root/ros2_ws/build/phi_aria' returned '0': CMAKE_PREFIX_PATH=${CMAKE_PREFIX_PATH}:/opt/ros/jazzy /usr/bin/cmake --build /root/ros2_ws/build/phi_aria -- -j16 -l16
[0.541s] DEBUG:colcon.colcon_core.event_handler.log_command:Invoking command in '/root/ros2_ws/build/phi_aria': CMAKE_PREFIX_PATH=${CMAKE_PREFIX_PATH}:/opt/ros/jazzy /usr/bin/cmake --install /root/ros2_ws/build/phi_aria
[0.542s] DEBUG:colcon.colcon_core.event_handler.log_command:Invoked command in '/root/ros2_ws/build/tp1' returned '0': CMAKE_PREFIX_PATH=${CMAKE_PREFIX_PATH}:/opt/ros/jazzy /usr/bin/cmake --build /root/ros2_ws/build/tp1 -- -j16 -l16
[0.544s] DEBUG:colcon.colcon_core.event_handler.log_command:Invoking command in '/root/ros2_ws/build/tp1': CMAKE_PREFIX_PATH=${CMAKE_PREFIX_PATH}:/opt/ros/jazzy /usr/bin/cmake --install /root/ros2_ws/build/tp1
[0.557s] Level 1:colcon.colcon_core.environment:create_environment_scripts_only(phi_aria)
[0.558s] DEBUG:colcon.colcon_core.event_handler.log_command:Invoked command in '/root/ros2_ws/build/phi_aria' returned '0': CMAKE_PREFIX_PATH=${CMAKE_PREFIX_PATH}:/opt/ros/jazzy /usr/bin/cmake --install /root/ros2_ws/build/phi_aria
[0.564s] Level 1:colcon.colcon_core.environment:checking '/root/ros2_ws/install/phi_aria' for CMake module files
[0.564s] Level 1:colcon.colcon_core.environment:checking '/root/ros2_ws/install/phi_aria' for CMake config files
[0.567s] Level 1:colcon.colcon_core.shell:create_environment_hook('phi_aria', 'cmake_prefix_path')
[0.567s] INFO:colcon.colcon_core.shell:Creating environment hook '/root/ros2_ws/install/phi_aria/share/phi_aria/hook/cmake_prefix_path.ps1'
[0.567s] INFO:colcon.colcon_core.shell:Creating environment descriptor '/root/ros2_ws/install/phi_aria/share/phi_aria/hook/cmake_prefix_path.dsv'
[0.568s] INFO:colcon.colcon_core.shell:Creating environment hook '/root/ros2_ws/install/phi_aria/share/phi_aria/hook/cmake_prefix_path.sh'
[0.569s] Level 1:colcon.colcon_core.environment:checking '/root/ros2_ws/install/phi_aria/lib'
[0.569s] Level 1:colcon.colcon_core.environment:checking '/root/ros2_ws/install/phi_aria/bin'
[0.569s] Level 1:colcon.colcon_core.environment:checking '/root/ros2_ws/install/phi_aria/lib/pkgconfig/phi_aria.pc'
[0.569s] Level 1:colcon.colcon_core.environment:checking '/root/ros2_ws/install/phi_aria/lib/python3.12/site-packages'
[0.569s] Level 1:colcon.colcon_core.environment:checking '/root/ros2_ws/install/phi_aria/bin'
[0.569s] INFO:colcon.colcon_core.shell:Creating package script '/root/ros2_ws/install/phi_aria/share/phi_aria/package.ps1'
[0.570s] INFO:colcon.colcon_core.shell:Creating package descriptor '/root/ros2_ws/install/phi_aria/share/phi_aria/package.dsv'
[0.571s] INFO:colcon.colcon_core.shell:Creating package script '/root/ros2_ws/install/phi_aria/share/phi_aria/package.sh'
[0.572s] INFO:colcon.colcon_core.shell:Creating package script '/root/ros2_ws/install/phi_aria/share/phi_aria/package.bash'
[0.573s] INFO:colcon.colcon_core.shell:Creating package script '/root/ros2_ws/install/phi_aria/share/phi_aria/package.zsh'
[0.574s] Level 1:colcon.colcon_core.environment:create_file_with_runtime_dependencies(/root/ros2_ws/install/phi_aria/share/colcon-core/packages/phi_aria)
[0.574s] Level 1:colcon.colcon_core.environment:create_environment_scripts_only(phi_aria)
[0.574s] Level 1:colcon.colcon_core.environment:checking '/root/ros2_ws/install/phi_aria' for CMake module files
[0.574s] Level 1:colcon.colcon_core.environment:checking '/root/ros2_ws/install/phi_aria' for CMake config files
[0.574s] Level 1:colcon.colcon_core.shell:create_environment_hook('phi_aria', 'cmake_prefix_path')
[0.574s] INFO:colcon.colcon_core.shell:Creating environment hook '/root/ros2_ws/install/phi_aria/share/phi_aria/hook/cmake_prefix_path.ps1'
[0.575s] INFO:colcon.colcon_core.shell:Creating environment descriptor '/root/ros2_ws/install/phi_aria/share/phi_aria/hook/cmake_prefix_path.dsv'
[0.575s] INFO:colcon.colcon_core.shell:Creating environment hook '/root/ros2_ws/install/phi_aria/share/phi_aria/hook/cmake_prefix_path.sh'
[0.575s] Level 1:colcon.colcon_core.environment:checking '/root/ros2_ws/install/phi_aria/lib'
[0.575s] Level 1:colcon.colcon_core.environment:checking '/root/ros2_ws/install/phi_aria/bin'
[0.575s] Level 1:colcon.colcon_core.environment:checking '/root/ros2_ws/install/phi_aria/lib/pkgconfig/phi_aria.pc'
[0.575s] Level 1:colcon.colcon_core.environment:checking '/root/ros2_ws/install/phi_aria/lib/python3.12/site-packages'
[0.575s] Level 1:colcon.colcon_core.environment:checking '/root/ros2_ws/install/phi_aria/bin'
[0.575s] INFO:colcon.colcon_core.shell:Creating package script '/root/ros2_ws/install/phi_aria/share/phi_aria/package.ps1'
[0.576s] INFO:colcon.colcon_core.shell:Creating package descriptor '/root/ros2_ws/install/phi_aria/share/phi_aria/package.dsv'
[0.576s] INFO:colcon.colcon_core.shell:Creating package script '/root/ros2_ws/install/phi_aria/share/phi_aria/package.sh'
[0.576s] INFO:colcon.colcon_core.shell:Creating package script '/root/ros2_ws/install/phi_aria/share/phi_aria/package.bash'
[0.576s] INFO:colcon.colcon_core.shell:Creating package script '/root/ros2_ws/install/phi_aria/share/phi_aria/package.zsh'
[0.576s] Level 1:colcon.colcon_core.environment:create_file_with_runtime_dependencies(/root/ros2_ws/install/phi_aria/share/colcon-core/packages/phi_aria)
[0.577s] Level 1:colcon.colcon_core.environment:create_environment_scripts_only(tp1)
[0.577s] Level 1:colcon.colcon_core.environment:checking '/root/ros2_ws/install/tp1' for CMake module files
[0.578s] DEBUG:colcon.colcon_core.event_handler.log_command:Invoked command in '/root/ros2_ws/build/tp1' returned '0': CMAKE_PREFIX_PATH=${CMAKE_PREFIX_PATH}:/opt/ros/jazzy /usr/bin/cmake --install /root/ros2_ws/build/tp1
[0.578s] Level 1:colcon.colcon_core.environment:checking '/root/ros2_ws/install/tp1' for CMake config files
[0.579s] Level 1:colcon.colcon_core.shell:create_environment_hook('tp1', 'cmake_prefix_path')
[0.579s] INFO:colcon.colcon_core.shell:Creating environment hook '/root/ros2_ws/install/tp1/share/tp1/hook/cmake_prefix_path.ps1'
[0.579s] INFO:colcon.colcon_core.shell:Creating environment descriptor '/root/ros2_ws/install/tp1/share/tp1/hook/cmake_prefix_path.dsv'
[0.579s] INFO:colcon.colcon_core.shell:Creating environment hook '/root/ros2_ws/install/tp1/share/tp1/hook/cmake_prefix_path.sh'
[0.580s] Level 1:colcon.colcon_core.environment:checking '/root/ros2_ws/install/tp1/lib'
[0.580s] Level 1:colcon.colcon_core.environment:checking '/root/ros2_ws/install/tp1/bin'
[0.580s] Level 1:colcon.colcon_core.environment:checking '/root/ros2_ws/install/tp1/lib/pkgconfig/tp1.pc'
[0.580s] Level 1:colcon.colcon_core.environment:checking '/root/ros2_ws/install/tp1/lib/python3.12/site-packages'
[0.580s] Level 1:colcon.colcon_core.environment:checking '/root/ros2_ws/install/tp1/bin'
[0.580s] INFO:colcon.colcon_core.shell:Creating package script '/root/ros2_ws/install/tp1/share/tp1/package.ps1'
[0.580s] INFO:colcon.colcon_core.shell:Creating package descriptor '/root/ros2_ws/install/tp1/share/tp1/package.dsv'
[0.580s] INFO:colcon.colcon_core.shell:Creating package script '/root/ros2_ws/install/tp1/share/tp1/package.sh'
[0.581s] INFO:colcon.colcon_core.shell:Creating package script '/root/ros2_ws/install/tp1/share/tp1/package.bash'
[0.581s] INFO:colcon.colcon_core.shell:Creating package script '/root/ros2_ws/install/tp1/share/tp1/package.zsh'
[0.581s] Level 1:colcon.colcon_core.environment:create_file_with_runtime_dependencies(/root/ros2_ws/install/tp1/share/colcon-core/packages/tp1)
[0.581s] Level 1:colcon.colcon_core.environment:create_environment_scripts_only(tp1)
[0.581s] Level 1:colcon.colcon_core.environment:checking '/root/ros2_ws/install/tp1' for CMake module files
[0.581s] Level 1:colcon.colcon_core.environment:checking '/root/ros2_ws/install/tp1' for CMake config files
[0.581s] Level 1:colcon.colcon_core.shell:create_environment_hook('tp1', 'cmake_prefix_path')
[0.582s] INFO:colcon.colcon_core.shell:Creating environment hook '/root/ros2_ws/install/tp1/share/tp1/hook/cmake_prefix_path.ps1'
[0.582s] INFO:colcon.colcon_core.shell:Creating environment descriptor '/root/ros2_ws/install/tp1/share/tp1/hook/cmake_prefix_path.dsv'
[0.582s] INFO:colcon.colcon_core.shell:Creating environment hook '/root/ros2_ws/install/tp1/share/tp1/hook/cmake_prefix_path.sh'
[0.582s] Level 1:colcon.colcon_core.environment:checking '/root/ros2_ws/install/tp1/lib'
[0.582s] Level 1:colcon.colcon_core.environment:checking '/root/ros2_ws/install/tp1/bin'
[0.582s] Level 1:colcon.colcon_core.environment:checking '/root/ros2_ws/install/tp1/lib/pkgconfig/tp1.pc'
[0.582s] Level 1:colcon.colcon_core.environment:checking '/root/ros2_ws/install/tp1/lib/python3.12/site-packages'
[0.582s] Level 1:colcon.colcon_core.environment:checking '/root/ros2_ws/install/tp1/bin'
[0.583s] INFO:colcon.colcon_core.shell:Creating package script '/root/ros2_ws/install/tp1/share/tp1/package.ps1'
[0.583s] INFO:colcon.colcon_core.shell:Creating package descriptor '/root/ros2_ws/install/tp1/share/tp1/package.dsv'
[0.583s] INFO:colcon.colcon_core.shell:Creating package script '/root/ros2_ws/install/tp1/share/tp1/package.sh'
[0.583s] INFO:colcon.colcon_core.shell:Creating package script '/root/ros2_ws/install/tp1/share/tp1/package.bash'
[0.583s] INFO:colcon.colcon_core.shell:Creating package script '/root/ros2_ws/install/tp1/share/tp1/package.zsh'
[0.584s] Level 1:colcon.colcon_core.environment:create_file_with_runtime_dependencies(/root/ros2_ws/install/tp1/share/colcon-core/packages/tp1)
[0.584s] DEBUG:colcon.colcon_parallel_executor.executor.parallel:closing loop
[0.584s] DEBUG:colcon.colcon_parallel_executor.executor.parallel:loop closed
[0.584s] DEBUG:colcon.colcon_parallel_executor.executor.parallel:run_until_complete finished with '0'
[0.584s] DEBUG:colcon.colcon_core.event_reactor:joining thread
[0.638s] INFO:colcon.colcon_core.plugin_system:Skipping extension 'colcon_notification.desktop_notification.notify_send': Could not find 'notify-send'
[0.638s] INFO:colcon.colcon_core.plugin_system:Skipping extension 'colcon_notification.desktop_notification.terminal_notifier': Not used on non-Darwin systems
[0.638s] INFO:colcon.colcon_core.plugin_system:Skipping extension 'colcon_notification.desktop_notification.win32': Not used on non-Windows systems
[0.638s] INFO:colcon.colcon_notification.desktop_notification:Sending desktop notification using 'notify2'
[0.639s] DEBUG:colcon.colcon_notification.desktop_notification.notify2:Failed to initialize notify2: org.freedesktop.DBus.Error.ServiceUnknown: The name org.freedesktop.Notifications was not provided by any .service files
[0.639s] DEBUG:colcon.colcon_core.event_reactor:joined thread
[0.639s] INFO:colcon.colcon_core.shell:Creating prefix script '/root/ros2_ws/install/local_setup.ps1'
[0.640s] INFO:colcon.colcon_core.shell:Creating prefix util module '/root/ros2_ws/install/_local_setup_util_ps1.py'
[0.642s] INFO:colcon.colcon_core.shell:Creating prefix chain script '/root/ros2_ws/install/setup.ps1'
[0.643s] INFO:colcon.colcon_core.shell:Creating prefix script '/root/ros2_ws/install/local_setup.sh'
[0.643s] INFO:colcon.colcon_core.shell:Creating prefix util module '/root/ros2_ws/install/_local_setup_util_sh.py'
[0.644s] INFO:colcon.colcon_core.shell:Creating prefix chain script '/root/ros2_ws/install/setup.sh'
[0.644s] INFO:colcon.colcon_core.shell:Creating prefix script '/root/ros2_ws/install/local_setup.bash'
[0.645s] INFO:colcon.colcon_core.shell:Creating prefix chain script '/root/ros2_ws/install/setup.bash'
[0.646s] INFO:colcon.colcon_core.shell:Creating prefix script '/root/ros2_ws/install/local_setup.zsh'
[0.647s] INFO:colcon.colcon_core.shell:Creating prefix chain script '/root/ros2_ws/install/setup.zsh'
