[-10800.103s] DEBUG:colcon:Command line arguments: ['/usr/bin/colcon', 'build']
[-10800.103s] DEBUG:colcon:Parsed command line arguments: Namespace(log_base=None, log_level=None, verb_name='build', build_base='build', install_base='install', merge_install=False, symlink_install=False, test_result_base=None, continue_on_error=False, executor='parallel', parallel_workers=16, event_handlers=None, ignore_user_meta=False, metas=['./colcon.meta'], base_paths=['.'], packages_ignore=None, packages_ignore_regex=None, paths=None, packages_up_to=None, packages_up_to_regex=None, packages_above=None, packages_above_and_dependencies=None, packages_above_depth=None, packages_select_by_dep=None, packages_skip_by_dep=None, packages_skip_up_to=None, packages_select_build_failed=False, packages_skip_build_finished=False, packages_select_test_failures=False, packages_skip_test_passed=False, packages_select=None, packages_skip=None, packages_select_regex=None, packages_skip_regex=None, packages_start=None, packages_end=None, allow_overriding=[], cmake_args=None, cmake_target=None, cmake_target_skip_unavailable=False, cmake_clean_cache=False, cmake_clean_first=False, cmake_force_configure=False, ament_cmake_args=None, catkin_cmake_args=None, catkin_skip_building_tests=False, mixin_files=None, mixin=None, verb_parser=<colcon_mixin.mixin.mixin_argument.MixinArgumentDecorator object at 0x7855cd06dd30>, verb_extension=<colcon_core.verb.build.BuildVerb object at 0x7855cd06da00>, main=<bound method BuildVerb.main of <colcon_core.verb.build.BuildVerb object at 0x7855cd06da00>>, mixin_verb=('build',))
[-10800.076s] Level 1:colcon.colcon_core.package_discovery:discover_packages(colcon_meta) check parameters
[-10800.076s] Level 1:colcon.colcon_core.package_discovery:discover_packages(recursive) check parameters
[-10800.076s] Level 1:colcon.colcon_core.package_discovery:discover_packages(ignore) check parameters
[-10800.076s] Level 1:colcon.colcon_core.package_discovery:discover_packages(path) check parameters
[-10800.076s] Level 1:colcon.colcon_core.package_discovery:discover_packages(colcon_meta) discover
[-10800.075s] Level 1:colcon.colcon_core.package_discovery:discover_packages(recursive) discover
[-10800.075s] INFO:colcon.colcon_core.package_discovery:Crawling recursively for packages in '/root/ros2_ws'
[-10800.075s] Level 1:colcon.colcon_core.package_identification:_identify(.) by extensions ['ignore', 'ignore_ament_install']
[-10800.075s] Level 1:colcon.colcon_core.package_identification:_identify(.) by extension 'ignore'
[-10800.075s] Level 1:colcon.colcon_core.package_identification:_identify(.) by extension 'ignore_ament_install'
[-10800.075s] Level 1:colcon.colcon_core.package_identification:_identify(.) by extensions ['colcon_pkg']
[-10800.075s] Level 1:colcon.colcon_core.package_identification:_identify(.) by extension 'colcon_pkg'
[-10800.075s] Level 1:colcon.colcon_core.package_identification:_identify(.) by extensions ['colcon_meta']
[-10800.075s] Level 1:colcon.colcon_core.package_identification:_identify(.) by extension 'colcon_meta'
[-10800.075s] Level 1:colcon.colcon_core.package_identification:_identify(.) by extensions ['ros']
[-10800.075s] Level 1:colcon.colcon_core.package_identification:_identify(.) by extension 'ros'
[-10800.060s] Level 1:colcon.colcon_core.package_identification:_identify(.) by extensions ['cmake', 'python']
[-10800.060s] Level 1:colcon.colcon_core.package_identification:_identify(.) by extension 'cmake'
[-10800.060s] Level 1:colcon.colcon_core.package_identification:_identify(.) by extension 'python'
[-10800.059s] Level 1:colcon.colcon_core.package_identification:_identify(.) by extensions ['python_setup_py']
[-10800.059s] Level 1:colcon.colcon_core.package_identification:_identify(.) by extension 'python_setup_py'
[-10800.059s] Level 1:colcon.colcon_core.package_identification:_identify(build) by extensions ['ignore', 'ignore_ament_install']
[-10800.059s] Level 1:colcon.colcon_core.package_identification:_identify(build) by extension 'ignore'
[-10800.059s] Level 1:colcon.colcon_core.package_identification:_identify(build) ignored
[-10800.059s] Level 1:colcon.colcon_core.package_identification:_identify(install) by extensions ['ignore', 'ignore_ament_install']
[-10800.059s] Level 1:colcon.colcon_core.package_identification:_identify(install) by extension 'ignore'
[-10800.059s] Level 1:colcon.colcon_core.package_identification:_identify(install) ignored
[-10800.059s] Level 1:colcon.colcon_core.package_identification:_identify(log) by extensions ['ignore', 'ignore_ament_install']
[-10800.059s] Level 1:colcon.colcon_core.package_identification:_identify(log) by extension 'ignore'
[-10800.059s] Level 1:colcon.colcon_core.package_identification:_identify(log) ignored
[-10800.059s] Level 1:colcon.colcon_core.package_identification:_identify(src) by extensions ['ignore', 'ignore_ament_install']
[-10800.059s] Level 1:colcon.colcon_core.package_identification:_identify(src) by extension 'ignore'
[-10800.058s] Level 1:colcon.colcon_core.package_identification:_identify(src) by extension 'ignore_ament_install'
[-10800.058s] Level 1:colcon.colcon_core.package_identification:_identify(src) by extensions ['colcon_pkg']
[-10800.058s] Level 1:colcon.colcon_core.package_identification:_identify(src) by extension 'colcon_pkg'
[-10800.058s] Level 1:colcon.colcon_core.package_identification:_identify(src) by extensions ['colcon_meta']
[-10800.058s] Level 1:colcon.colcon_core.package_identification:_identify(src) by extension 'colcon_meta'
[-10800.058s] Level 1:colcon.colcon_core.package_identification:_identify(src) by extensions ['ros']
[-10800.058s] Level 1:colcon.colcon_core.package_identification:_identify(src) by extension 'ros'
[-10800.058s] Level 1:colcon.colcon_core.package_identification:_identify(src) by extensions ['cmake', 'python']
[-10800.058s] Level 1:colcon.colcon_core.package_identification:_identify(src) by extension 'cmake'
[-10800.058s] Level 1:colcon.colcon_core.package_identification:_identify(src) by extension 'python'
[-10800.058s] Level 1:colcon.colcon_core.package_identification:_identify(src) by extensions ['python_setup_py']
[-10800.058s] Level 1:colcon.colcon_core.package_identification:_identify(src) by extension 'python_setup_py'
[-10800.058s] Level 1:colcon.colcon_core.package_identification:_identify(src/build) by extensions ['ignore', 'ignore_ament_install']
[-10800.058s] Level 1:colcon.colcon_core.package_identification:_identify(src/build) by extension 'ignore'
[-10800.058s] Level 1:colcon.colcon_core.package_identification:_identify(src/build) ignored
[-10800.058s] Level 1:colcon.colcon_core.package_identification:_identify(src/install) by extensions ['ignore', 'ignore_ament_install']
[-10800.058s] Level 1:colcon.colcon_core.package_identification:_identify(src/install) by extension 'ignore'
[-10800.058s] Level 1:colcon.colcon_core.package_identification:_identify(src/install) ignored
[-10800.058s] Level 1:colcon.colcon_core.package_identification:_identify(src/log) by extensions ['ignore', 'ignore_ament_install']
[-10800.058s] Level 1:colcon.colcon_core.package_identification:_identify(src/log) by extension 'ignore'
[-10800.058s] Level 1:colcon.colcon_core.package_identification:_identify(src/log) ignored
[-10800.058s] Level 1:colcon.colcon_core.package_identification:_identify(src/phi_aria) by extensions ['ignore', 'ignore_ament_install']
[-10800.058s] Level 1:colcon.colcon_core.package_identification:_identify(src/phi_aria) by extension 'ignore'
[-10800.058s] Level 1:colcon.colcon_core.package_identification:_identify(src/phi_aria) by extension 'ignore_ament_install'
[-10800.058s] Level 1:colcon.colcon_core.package_identification:_identify(src/phi_aria) by extensions ['colcon_pkg']
[-10800.057s] Level 1:colcon.colcon_core.package_identification:_identify(src/phi_aria) by extension 'colcon_pkg'
[-10800.057s] Level 1:colcon.colcon_core.package_identification:_identify(src/phi_aria) by extensions ['colcon_meta']
[-10800.057s] Level 1:colcon.colcon_core.package_identification:_identify(src/phi_aria) by extension 'colcon_meta'
[-10800.057s] Level 1:colcon.colcon_core.package_identification:_identify(src/phi_aria) by extensions ['ros']
[-10800.057s] Level 1:colcon.colcon_core.package_identification:_identify(src/phi_aria) by extension 'ros'
[-10800.056s] DEBUG:colcon.colcon_core.package_identification:Package 'src/phi_aria' with type 'ros.ament_cmake' and name 'phi_aria'
[-10800.056s] Level 1:colcon.colcon_core.package_identification:_identify(src/py_pubsub) by extensions ['ignore', 'ignore_ament_install']
[-10800.056s] Level 1:colcon.colcon_core.package_identification:_identify(src/py_pubsub) by extension 'ignore'
[-10800.056s] Level 1:colcon.colcon_core.package_identification:_identify(src/py_pubsub) by extension 'ignore_ament_install'
[-10800.056s] Level 1:colcon.colcon_core.package_identification:_identify(src/py_pubsub) by extensions ['colcon_pkg']
[-10800.056s] Level 1:colcon.colcon_core.package_identification:_identify(src/py_pubsub) by extension 'colcon_pkg'
[-10800.056s] Level 1:colcon.colcon_core.package_identification:_identify(src/py_pubsub) by extensions ['colcon_meta']
[-10800.056s] Level 1:colcon.colcon_core.package_identification:_identify(src/py_pubsub) by extension 'colcon_meta'
[-10800.056s] Level 1:colcon.colcon_core.package_identification:_identify(src/py_pubsub) by extensions ['ros']
[-10800.056s] Level 1:colcon.colcon_core.package_identification:_identify(src/py_pubsub) by extension 'ros'
[-10800.055s] DEBUG:colcon.colcon_core.package_identification:Package 'src/py_pubsub' with type 'ros.ament_python' and name 'py_pubsub'
[-10800.055s] Level 1:colcon.colcon_core.package_identification:_identify(src/tp1) by extensions ['ignore', 'ignore_ament_install']
[-10800.055s] Level 1:colcon.colcon_core.package_identification:_identify(src/tp1) by extension 'ignore'
[-10800.055s] Level 1:colcon.colcon_core.package_identification:_identify(src/tp1) by extension 'ignore_ament_install'
[-10800.055s] Level 1:colcon.colcon_core.package_identification:_identify(src/tp1) by extensions ['colcon_pkg']
[-10800.055s] Level 1:colcon.colcon_core.package_identification:_identify(src/tp1) by extension 'colcon_pkg'
[-10800.055s] Level 1:colcon.colcon_core.package_identification:_identify(src/tp1) by extensions ['colcon_meta']
[-10800.055s] Level 1:colcon.colcon_core.package_identification:_identify(src/tp1) by extension 'colcon_meta'
[-10800.055s] Level 1:colcon.colcon_core.package_identification:_identify(src/tp1) by extensions ['ros']
[-10800.055s] Level 1:colcon.colcon_core.package_identification:_identify(src/tp1) by extension 'ros'
[-10800.055s] DEBUG:colcon.colcon_core.package_identification:Package 'src/tp1' with type 'ros.ament_cmake' and name 'tp1'
[-10800.055s] Level 1:colcon.colcon_core.package_discovery:discover_packages(recursive) using defaults
[-10800.054s] Level 1:colcon.colcon_core.package_discovery:discover_packages(ignore) discover
[-10800.054s] Level 1:colcon.colcon_core.package_discovery:discover_packages(ignore) using defaults
[-10800.054s] Level 1:colcon.colcon_core.package_discovery:discover_packages(path) discover
[-10800.054s] Level 1:colcon.colcon_core.package_discovery:discover_packages(path) using defaults
[-10800.044s] Level 1:colcon.colcon_core.package_discovery:discover_packages(prefix_path) check parameters
[-10800.044s] Level 1:colcon.colcon_core.package_discovery:discover_packages(prefix_path) discover
[-10800.042s] DEBUG:colcon.colcon_installed_package_information.package_discovery:Found 3 installed packages in /root/ros2_ws/install
[-10800.042s] DEBUG:colcon.colcon_installed_package_information.package_discovery:Found 1 installed packages in /root/ros2_ws/src/py_pubsub/install
[-10800.041s] DEBUG:colcon.colcon_installed_package_information.package_discovery:Found 322 installed packages in /opt/ros/jazzy
[-10800.040s] Level 1:colcon.colcon_core.package_discovery:discover_packages(prefix_path) using defaults
[-10800.014s] Level 5:colcon.colcon_core.verb:set package 'phi_aria' build argument 'cmake_args' from command line to 'None'
[-10800.014s] Level 5:colcon.colcon_core.verb:set package 'phi_aria' build argument 'cmake_target' from command line to 'None'
[-10800.014s] Level 5:colcon.colcon_core.verb:set package 'phi_aria' build argument 'cmake_target_skip_unavailable' from command line to 'False'
[-10800.014s] Level 5:colcon.colcon_core.verb:set package 'phi_aria' build argument 'cmake_clean_cache' from command line to 'False'
[-10800.014s] Level 5:colcon.colcon_core.verb:set package 'phi_aria' build argument 'cmake_clean_first' from command line to 'False'
[-10800.014s] Level 5:colcon.colcon_core.verb:set package 'phi_aria' build argument 'cmake_force_configure' from command line to 'False'
[-10800.014s] Level 5:colcon.colcon_core.verb:set package 'phi_aria' build argument 'ament_cmake_args' from command line to 'None'
[-10800.014s] Level 5:colcon.colcon_core.verb:set package 'phi_aria' build argument 'catkin_cmake_args' from command line to 'None'
[-10800.014s] Level 5:colcon.colcon_core.verb:set package 'phi_aria' build argument 'catkin_skip_building_tests' from command line to 'False'
[-10800.014s] DEBUG:colcon.colcon_core.verb:Building package 'phi_aria' with the following arguments: {'ament_cmake_args': None, 'build_base': '/root/ros2_ws/build/phi_aria', 'catkin_cmake_args': None, 'catkin_skip_building_tests': False, 'cmake_args': None, 'cmake_clean_cache': False, 'cmake_clean_first': False, 'cmake_force_configure': False, 'cmake_target': None, 'cmake_target_skip_unavailable': False, 'install_base': '/root/ros2_ws/install/phi_aria', 'merge_install': False, 'path': '/root/ros2_ws/src/phi_aria', 'symlink_install': False, 'test_result_base': None}
[-10800.013s] Level 5:colcon.colcon_core.verb:set package 'py_pubsub' build argument 'cmake_args' from command line to 'None'
[-10800.013s] Level 5:colcon.colcon_core.verb:set package 'py_pubsub' build argument 'cmake_target' from command line to 'None'
[-10800.013s] Level 5:colcon.colcon_core.verb:set package 'py_pubsub' build argument 'cmake_target_skip_unavailable' from command line to 'False'
[-10800.013s] Level 5:colcon.colcon_core.verb:set package 'py_pubsub' build argument 'cmake_clean_cache' from command line to 'False'
[-10800.013s] Level 5:colcon.colcon_core.verb:set package 'py_pubsub' build argument 'cmake_clean_first' from command line to 'False'
[-10800.013s] Level 5:colcon.colcon_core.verb:set package 'py_pubsub' build argument 'cmake_force_configure' from command line to 'False'
[-10800.013s] Level 5:colcon.colcon_core.verb:set package 'py_pubsub' build argument 'ament_cmake_args' from command line to 'None'
[-10800.013s] Level 5:colcon.colcon_core.verb:set package 'py_pubsub' build argument 'catkin_cmake_args' from command line to 'None'
[-10800.013s] Level 5:colcon.colcon_core.verb:set package 'py_pubsub' build argument 'catkin_skip_building_tests' from command line to 'False'
[-10800.013s] DEBUG:colcon.colcon_core.verb:Building package 'py_pubsub' with the following arguments: {'ament_cmake_args': None, 'build_base': '/root/ros2_ws/build/py_pubsub', 'catkin_cmake_args': None, 'catkin_skip_building_tests': False, 'cmake_args': None, 'cmake_clean_cache': False, 'cmake_clean_first': False, 'cmake_force_configure': False, 'cmake_target': None, 'cmake_target_skip_unavailable': False, 'install_base': '/root/ros2_ws/install/py_pubsub', 'merge_install': False, 'path': '/root/ros2_ws/src/py_pubsub', 'symlink_install': False, 'test_result_base': None}
[-10800.013s] Level 5:colcon.colcon_core.verb:set package 'tp1' build argument 'cmake_args' from command line to 'None'
[-10800.013s] Level 5:colcon.colcon_core.verb:set package 'tp1' build argument 'cmake_target' from command line to 'None'
[-10800.013s] Level 5:colcon.colcon_core.verb:set package 'tp1' build argument 'cmake_target_skip_unavailable' from command line to 'False'
[-10800.013s] Level 5:colcon.colcon_core.verb:set package 'tp1' build argument 'cmake_clean_cache' from command line to 'False'
[-10800.013s] Level 5:colcon.colcon_core.verb:set package 'tp1' build argument 'cmake_clean_first' from command line to 'False'
[-10800.013s] Level 5:colcon.colcon_core.verb:set package 'tp1' build argument 'cmake_force_configure' from command line to 'False'
[-10800.013s] Level 5:colcon.colcon_core.verb:set package 'tp1' build argument 'ament_cmake_args' from command line to 'None'
[-10800.013s] Level 5:colcon.colcon_core.verb:set package 'tp1' build argument 'catkin_cmake_args' from command line to 'None'
[-10800.013s] Level 5:colcon.colcon_core.verb:set package 'tp1' build argument 'catkin_skip_building_tests' from command line to 'False'
[-10800.013s] DEBUG:colcon.colcon_core.verb:Building package 'tp1' with the following arguments: {'ament_cmake_args': None, 'build_base': '/root/ros2_ws/build/tp1', 'catkin_cmake_args': None, 'catkin_skip_building_tests': False, 'cmake_args': None, 'cmake_clean_cache': False, 'cmake_clean_first': False, 'cmake_force_configure': False, 'cmake_target': None, 'cmake_target_skip_unavailable': False, 'install_base': '/root/ros2_ws/install/tp1', 'merge_install': False, 'path': '/root/ros2_ws/src/tp1', 'symlink_install': False, 'test_result_base': None}
[-10800.013s] INFO:colcon.colcon_core.executor:Executing jobs using 'parallel' executor
[-10800.012s] DEBUG:colcon.colcon_parallel_executor.executor.parallel:run_until_complete
[-10800.012s] INFO:colcon.colcon_ros.task.ament_cmake.build:Building ROS package in '/root/ros2_ws/src/phi_aria' with build type 'ament_cmake'
[-10800.011s] INFO:colcon.colcon_cmake.task.cmake.build:Building CMake package in '/root/ros2_ws/src/phi_aria'
[-10800.010s] INFO:colcon.colcon_core.plugin_system:Skipping extension 'colcon_core.shell.bat': Not used on non-Windows systems
[-10800.010s] INFO:colcon.colcon_core.shell:Skip shell extension 'powershell' for command environment: Not usable outside of PowerShell
[-10800.010s] DEBUG:colcon.colcon_core.shell:Skip shell extension 'dsv' for command environment
[-10800.007s] INFO:colcon.colcon_ros.task.ament_python.build:Building ROS package in '/root/ros2_ws/src/py_pubsub' with build type 'ament_python'
[-10800.007s] Level 1:colcon.colcon_core.shell:create_environment_hook('py_pubsub', 'ament_prefix_path')
[-10800.007s] INFO:colcon.colcon_core.shell:Creating environment hook '/root/ros2_ws/install/py_pubsub/share/py_pubsub/hook/ament_prefix_path.ps1'
[-10800.006s] INFO:colcon.colcon_core.shell:Creating environment descriptor '/root/ros2_ws/install/py_pubsub/share/py_pubsub/hook/ament_prefix_path.dsv'
[-10800.006s] INFO:colcon.colcon_core.shell:Creating environment hook '/root/ros2_ws/install/py_pubsub/share/py_pubsub/hook/ament_prefix_path.sh'
[-10800.006s] INFO:colcon.colcon_core.shell:Skip shell extension 'powershell' for command environment: Not usable outside of PowerShell
[-10800.006s] DEBUG:colcon.colcon_core.shell:Skip shell extension 'dsv' for command environment
[-10800.003s] INFO:colcon.colcon_ros.task.ament_cmake.build:Building ROS package in '/root/ros2_ws/src/tp1' with build type 'ament_cmake'
[-10800.003s] INFO:colcon.colcon_cmake.task.cmake.build:Building CMake package in '/root/ros2_ws/src/tp1'
[-10800.003s] INFO:colcon.colcon_core.shell:Skip shell extension 'powershell' for command environment: Not usable outside of PowerShell
[-10800.003s] DEBUG:colcon.colcon_core.shell:Skip shell extension 'dsv' for command environment
[-10799.996s] DEBUG:colcon.colcon_core.event_handler.log_command:Invoking command in '/root/ros2_ws/build/phi_aria': CMAKE_PREFIX_PATH=${CMAKE_PREFIX_PATH}:/root/ros2_ws/install/py_pubsub:/root/ros2_ws/src/py_pubsub/install/py_pubsub:/opt/ros/jazzy /usr/bin/cmake --build /root/ros2_ws/build/phi_aria -- -j16 -l16
[-10799.864s] INFO:colcon.colcon_core.task.python.build:Building Python package in '/root/ros2_ws/src/py_pubsub'
[-10799.864s] INFO:colcon.colcon_core.shell:Skip shell extension 'powershell' for command environment: Not usable outside of PowerShell
[-10799.864s] DEBUG:colcon.colcon_core.shell:Skip shell extension 'dsv' for command environment
[-10799.858s] DEBUG:colcon.colcon_core.event_handler.log_command:Invoked command in '/root/ros2_ws/build/phi_aria' returned '0': CMAKE_PREFIX_PATH=${CMAKE_PREFIX_PATH}:/root/ros2_ws/install/py_pubsub:/root/ros2_ws/src/py_pubsub/install/py_pubsub:/opt/ros/jazzy /usr/bin/cmake --build /root/ros2_ws/build/phi_aria -- -j16 -l16
[-10799.846s] DEBUG:colcon.colcon_core.event_handler.log_command:Invoking command in '/root/ros2_ws/build/phi_aria': CMAKE_PREFIX_PATH=${CMAKE_PREFIX_PATH}:/root/ros2_ws/install/py_pubsub:/root/ros2_ws/src/py_pubsub/install/py_pubsub:/opt/ros/jazzy /usr/bin/cmake --install /root/ros2_ws/build/phi_aria
[-10799.842s] DEBUG:colcon.colcon_core.event_handler.log_command:Invoking command in '/root/ros2_ws/build/tp1': CMAKE_PREFIX_PATH=${CMAKE_PREFIX_PATH}:/root/ros2_ws/install/py_pubsub:/root/ros2_ws/src/py_pubsub/install/py_pubsub:/opt/ros/jazzy /usr/bin/cmake --build /root/ros2_ws/build/tp1 -- -j16 -l16
[-10799.832s] Level 1:colcon.colcon_core.environment:create_environment_scripts_only(phi_aria)
[-10799.831s] DEBUG:colcon.colcon_core.event_handler.log_command:Invoked command in '/root/ros2_ws/build/phi_aria' returned '0': CMAKE_PREFIX_PATH=${CMAKE_PREFIX_PATH}:/root/ros2_ws/install/py_pubsub:/root/ros2_ws/src/py_pubsub/install/py_pubsub:/opt/ros/jazzy /usr/bin/cmake --install /root/ros2_ws/build/phi_aria
[-10799.830s] Level 1:colcon.colcon_core.environment:checking '/root/ros2_ws/install/phi_aria' for CMake module files
[-10799.829s] Level 1:colcon.colcon_core.environment:checking '/root/ros2_ws/install/phi_aria' for CMake config files
[-10799.829s] Level 1:colcon.colcon_core.shell:create_environment_hook('phi_aria', 'cmake_prefix_path')
[-10799.829s] INFO:colcon.colcon_core.shell:Creating environment hook '/root/ros2_ws/install/phi_aria/share/phi_aria/hook/cmake_prefix_path.ps1'
[-10799.829s] INFO:colcon.colcon_core.shell:Creating environment descriptor '/root/ros2_ws/install/phi_aria/share/phi_aria/hook/cmake_prefix_path.dsv'
[-10799.828s] INFO:colcon.colcon_core.shell:Creating environment hook '/root/ros2_ws/install/phi_aria/share/phi_aria/hook/cmake_prefix_path.sh'
[-10799.828s] Level 1:colcon.colcon_core.environment:checking '/root/ros2_ws/install/phi_aria/lib'
[-10799.828s] Level 1:colcon.colcon_core.environment:checking '/root/ros2_ws/install/phi_aria/bin'
[-10799.827s] Level 1:colcon.colcon_core.environment:checking '/root/ros2_ws/install/phi_aria/lib/pkgconfig/phi_aria.pc'
[-10799.827s] Level 1:colcon.colcon_core.environment:checking '/root/ros2_ws/install/phi_aria/lib/python3.12/site-packages'
[-10799.827s] Level 1:colcon.colcon_core.environment:checking '/root/ros2_ws/install/phi_aria/bin'
[-10799.827s] INFO:colcon.colcon_core.shell:Creating package script '/root/ros2_ws/install/phi_aria/share/phi_aria/package.ps1'
[-10799.827s] INFO:colcon.colcon_core.shell:Creating package descriptor '/root/ros2_ws/install/phi_aria/share/phi_aria/package.dsv'
[-10799.826s] INFO:colcon.colcon_core.shell:Creating package script '/root/ros2_ws/install/phi_aria/share/phi_aria/package.sh'
[-10799.826s] INFO:colcon.colcon_core.shell:Creating package script '/root/ros2_ws/install/phi_aria/share/phi_aria/package.bash'
[-10799.825s] INFO:colcon.colcon_core.shell:Creating package script '/root/ros2_ws/install/phi_aria/share/phi_aria/package.zsh'
[-10799.825s] Level 1:colcon.colcon_core.environment:create_file_with_runtime_dependencies(/root/ros2_ws/install/phi_aria/share/colcon-core/packages/phi_aria)
[-10799.825s] Level 1:colcon.colcon_core.environment:create_environment_scripts_only(phi_aria)
[-10799.824s] Level 1:colcon.colcon_core.environment:checking '/root/ros2_ws/install/phi_aria' for CMake module files
[-10799.824s] Level 1:colcon.colcon_core.environment:checking '/root/ros2_ws/install/phi_aria' for CMake config files
[-10799.824s] Level 1:colcon.colcon_core.shell:create_environment_hook('phi_aria', 'cmake_prefix_path')
[-10799.824s] INFO:colcon.colcon_core.shell:Creating environment hook '/root/ros2_ws/install/phi_aria/share/phi_aria/hook/cmake_prefix_path.ps1'
[-10799.824s] INFO:colcon.colcon_core.shell:Creating environment descriptor '/root/ros2_ws/install/phi_aria/share/phi_aria/hook/cmake_prefix_path.dsv'
[-10799.823s] INFO:colcon.colcon_core.shell:Creating environment hook '/root/ros2_ws/install/phi_aria/share/phi_aria/hook/cmake_prefix_path.sh'
[-10799.823s] Level 1:colcon.colcon_core.environment:checking '/root/ros2_ws/install/phi_aria/lib'
[-10799.823s] Level 1:colcon.colcon_core.environment:checking '/root/ros2_ws/install/phi_aria/bin'
[-10799.823s] Level 1:colcon.colcon_core.environment:checking '/root/ros2_ws/install/phi_aria/lib/pkgconfig/phi_aria.pc'
[-10799.823s] Level 1:colcon.colcon_core.environment:checking '/root/ros2_ws/install/phi_aria/lib/python3.12/site-packages'
[-10799.823s] Level 1:colcon.colcon_core.environment:checking '/root/ros2_ws/install/phi_aria/bin'
[-10799.822s] INFO:colcon.colcon_core.shell:Creating package script '/root/ros2_ws/install/phi_aria/share/phi_aria/package.ps1'
[-10799.822s] INFO:colcon.colcon_core.shell:Creating package descriptor '/root/ros2_ws/install/phi_aria/share/phi_aria/package.dsv'
[-10799.822s] INFO:colcon.colcon_core.shell:Creating package script '/root/ros2_ws/install/phi_aria/share/phi_aria/package.sh'
[-10799.821s] INFO:colcon.colcon_core.shell:Creating package script '/root/ros2_ws/install/phi_aria/share/phi_aria/package.bash'
[-10799.821s] INFO:colcon.colcon_core.shell:Creating package script '/root/ros2_ws/install/phi_aria/share/phi_aria/package.zsh'
[-10799.821s] Level 1:colcon.colcon_core.environment:create_file_with_runtime_dependencies(/root/ros2_ws/install/phi_aria/share/colcon-core/packages/phi_aria)
[-10799.493s] DEBUG:colcon.colcon_core.event_handler.log_command:Invoking command in '/root/ros2_ws/src/py_pubsub': PYTHONPATH=/root/ros2_ws/build/py_pubsub/prefix_override:/usr/lib/python3/dist-packages/colcon_core/task/python/colcon_distutils_commands:/root/ros2_ws/install/py_pubsub/lib/python3.12/site-packages:${PYTHONPATH} /usr/bin/python3 -W ignore:setup.py install is deprecated -W ignore:easy_install command is deprecated setup.py egg_info --egg-base ../../build/py_pubsub build --build-base /root/ros2_ws/build/py_pubsub/build install --record /root/ros2_ws/build/py_pubsub/install.log --single-version-externally-managed install_data
[-10799.169s] Level 1:colcon.colcon_core.environment:checking '/root/ros2_ws/install/py_pubsub' for CMake module files
[-10799.168s] DEBUG:colcon.colcon_core.event_handler.log_command:Invoked command in '/root/ros2_ws/src/py_pubsub' returned '0': PYTHONPATH=/root/ros2_ws/build/py_pubsub/prefix_override:/usr/lib/python3/dist-packages/colcon_core/task/python/colcon_distutils_commands:/root/ros2_ws/install/py_pubsub/lib/python3.12/site-packages:${PYTHONPATH} /usr/bin/python3 -W ignore:setup.py install is deprecated -W ignore:easy_install command is deprecated setup.py egg_info --egg-base ../../build/py_pubsub build --build-base /root/ros2_ws/build/py_pubsub/build install --record /root/ros2_ws/build/py_pubsub/install.log --single-version-externally-managed install_data
[-10799.168s] Level 1:colcon.colcon_core.environment:checking '/root/ros2_ws/install/py_pubsub' for CMake config files
[-10799.168s] Level 1:colcon.colcon_core.environment:checking '/root/ros2_ws/install/py_pubsub/lib'
[-10799.167s] Level 1:colcon.colcon_core.environment:checking '/root/ros2_ws/install/py_pubsub/bin'
[-10799.167s] Level 1:colcon.colcon_core.environment:checking '/root/ros2_ws/install/py_pubsub/lib/pkgconfig/py_pubsub.pc'
[-10799.167s] Level 1:colcon.colcon_core.environment:checking '/root/ros2_ws/install/py_pubsub/lib/python3.12/site-packages'
[-10799.167s] Level 1:colcon.colcon_core.shell:create_environment_hook('py_pubsub', 'pythonpath')
[-10799.167s] INFO:colcon.colcon_core.shell:Creating environment hook '/root/ros2_ws/install/py_pubsub/share/py_pubsub/hook/pythonpath.ps1'
[-10799.167s] INFO:colcon.colcon_core.shell:Creating environment descriptor '/root/ros2_ws/install/py_pubsub/share/py_pubsub/hook/pythonpath.dsv'
[-10799.166s] INFO:colcon.colcon_core.shell:Creating environment hook '/root/ros2_ws/install/py_pubsub/share/py_pubsub/hook/pythonpath.sh'
[-10799.166s] Level 1:colcon.colcon_core.environment:checking '/root/ros2_ws/install/py_pubsub/bin'
[-10799.166s] Level 1:colcon.colcon_core.environment:create_environment_scripts_only(py_pubsub)
[-10799.166s] INFO:colcon.colcon_core.shell:Creating package script '/root/ros2_ws/install/py_pubsub/share/py_pubsub/package.ps1'
[-10799.166s] INFO:colcon.colcon_core.shell:Creating package descriptor '/root/ros2_ws/install/py_pubsub/share/py_pubsub/package.dsv'
[-10799.165s] INFO:colcon.colcon_core.shell:Creating package script '/root/ros2_ws/install/py_pubsub/share/py_pubsub/package.sh'
[-10799.165s] INFO:colcon.colcon_core.shell:Creating package script '/root/ros2_ws/install/py_pubsub/share/py_pubsub/package.bash'
[-10799.165s] INFO:colcon.colcon_core.shell:Creating package script '/root/ros2_ws/install/py_pubsub/share/py_pubsub/package.zsh'
[-10799.164s] Level 1:colcon.colcon_core.environment:create_file_with_runtime_dependencies(/root/ros2_ws/install/py_pubsub/share/colcon-core/packages/py_pubsub)
[-10796.862s] DEBUG:colcon.colcon_core.event_handler.log_command:Invoked command in '/root/ros2_ws/build/tp1' returned '0': CMAKE_PREFIX_PATH=${CMAKE_PREFIX_PATH}:/root/ros2_ws/install/py_pubsub:/root/ros2_ws/src/py_pubsub/install/py_pubsub:/opt/ros/jazzy /usr/bin/cmake --build /root/ros2_ws/build/tp1 -- -j16 -l16
[-10796.862s] DEBUG:colcon.colcon_core.event_handler.log_command:Invoking command in '/root/ros2_ws/build/tp1': CMAKE_PREFIX_PATH=${CMAKE_PREFIX_PATH}:/root/ros2_ws/install/py_pubsub:/root/ros2_ws/src/py_pubsub/install/py_pubsub:/opt/ros/jazzy /usr/bin/cmake --install /root/ros2_ws/build/tp1
[-10796.834s] Level 1:colcon.colcon_core.environment:create_environment_scripts_only(tp1)
[-10796.834s] Level 1:colcon.colcon_core.environment:checking '/root/ros2_ws/install/tp1' for CMake module files
[-10796.833s] DEBUG:colcon.colcon_core.event_handler.log_command:Invoked command in '/root/ros2_ws/build/tp1' returned '0': CMAKE_PREFIX_PATH=${CMAKE_PREFIX_PATH}:/root/ros2_ws/install/py_pubsub:/root/ros2_ws/src/py_pubsub/install/py_pubsub:/opt/ros/jazzy /usr/bin/cmake --install /root/ros2_ws/build/tp1
[-10796.833s] Level 1:colcon.colcon_core.environment:checking '/root/ros2_ws/install/tp1' for CMake config files
[-10796.833s] Level 1:colcon.colcon_core.shell:create_environment_hook('tp1', 'cmake_prefix_path')
[-10796.833s] INFO:colcon.colcon_core.shell:Creating environment hook '/root/ros2_ws/install/tp1/share/tp1/hook/cmake_prefix_path.ps1'
[-10796.832s] INFO:colcon.colcon_core.shell:Creating environment descriptor '/root/ros2_ws/install/tp1/share/tp1/hook/cmake_prefix_path.dsv'
[-10796.832s] INFO:colcon.colcon_core.shell:Creating environment hook '/root/ros2_ws/install/tp1/share/tp1/hook/cmake_prefix_path.sh'
[-10796.831s] Level 1:colcon.colcon_core.environment:checking '/root/ros2_ws/install/tp1/lib'
[-10796.831s] Level 1:colcon.colcon_core.environment:checking '/root/ros2_ws/install/tp1/bin'
[-10796.831s] Level 1:colcon.colcon_core.environment:checking '/root/ros2_ws/install/tp1/lib/pkgconfig/tp1.pc'
[-10796.831s] Level 1:colcon.colcon_core.environment:checking '/root/ros2_ws/install/tp1/lib/python3.12/site-packages'
[-10796.831s] Level 1:colcon.colcon_core.environment:checking '/root/ros2_ws/install/tp1/bin'
[-10796.831s] INFO:colcon.colcon_core.shell:Creating package script '/root/ros2_ws/install/tp1/share/tp1/package.ps1'
[-10796.831s] INFO:colcon.colcon_core.shell:Creating package descriptor '/root/ros2_ws/install/tp1/share/tp1/package.dsv'
[-10796.830s] INFO:colcon.colcon_core.shell:Creating package script '/root/ros2_ws/install/tp1/share/tp1/package.sh'
[-10796.830s] INFO:colcon.colcon_core.shell:Creating package script '/root/ros2_ws/install/tp1/share/tp1/package.bash'
[-10796.830s] INFO:colcon.colcon_core.shell:Creating package script '/root/ros2_ws/install/tp1/share/tp1/package.zsh'
[-10796.830s] Level 1:colcon.colcon_core.environment:create_file_with_runtime_dependencies(/root/ros2_ws/install/tp1/share/colcon-core/packages/tp1)
[-10796.829s] Level 1:colcon.colcon_core.environment:create_environment_scripts_only(tp1)
[-10796.829s] Level 1:colcon.colcon_core.environment:checking '/root/ros2_ws/install/tp1' for CMake module files
[-10796.829s] Level 1:colcon.colcon_core.environment:checking '/root/ros2_ws/install/tp1' for CMake config files
[-10796.829s] Level 1:colcon.colcon_core.shell:create_environment_hook('tp1', 'cmake_prefix_path')
[-10796.828s] INFO:colcon.colcon_core.shell:Creating environment hook '/root/ros2_ws/install/tp1/share/tp1/hook/cmake_prefix_path.ps1'
[-10796.828s] INFO:colcon.colcon_core.shell:Creating environment descriptor '/root/ros2_ws/install/tp1/share/tp1/hook/cmake_prefix_path.dsv'
[-10796.828s] INFO:colcon.colcon_core.shell:Creating environment hook '/root/ros2_ws/install/tp1/share/tp1/hook/cmake_prefix_path.sh'
[-10796.827s] Level 1:colcon.colcon_core.environment:checking '/root/ros2_ws/install/tp1/lib'
[-10796.827s] Level 1:colcon.colcon_core.environment:checking '/root/ros2_ws/install/tp1/bin'
[-10796.827s] Level 1:colcon.colcon_core.environment:checking '/root/ros2_ws/install/tp1/lib/pkgconfig/tp1.pc'
[-10796.827s] Level 1:colcon.colcon_core.environment:checking '/root/ros2_ws/install/tp1/lib/python3.12/site-packages'
[-10796.827s] Level 1:colcon.colcon_core.environment:checking '/root/ros2_ws/install/tp1/bin'
[-10796.827s] INFO:colcon.colcon_core.shell:Creating package script '/root/ros2_ws/install/tp1/share/tp1/package.ps1'
[-10796.826s] INFO:colcon.colcon_core.shell:Creating package descriptor '/root/ros2_ws/install/tp1/share/tp1/package.dsv'
[-10796.826s] INFO:colcon.colcon_core.shell:Creating package script '/root/ros2_ws/install/tp1/share/tp1/package.sh'
[-10796.826s] INFO:colcon.colcon_core.shell:Creating package script '/root/ros2_ws/install/tp1/share/tp1/package.bash'
[-10796.826s] INFO:colcon.colcon_core.shell:Creating package script '/root/ros2_ws/install/tp1/share/tp1/package.zsh'
[-10796.825s] Level 1:colcon.colcon_core.environment:create_file_with_runtime_dependencies(/root/ros2_ws/install/tp1/share/colcon-core/packages/tp1)
[-10796.825s] DEBUG:colcon.colcon_parallel_executor.executor.parallel:closing loop
[-10796.825s] DEBUG:colcon.colcon_parallel_executor.executor.parallel:loop closed
[-10796.824s] DEBUG:colcon.colcon_parallel_executor.executor.parallel:run_until_complete finished with '0'
[-10796.824s] DEBUG:colcon.colcon_core.event_reactor:joining thread
[-10796.780s] INFO:colcon.colcon_core.plugin_system:Skipping extension 'colcon_notification.desktop_notification.notify_send': Could not find 'notify-send'
[-10796.780s] INFO:colcon.colcon_core.plugin_system:Skipping extension 'colcon_notification.desktop_notification.terminal_notifier': Not used on non-Darwin systems
[-10796.780s] INFO:colcon.colcon_core.plugin_system:Skipping extension 'colcon_notification.desktop_notification.win32': Not used on non-Windows systems
[-10796.780s] INFO:colcon.colcon_notification.desktop_notification:Sending desktop notification using 'notify2'
[-10796.779s] DEBUG:colcon.colcon_notification.desktop_notification.notify2:Failed to initialize notify2: org.freedesktop.DBus.Error.ServiceUnknown: The name org.freedesktop.Notifications was not provided by any .service files
[-10796.779s] DEBUG:colcon.colcon_core.event_reactor:joined thread
[-10796.778s] INFO:colcon.colcon_core.shell:Creating prefix script '/root/ros2_ws/install/local_setup.ps1'
[-10796.778s] INFO:colcon.colcon_core.shell:Creating prefix util module '/root/ros2_ws/install/_local_setup_util_ps1.py'
[-10796.777s] INFO:colcon.colcon_core.shell:Creating prefix chain script '/root/ros2_ws/install/setup.ps1'
[-10796.776s] INFO:colcon.colcon_core.shell:Creating prefix script '/root/ros2_ws/install/local_setup.sh'
[-10796.776s] INFO:colcon.colcon_core.shell:Creating prefix util module '/root/ros2_ws/install/_local_setup_util_sh.py'
[-10796.775s] INFO:colcon.colcon_core.shell:Creating prefix chain script '/root/ros2_ws/install/setup.sh'
[-10796.775s] INFO:colcon.colcon_core.shell:Creating prefix script '/root/ros2_ws/install/local_setup.bash'
[-10796.774s] INFO:colcon.colcon_core.shell:Creating prefix chain script '/root/ros2_ws/install/setup.bash'
[-10796.774s] INFO:colcon.colcon_core.shell:Creating prefix script '/root/ros2_ws/install/local_setup.zsh'
[-10796.773s] INFO:colcon.colcon_core.shell:Creating prefix chain script '/root/ros2_ws/install/setup.zsh'
