[0.144s] Invoking command in '/root/ros2_ws/build/tp1': CMAKE_PREFIX_PATH=${CMAKE_PREFIX_PATH}:/root/ros2_ws/install/py_pubsub:/root/ros2_ws/src/py_pubsub/install/py_pubsub:/opt/ros/jazzy /usr/bin/cmake --build /root/ros2_ws/build/tp1 -- -j16 -l16
[0.209s] [100%] Built target navigation
[0.222s] Invoked command in '/root/ros2_ws/build/tp1' returned '0': CMAKE_PREFIX_PATH=${CMAKE_PREFIX_PATH}:/root/ros2_ws/install/py_pubsub:/root/ros2_ws/src/py_pubsub/install/py_pubsub:/opt/ros/jazzy /usr/bin/cmake --build /root/ros2_ws/build/tp1 -- -j16 -l16
[0.223s] Invoking command in '/root/ros2_ws/build/tp1': CMAKE_PREFIX_PATH=${CMAKE_PREFIX_PATH}:/root/ros2_ws/install/py_pubsub:/root/ros2_ws/src/py_pubsub/install/py_pubsub:/opt/ros/jazzy /usr/bin/cmake --install /root/ros2_ws/build/tp1
[0.231s] -- Install configuration: ""
[0.231s] -- Up-to-date: /root/ros2_ws/install/tp1/lib/tp1/navigation
[0.232s] -- Up-to-date: /root/ros2_ws/install/tp1/share/tp1/launch
[0.232s] -- Up-to-date: /root/ros2_ws/install/tp1/share/tp1/launch/p3dx-rosaria.launch.py
[0.232s] -- Up-to-date: /root/ros2_ws/install/tp1/share/tp1/config
[0.232s] -- Up-to-date: /root/ros2_ws/install/tp1/share/tp1/config/p3dx.rviz
[0.233s] -- Up-to-date: /root/ros2_ws/install/tp1/share/ament_index/resource_index/package_run_dependencies/tp1
[0.233s] -- Up-to-date: /root/ros2_ws/install/tp1/share/ament_index/resource_index/parent_prefix_path/tp1
[0.233s] -- Up-to-date: /root/ros2_ws/install/tp1/share/tp1/environment/ament_prefix_path.sh
[0.233s] -- Up-to-date: /root/ros2_ws/install/tp1/share/tp1/environment/ament_prefix_path.dsv
[0.233s] -- Up-to-date: /root/ros2_ws/install/tp1/share/tp1/environment/path.sh
[0.233s] -- Up-to-date: /root/ros2_ws/install/tp1/share/tp1/environment/path.dsv
[0.233s] -- Up-to-date: /root/ros2_ws/install/tp1/share/tp1/local_setup.bash
[0.233s] -- Up-to-date: /root/ros2_ws/install/tp1/share/tp1/local_setup.sh
[0.233s] -- Up-to-date: /root/ros2_ws/install/tp1/share/tp1/local_setup.zsh
[0.234s] -- Up-to-date: /root/ros2_ws/install/tp1/share/tp1/local_setup.dsv
[0.234s] -- Installing: /root/ros2_ws/install/tp1/share/tp1/package.dsv
[0.234s] -- Up-to-date: /root/ros2_ws/install/tp1/share/ament_index/resource_index/packages/tp1
[0.234s] -- Up-to-date: /root/ros2_ws/install/tp1/share/tp1/cmake/tp1Config.cmake
[0.234s] -- Up-to-date: /root/ros2_ws/install/tp1/share/tp1/cmake/tp1Config-version.cmake
[0.234s] -- Up-to-date: /root/ros2_ws/install/tp1/share/tp1/package.xml
[0.235s] Invoked command in '/root/ros2_ws/build/tp1' returned '0': CMAKE_PREFIX_PATH=${CMAKE_PREFIX_PATH}:/root/ros2_ws/install/py_pubsub:/root/ros2_ws/src/py_pubsub/install/py_pubsub:/opt/ros/jazzy /usr/bin/cmake --install /root/ros2_ws/build/tp1
