[ 20%] [32mBuilding CXX object CMakeFiles/navigation.dir/src/Perception.cpp.o[0m
[ 40%] [32mBuilding CXX object CMakeFiles/navigation.dir/src/Action.cpp.o[0m
[01m[K/root/ros2_ws/src/tp1/src/Action.cpp:14:6:[m[K [01;31m[Kerror: [m[Kno declaration matches ‘[01m[Kvoid Action::[01;32m[KavoidObstacles[m[K(float, float)[m[K’
   14 | void [01;31m[KAction[m[K::avoidObstacles(float lin, float ang)
      |      [01;31m[K^~~~~~[m[K
In file included from [01m[K/root/ros2_ws/src/tp1/src/Action.cpp:1[m[K:
[01m[K/root/ros2_ws/src/tp1/include/Action.h:24:10:[m[K [01;36m[Knote: [m[Kcandidate is: ‘[01m[Kvoid Action::[01;32m[KavoidObstacles[m[K(std::vector<float>)[m[K’
   24 |     void [01;36m[KavoidObstacles[m[K(std::vector<float> speed);
      |          [01;36m[K^~~~~~~~~~~~~~[m[K
[01m[K/root/ros2_ws/src/tp1/include/Action.h:18:7:[m[K [01;36m[Knote: [m[K‘[01m[Kclass Action[m[K’ defined here
   18 | class [01;36m[KAction[m[K
      |       [01;36m[K^~~~~~[m[K
[01m[K/root/ros2_ws/src/tp1/src/Action.cpp:[m[K In member function ‘[01m[Kvoid Action::[01;32m[KkeepAsFarthestAsPossibleFromWalls[m[K(std::vector<float>, std::vector<float>)[m[K’:
[01m[K/root/ros2_ws/src/tp1/src/Action.cpp:52:67:[m[K [01;35m[Kwarning: [m[Kunused parameter ‘[01m[Klasers[m[K’ [[01;35m[K]8;;https://gcc.gnu.org/onlinedocs/gcc/Warning-Options.html#index-Wunused-parameter-Wunused-parameter]8;;[m[K]
   52 | void Action::keepAsFarthestAsPossibleFromWalls([01;35m[Kstd::vector<float> lasers[m[K, std::vector<float> sonars)
      |                                                [01;35m[K~~~~~~~~~~~~~~~~~~~^~~~~~[m[K
[01m[K/root/ros2_ws/src/tp1/src/Action.cpp:52:94:[m[K [01;35m[Kwarning: [m[Kunused parameter ‘[01m[Ksonars[m[K’ [[01;35m[K]8;;https://gcc.gnu.org/onlinedocs/gcc/Warning-Options.html#index-Wunused-parameter-Wunused-parameter]8;;[m[K]
   52 | void Action::keepAsFarthestAsPossibleFromWalls(std::vector<float> lasers, [01;35m[Kstd::vector<float> sonars[m[K)
      |                                                                           [01;35m[K~~~~~~~~~~~~~~~~~~~^~~~~~[m[K
gmake[2]: *** [CMakeFiles/navigation.dir/build.make:90: CMakeFiles/navigation.dir/src/Action.cpp.o] Error 1
gmake[2]: *** Waiting for unfinished jobs....
gmake[1]: *** [CMakeFiles/Makefile2:137: CMakeFiles/navigation.dir/all] Error 2
gmake: *** [Makefile:146: all] Error 2
