[0.294s] DEBUG:colcon:Command line arguments: ['/usr/bin/colcon', 'build']
[0.294s] DEBUG:colcon:Parsed command line arguments: Namespace(log_base=None, log_level=None, verb_name='build', build_base='build', install_base='install', merge_install=False, symlink_install=False, test_result_base=None, continue_on_error=False, executor='parallel', parallel_workers=16, event_handlers=None, ignore_user_meta=False, metas=['./colcon.meta'], base_paths=['.'], packages_ignore=None, packages_ignore_regex=None, paths=None, packages_up_to=None, packages_up_to_regex=None, packages_above=None, packages_above_and_dependencies=None, packages_above_depth=None, packages_select_by_dep=None, packages_skip_by_dep=None, packages_skip_up_to=None, packages_select_build_failed=False, packages_skip_build_finished=False, packages_select_test_failures=False, packages_skip_test_passed=False, packages_select=None, packages_skip=None, packages_select_regex=None, packages_skip_regex=None, packages_start=None, packages_end=None, allow_overriding=[], cmake_args=None, cmake_target=None, cmake_target_skip_unavailable=False, cmake_clean_cache=False, cmake_clean_first=False, cmake_force_configure=False, ament_cmake_args=None, catkin_cmake_args=None, catkin_skip_building_tests=False, mixin_files=None, mixin=None, verb_parser=<colcon_mixin.mixin.mixin_argument.MixinArgumentDecorator object at 0x7fcccbeddbe0>, verb_extension=<colcon_core.verb.build.BuildVerb object at 0x7fcccbedd4c0>, main=<bound method BuildVerb.main of <colcon_core.verb.build.BuildVerb object at 0x7fcccbedd4c0>>, mixin_verb=('build',))
[0.351s] Level 1:colcon.colcon_core.package_discovery:discover_packages(colcon_meta) check parameters
[0.351s] Level 1:colcon.colcon_core.package_discovery:discover_packages(recursive) check parameters
[0.351s] Level 1:colcon.colcon_core.package_discovery:discover_packages(ignore) check parameters
[0.351s] Level 1:colcon.colcon_core.package_discovery:discover_packages(path) check parameters
[0.351s] Level 1:colcon.colcon_core.package_discovery:discover_packages(colcon_meta) discover
[0.351s] Level 1:colcon.colcon_core.package_discovery:discover_packages(recursive) discover
[0.351s] INFO:colcon.colcon_core.package_discovery:Crawling recursively for packages in '/root/ros2_ws'
[0.351s] Level 1:colcon.colcon_core.package_identification:_identify(.) by extensions ['ignore', 'ignore_ament_install']
[0.351s] Level 1:colcon.colcon_core.package_identification:_identify(.) by extension 'ignore'
[0.351s] Level 1:colcon.colcon_core.package_identification:_identify(.) by extension 'ignore_ament_install'
[0.351s] Level 1:colcon.colcon_core.package_identification:_identify(.) by extensions ['colcon_pkg']
[0.351s] Level 1:colcon.colcon_core.package_identification:_identify(.) by extension 'colcon_pkg'
[0.352s] Level 1:colcon.colcon_core.package_identification:_identify(.) by extensions ['colcon_meta']
[0.352s] Level 1:colcon.colcon_core.package_identification:_identify(.) by extension 'colcon_meta'
[0.352s] Level 1:colcon.colcon_core.package_identification:_identify(.) by extensions ['ros']
[0.352s] Level 1:colcon.colcon_core.package_identification:_identify(.) by extension 'ros'
[0.377s] Level 1:colcon.colcon_core.package_identification:_identify(.) by extensions ['cmake', 'python']
[0.377s] Level 1:colcon.colcon_core.package_identification:_identify(.) by extension 'cmake'
[0.377s] Level 1:colcon.colcon_core.package_identification:_identify(.) by extension 'python'
[0.377s] Level 1:colcon.colcon_core.package_identification:_identify(.) by extensions ['python_setup_py']
[0.377s] Level 1:colcon.colcon_core.package_identification:_identify(.) by extension 'python_setup_py'
[0.377s] Level 1:colcon.colcon_core.package_identification:_identify(build) by extensions ['ignore', 'ignore_ament_install']
[0.377s] Level 1:colcon.colcon_core.package_identification:_identify(build) by extension 'ignore'
[0.377s] Level 1:colcon.colcon_core.package_identification:_identify(build) ignored
[0.377s] Level 1:colcon.colcon_core.package_identification:_identify(install) by extensions ['ignore', 'ignore_ament_install']
[0.377s] Level 1:colcon.colcon_core.package_identification:_identify(install) by extension 'ignore'
[0.377s] Level 1:colcon.colcon_core.package_identification:_identify(install) ignored
[0.378s] Level 1:colcon.colcon_core.package_identification:_identify(log) by extensions ['ignore', 'ignore_ament_install']
[0.378s] Level 1:colcon.colcon_core.package_identification:_identify(log) by extension 'ignore'
[0.378s] Level 1:colcon.colcon_core.package_identification:_identify(log) ignored
[0.378s] Level 1:colcon.colcon_core.package_identification:_identify(src) by extensions ['ignore', 'ignore_ament_install']
[0.378s] Level 1:colcon.colcon_core.package_identification:_identify(src) by extension 'ignore'
[0.378s] Level 1:colcon.colcon_core.package_identification:_identify(src) by extension 'ignore_ament_install'
[0.378s] Level 1:colcon.colcon_core.package_identification:_identify(src) by extensions ['colcon_pkg']
[0.378s] Level 1:colcon.colcon_core.package_identification:_identify(src) by extension 'colcon_pkg'
[0.378s] Level 1:colcon.colcon_core.package_identification:_identify(src) by extensions ['colcon_meta']
[0.378s] Level 1:colcon.colcon_core.package_identification:_identify(src) by extension 'colcon_meta'
[0.378s] Level 1:colcon.colcon_core.package_identification:_identify(src) by extensions ['ros']
[0.378s] Level 1:colcon.colcon_core.package_identification:_identify(src) by extension 'ros'
[0.378s] Level 1:colcon.colcon_core.package_identification:_identify(src) by extensions ['cmake', 'python']
[0.378s] Level 1:colcon.colcon_core.package_identification:_identify(src) by extension 'cmake'
[0.378s] Level 1:colcon.colcon_core.package_identification:_identify(src) by extension 'python'
[0.378s] Level 1:colcon.colcon_core.package_identification:_identify(src) by extensions ['python_setup_py']
[0.378s] Level 1:colcon.colcon_core.package_identification:_identify(src) by extension 'python_setup_py'
[0.379s] Level 1:colcon.colcon_core.package_identification:_identify(src/build) by extensions ['ignore', 'ignore_ament_install']
[0.379s] Level 1:colcon.colcon_core.package_identification:_identify(src/build) by extension 'ignore'
[0.379s] Level 1:colcon.colcon_core.package_identification:_identify(src/build) ignored
[0.379s] Level 1:colcon.colcon_core.package_identification:_identify(src/install) by extensions ['ignore', 'ignore_ament_install']
[0.379s] Level 1:colcon.colcon_core.package_identification:_identify(src/install) by extension 'ignore'
[0.379s] Level 1:colcon.colcon_core.package_identification:_identify(src/install) ignored
[0.379s] Level 1:colcon.colcon_core.package_identification:_identify(src/log) by extensions ['ignore', 'ignore_ament_install']
[0.380s] Level 1:colcon.colcon_core.package_identification:_identify(src/log) by extension 'ignore'
[0.380s] Level 1:colcon.colcon_core.package_identification:_identify(src/log) ignored
[0.380s] Level 1:colcon.colcon_core.package_identification:_identify(src/phi_aria) by extensions ['ignore', 'ignore_ament_install']
[0.380s] Level 1:colcon.colcon_core.package_identification:_identify(src/phi_aria) by extension 'ignore'
[0.380s] Level 1:colcon.colcon_core.package_identification:_identify(src/phi_aria) by extension 'ignore_ament_install'
[0.380s] Level 1:colcon.colcon_core.package_identification:_identify(src/phi_aria) by extensions ['colcon_pkg']
[0.380s] Level 1:colcon.colcon_core.package_identification:_identify(src/phi_aria) by extension 'colcon_pkg'
[0.380s] Level 1:colcon.colcon_core.package_identification:_identify(src/phi_aria) by extensions ['colcon_meta']
[0.380s] Level 1:colcon.colcon_core.package_identification:_identify(src/phi_aria) by extension 'colcon_meta'
[0.380s] Level 1:colcon.colcon_core.package_identification:_identify(src/phi_aria) by extensions ['ros']
[0.380s] Level 1:colcon.colcon_core.package_identification:_identify(src/phi_aria) by extension 'ros'
[0.383s] DEBUG:colcon.colcon_core.package_identification:Package 'src/phi_aria' with type 'ros.ament_cmake' and name 'phi_aria'
[0.383s] Level 1:colcon.colcon_core.package_identification:_identify(src/tp1) by extensions ['ignore', 'ignore_ament_install']
[0.383s] Level 1:colcon.colcon_core.package_identification:_identify(src/tp1) by extension 'ignore'
[0.383s] Level 1:colcon.colcon_core.package_identification:_identify(src/tp1) by extension 'ignore_ament_install'
[0.383s] Level 1:colcon.colcon_core.package_identification:_identify(src/tp1) by extensions ['colcon_pkg']
[0.383s] Level 1:colcon.colcon_core.package_identification:_identify(src/tp1) by extension 'colcon_pkg'
[0.383s] Level 1:colcon.colcon_core.package_identification:_identify(src/tp1) by extensions ['colcon_meta']
[0.383s] Level 1:colcon.colcon_core.package_identification:_identify(src/tp1) by extension 'colcon_meta'
[0.383s] Level 1:colcon.colcon_core.package_identification:_identify(src/tp1) by extensions ['ros']
[0.383s] Level 1:colcon.colcon_core.package_identification:_identify(src/tp1) by extension 'ros'
[0.384s] DEBUG:colcon.colcon_core.package_identification:Package 'src/tp1' with type 'ros.ament_cmake' and name 'tp1'
[0.384s] Level 1:colcon.colcon_core.package_discovery:discover_packages(recursive) using defaults
[0.384s] Level 1:colcon.colcon_core.package_discovery:discover_packages(ignore) discover
[0.384s] Level 1:colcon.colcon_core.package_discovery:discover_packages(ignore) using defaults
[0.384s] Level 1:colcon.colcon_core.package_discovery:discover_packages(path) discover
[0.384s] Level 1:colcon.colcon_core.package_discovery:discover_packages(path) using defaults
[0.405s] Level 1:colcon.colcon_core.package_discovery:discover_packages(prefix_path) check parameters
[0.405s] Level 1:colcon.colcon_core.package_discovery:discover_packages(prefix_path) discover
[0.409s] DEBUG:colcon.colcon_installed_package_information.package_discovery:Found 2 installed packages in /root/ros2_ws/install
[0.411s] DEBUG:colcon.colcon_installed_package_information.package_discovery:Found 316 installed packages in /opt/ros/jazzy
[0.411s] Level 1:colcon.colcon_core.package_discovery:discover_packages(prefix_path) using defaults
[0.514s] Level 5:colcon.colcon_core.verb:set package 'phi_aria' build argument 'cmake_args' from command line to 'None'
[0.514s] Level 5:colcon.colcon_core.verb:set package 'phi_aria' build argument 'cmake_target' from command line to 'None'
[0.514s] Level 5:colcon.colcon_core.verb:set package 'phi_aria' build argument 'cmake_target_skip_unavailable' from command line to 'False'
[0.514s] Level 5:colcon.colcon_core.verb:set package 'phi_aria' build argument 'cmake_clean_cache' from command line to 'False'
[0.514s] Level 5:colcon.colcon_core.verb:set package 'phi_aria' build argument 'cmake_clean_first' from command line to 'False'
[0.514s] Level 5:colcon.colcon_core.verb:set package 'phi_aria' build argument 'cmake_force_configure' from command line to 'False'
[0.514s] Level 5:colcon.colcon_core.verb:set package 'phi_aria' build argument 'ament_cmake_args' from command line to 'None'
[0.514s] Level 5:colcon.colcon_core.verb:set package 'phi_aria' build argument 'catkin_cmake_args' from command line to 'None'
[0.514s] Level 5:colcon.colcon_core.verb:set package 'phi_aria' build argument 'catkin_skip_building_tests' from command line to 'False'
[0.514s] DEBUG:colcon.colcon_core.verb:Building package 'phi_aria' with the following arguments: {'ament_cmake_args': None, 'build_base': '/root/ros2_ws/build/phi_aria', 'catkin_cmake_args': None, 'catkin_skip_building_tests': False, 'cmake_args': None, 'cmake_clean_cache': False, 'cmake_clean_first': False, 'cmake_force_configure': False, 'cmake_target': None, 'cmake_target_skip_unavailable': False, 'install_base': '/root/ros2_ws/install/phi_aria', 'merge_install': False, 'path': '/root/ros2_ws/src/phi_aria', 'symlink_install': False, 'test_result_base': None}
[0.515s] Level 5:colcon.colcon_core.verb:set package 'tp1' build argument 'cmake_args' from command line to 'None'
[0.515s] Level 5:colcon.colcon_core.verb:set package 'tp1' build argument 'cmake_target' from command line to 'None'
[0.515s] Level 5:colcon.colcon_core.verb:set package 'tp1' build argument 'cmake_target_skip_unavailable' from command line to 'False'
[0.515s] Level 5:colcon.colcon_core.verb:set package 'tp1' build argument 'cmake_clean_cache' from command line to 'False'
[0.515s] Level 5:colcon.colcon_core.verb:set package 'tp1' build argument 'cmake_clean_first' from command line to 'False'
[0.515s] Level 5:colcon.colcon_core.verb:set package 'tp1' build argument 'cmake_force_configure' from command line to 'False'
[0.515s] Level 5:colcon.colcon_core.verb:set package 'tp1' build argument 'ament_cmake_args' from command line to 'None'
[0.515s] Level 5:colcon.colcon_core.verb:set package 'tp1' build argument 'catkin_cmake_args' from command line to 'None'
[0.515s] Level 5:colcon.colcon_core.verb:set package 'tp1' build argument 'catkin_skip_building_tests' from command line to 'False'
[0.515s] DEBUG:colcon.colcon_core.verb:Building package 'tp1' with the following arguments: {'ament_cmake_args': None, 'build_base': '/root/ros2_ws/build/tp1', 'catkin_cmake_args': None, 'catkin_skip_building_tests': False, 'cmake_args': None, 'cmake_clean_cache': False, 'cmake_clean_first': False, 'cmake_force_configure': False, 'cmake_target': None, 'cmake_target_skip_unavailable': False, 'install_base': '/root/ros2_ws/install/tp1', 'merge_install': False, 'path': '/root/ros2_ws/src/tp1', 'symlink_install': False, 'test_result_base': None}
[0.515s] INFO:colcon.colcon_core.executor:Executing jobs using 'parallel' executor
[0.515s] DEBUG:colcon.colcon_parallel_executor.executor.parallel:run_until_complete
[0.515s] INFO:colcon.colcon_ros.task.ament_cmake.build:Building ROS package in '/root/ros2_ws/src/phi_aria' with build type 'ament_cmake'
[0.515s] INFO:colcon.colcon_cmake.task.cmake.build:Building CMake package in '/root/ros2_ws/src/phi_aria'
[0.520s] INFO:colcon.colcon_core.plugin_system:Skipping extension 'colcon_core.shell.bat': Not used on non-Windows systems
[0.520s] INFO:colcon.colcon_core.shell:Skip shell extension 'powershell' for command environment: Not usable outside of PowerShell
[0.520s] DEBUG:colcon.colcon_core.shell:Skip shell extension 'dsv' for command environment
[0.523s] INFO:colcon.colcon_ros.task.ament_cmake.build:Building ROS package in '/root/ros2_ws/src/tp1' with build type 'ament_cmake'
[0.523s] INFO:colcon.colcon_cmake.task.cmake.build:Building CMake package in '/root/ros2_ws/src/tp1'
[0.523s] INFO:colcon.colcon_core.shell:Skip shell extension 'powershell' for command environment: Not usable outside of PowerShell
[0.523s] DEBUG:colcon.colcon_core.shell:Skip shell extension 'dsv' for command environment
[0.529s] DEBUG:colcon.colcon_core.event_handler.log_command:Invoking command in '/root/ros2_ws/build/phi_aria': CMAKE_PREFIX_PATH=${CMAKE_PREFIX_PATH}:/opt/ros/jazzy /usr/bin/cmake --build /root/ros2_ws/build/phi_aria -- -j16 -l16
[0.535s] DEBUG:colcon.colcon_core.event_handler.log_command:Invoking command in '/root/ros2_ws/build/tp1': CMAKE_PREFIX_PATH=${CMAKE_PREFIX_PATH}:/opt/ros/jazzy /usr/bin/cmake --build /root/ros2_ws/build/tp1 -- -j16 -l16
[0.653s] DEBUG:colcon.colcon_core.event_handler.log_command:Invoked command in '/root/ros2_ws/build/phi_aria' returned '0': CMAKE_PREFIX_PATH=${CMAKE_PREFIX_PATH}:/opt/ros/jazzy /usr/bin/cmake --build /root/ros2_ws/build/phi_aria -- -j16 -l16
[0.661s] DEBUG:colcon.colcon_core.event_handler.log_command:Invoking command in '/root/ros2_ws/build/phi_aria': CMAKE_PREFIX_PATH=${CMAKE_PREFIX_PATH}:/opt/ros/jazzy /usr/bin/cmake --install /root/ros2_ws/build/phi_aria
[0.674s] Level 1:colcon.colcon_core.environment:create_environment_scripts_only(phi_aria)
[0.674s] DEBUG:colcon.colcon_core.event_handler.log_command:Invoked command in '/root/ros2_ws/build/phi_aria' returned '0': CMAKE_PREFIX_PATH=${CMAKE_PREFIX_PATH}:/opt/ros/jazzy /usr/bin/cmake --install /root/ros2_ws/build/phi_aria
[0.684s] Level 1:colcon.colcon_core.environment:checking '/root/ros2_ws/install/phi_aria' for CMake module files
[0.686s] Level 1:colcon.colcon_core.environment:checking '/root/ros2_ws/install/phi_aria' for CMake config files
[0.689s] Level 1:colcon.colcon_core.shell:create_environment_hook('phi_aria', 'cmake_prefix_path')
[0.689s] INFO:colcon.colcon_core.shell:Creating environment hook '/root/ros2_ws/install/phi_aria/share/phi_aria/hook/cmake_prefix_path.ps1'
[0.690s] INFO:colcon.colcon_core.shell:Creating environment descriptor '/root/ros2_ws/install/phi_aria/share/phi_aria/hook/cmake_prefix_path.dsv'
[0.691s] INFO:colcon.colcon_core.shell:Creating environment hook '/root/ros2_ws/install/phi_aria/share/phi_aria/hook/cmake_prefix_path.sh'
[0.692s] Level 1:colcon.colcon_core.environment:checking '/root/ros2_ws/install/phi_aria/lib'
[0.692s] Level 1:colcon.colcon_core.environment:checking '/root/ros2_ws/install/phi_aria/bin'
[0.692s] Level 1:colcon.colcon_core.environment:checking '/root/ros2_ws/install/phi_aria/lib/pkgconfig/phi_aria.pc'
[0.692s] Level 1:colcon.colcon_core.environment:checking '/root/ros2_ws/install/phi_aria/lib/python3.12/site-packages'
[0.692s] Level 1:colcon.colcon_core.environment:checking '/root/ros2_ws/install/phi_aria/bin'
[0.692s] INFO:colcon.colcon_core.shell:Creating package script '/root/ros2_ws/install/phi_aria/share/phi_aria/package.ps1'
[0.693s] INFO:colcon.colcon_core.shell:Creating package descriptor '/root/ros2_ws/install/phi_aria/share/phi_aria/package.dsv'
[0.694s] INFO:colcon.colcon_core.shell:Creating package script '/root/ros2_ws/install/phi_aria/share/phi_aria/package.sh'
[0.694s] INFO:colcon.colcon_core.shell:Creating package script '/root/ros2_ws/install/phi_aria/share/phi_aria/package.bash'
[0.695s] INFO:colcon.colcon_core.shell:Creating package script '/root/ros2_ws/install/phi_aria/share/phi_aria/package.zsh'
[0.696s] Level 1:colcon.colcon_core.environment:create_file_with_runtime_dependencies(/root/ros2_ws/install/phi_aria/share/colcon-core/packages/phi_aria)
[0.696s] Level 1:colcon.colcon_core.environment:create_environment_scripts_only(phi_aria)
[0.696s] Level 1:colcon.colcon_core.environment:checking '/root/ros2_ws/install/phi_aria' for CMake module files
[0.696s] Level 1:colcon.colcon_core.environment:checking '/root/ros2_ws/install/phi_aria' for CMake config files
[0.697s] Level 1:colcon.colcon_core.shell:create_environment_hook('phi_aria', 'cmake_prefix_path')
[0.697s] INFO:colcon.colcon_core.shell:Creating environment hook '/root/ros2_ws/install/phi_aria/share/phi_aria/hook/cmake_prefix_path.ps1'
[0.697s] INFO:colcon.colcon_core.shell:Creating environment descriptor '/root/ros2_ws/install/phi_aria/share/phi_aria/hook/cmake_prefix_path.dsv'
[0.697s] INFO:colcon.colcon_core.shell:Creating environment hook '/root/ros2_ws/install/phi_aria/share/phi_aria/hook/cmake_prefix_path.sh'
[0.698s] Level 1:colcon.colcon_core.environment:checking '/root/ros2_ws/install/phi_aria/lib'
[0.698s] Level 1:colcon.colcon_core.environment:checking '/root/ros2_ws/install/phi_aria/bin'
[0.698s] Level 1:colcon.colcon_core.environment:checking '/root/ros2_ws/install/phi_aria/lib/pkgconfig/phi_aria.pc'
[0.698s] Level 1:colcon.colcon_core.environment:checking '/root/ros2_ws/install/phi_aria/lib/python3.12/site-packages'
[0.698s] Level 1:colcon.colcon_core.environment:checking '/root/ros2_ws/install/phi_aria/bin'
[0.698s] INFO:colcon.colcon_core.shell:Creating package script '/root/ros2_ws/install/phi_aria/share/phi_aria/package.ps1'
[0.698s] INFO:colcon.colcon_core.shell:Creating package descriptor '/root/ros2_ws/install/phi_aria/share/phi_aria/package.dsv'
[0.699s] INFO:colcon.colcon_core.shell:Creating package script '/root/ros2_ws/install/phi_aria/share/phi_aria/package.sh'
[0.699s] INFO:colcon.colcon_core.shell:Creating package script '/root/ros2_ws/install/phi_aria/share/phi_aria/package.bash'
[0.699s] INFO:colcon.colcon_core.shell:Creating package script '/root/ros2_ws/install/phi_aria/share/phi_aria/package.zsh'
[0.699s] Level 1:colcon.colcon_core.environment:create_file_with_runtime_dependencies(/root/ros2_ws/install/phi_aria/share/colcon-core/packages/phi_aria)
[4.027s] DEBUG:colcon.colcon_core.event_handler.log_command:Invoked command in '/root/ros2_ws/build/tp1' returned '2': CMAKE_PREFIX_PATH=${CMAKE_PREFIX_PATH}:/opt/ros/jazzy /usr/bin/cmake --build /root/ros2_ws/build/tp1 -- -j16 -l16
[4.028s] Level 1:colcon.colcon_core.environment:create_environment_scripts_only(tp1)
[4.028s] Level 1:colcon.colcon_core.environment:checking '/root/ros2_ws/install/tp1' for CMake module files
[4.029s] Level 1:colcon.colcon_core.environment:checking '/root/ros2_ws/install/tp1' for CMake config files
[4.031s] Level 1:colcon.colcon_core.shell:create_environment_hook('tp1', 'cmake_prefix_path')
[4.031s] INFO:colcon.colcon_core.shell:Creating environment hook '/root/ros2_ws/install/tp1/share/tp1/hook/cmake_prefix_path.ps1'
[4.031s] INFO:colcon.colcon_core.shell:Creating environment descriptor '/root/ros2_ws/install/tp1/share/tp1/hook/cmake_prefix_path.dsv'
[4.031s] INFO:colcon.colcon_core.shell:Creating environment hook '/root/ros2_ws/install/tp1/share/tp1/hook/cmake_prefix_path.sh'
[4.032s] Level 1:colcon.colcon_core.environment:checking '/root/ros2_ws/install/tp1/lib'
[4.032s] Level 1:colcon.colcon_core.environment:checking '/root/ros2_ws/install/tp1/bin'
[4.032s] Level 1:colcon.colcon_core.environment:checking '/root/ros2_ws/install/tp1/lib/pkgconfig/tp1.pc'
[4.032s] Level 1:colcon.colcon_core.environment:checking '/root/ros2_ws/install/tp1/lib/python3.12/site-packages'
[4.032s] Level 1:colcon.colcon_core.environment:checking '/root/ros2_ws/install/tp1/bin'
[4.032s] INFO:colcon.colcon_core.shell:Creating package script '/root/ros2_ws/install/tp1/share/tp1/package.ps1'
[4.032s] INFO:colcon.colcon_core.shell:Creating package descriptor '/root/ros2_ws/install/tp1/share/tp1/package.dsv'
[4.033s] INFO:colcon.colcon_core.shell:Creating package script '/root/ros2_ws/install/tp1/share/tp1/package.sh'
[4.033s] INFO:colcon.colcon_core.shell:Creating package script '/root/ros2_ws/install/tp1/share/tp1/package.bash'
[4.033s] INFO:colcon.colcon_core.shell:Creating package script '/root/ros2_ws/install/tp1/share/tp1/package.zsh'
[4.033s] Level 1:colcon.colcon_core.environment:create_file_with_runtime_dependencies(/root/ros2_ws/install/tp1/share/colcon-core/packages/tp1)
[4.044s] DEBUG:colcon.colcon_parallel_executor.executor.parallel:closing loop
[4.044s] DEBUG:colcon.colcon_parallel_executor.executor.parallel:loop closed
[4.044s] DEBUG:colcon.colcon_parallel_executor.executor.parallel:run_until_complete finished with '2'
[4.044s] DEBUG:colcon.colcon_core.event_reactor:joining thread
[4.101s] INFO:colcon.colcon_core.plugin_system:Skipping extension 'colcon_notification.desktop_notification.notify_send': Could not find 'notify-send'
[4.101s] INFO:colcon.colcon_core.plugin_system:Skipping extension 'colcon_notification.desktop_notification.terminal_notifier': Not used on non-Darwin systems
[4.101s] INFO:colcon.colcon_core.plugin_system:Skipping extension 'colcon_notification.desktop_notification.win32': Not used on non-Windows systems
[4.101s] INFO:colcon.colcon_notification.desktop_notification:Sending desktop notification using 'notify2'
[4.102s] DEBUG:colcon.colcon_notification.desktop_notification.notify2:Failed to initialize notify2: org.freedesktop.DBus.Error.ServiceUnknown: The name org.freedesktop.Notifications was not provided by any .service files
[4.102s] DEBUG:colcon.colcon_core.event_reactor:joined thread
[4.102s] INFO:colcon.colcon_core.shell:Creating prefix script '/root/ros2_ws/install/local_setup.ps1'
[4.103s] INFO:colcon.colcon_core.shell:Creating prefix util module '/root/ros2_ws/install/_local_setup_util_ps1.py'
[4.104s] INFO:colcon.colcon_core.shell:Creating prefix chain script '/root/ros2_ws/install/setup.ps1'
[4.105s] INFO:colcon.colcon_core.shell:Creating prefix script '/root/ros2_ws/install/local_setup.sh'
[4.106s] INFO:colcon.colcon_core.shell:Creating prefix util module '/root/ros2_ws/install/_local_setup_util_sh.py'
[4.106s] INFO:colcon.colcon_core.shell:Creating prefix chain script '/root/ros2_ws/install/setup.sh'
[4.107s] INFO:colcon.colcon_core.shell:Creating prefix script '/root/ros2_ws/install/local_setup.bash'
[4.108s] INFO:colcon.colcon_core.shell:Creating prefix chain script '/root/ros2_ws/install/setup.bash'
[4.109s] INFO:colcon.colcon_core.shell:Creating prefix script '/root/ros2_ws/install/local_setup.zsh'
[4.109s] INFO:colcon.colcon_core.shell:Creating prefix chain script '/root/ros2_ws/install/setup.zsh'
