[0.012s] Invoking command in '/root/ros2_ws/build/tp1': CMAKE_PREFIX_PATH=${CMAKE_PREFIX_PATH}:/opt/ros/jazzy /usr/bin/cmake --build /root/ros2_ws/build/tp1 -- -j16 -l16
[0.123s] [ 20%] [32mBuilding CXX object CMakeFiles/navigation.dir/src/main.cpp.o[0m
[1.588s] [01m[K/root/ros2_ws/src/tp1/src/main.cpp:[m[K In function ‘[01m[Kvoid*[01;32m[K keyboardThreadFunction[m[K(void*)[m[K’:
[1.588s] [01m[K/root/ros2_ws/src/tp1/src/main.cpp:81:36:[m[K [01;35m[Kwarning: [m[Kunused parameter ‘[01m[Karg[m[K’ [[01;35m[K]8;;https://gcc.gnu.org/onlinedocs/gcc/Warning-Options.html#index-Wunused-parameter-Wunused-parameter]8;;[m[K]
[1.588s]    81 | void *keyboardThreadFunction([01;35m[Kvoid *arg[m[K)
[1.588s]       |                              [01;35m[K~~~~~~^~~[m[K
[1.589s] [01m[K/root/ros2_ws/src/tp1/src/main.cpp:[m[K In function ‘[01m[Kvoid*[01;32m[K mainThreadFunction[m[K(void*)[m[K’:
[1.589s] [01m[K/root/ros2_ws/src/tp1/src/main.cpp:95:32:[m[K [01;35m[Kwarning: [m[Kunused parameter ‘[01m[Karg[m[K’ [[01;35m[K]8;;https://gcc.gnu.org/onlinedocs/gcc/Warning-Options.html#index-Wunused-parameter-Wunused-parameter]8;;[m[K]
[1.589s]    95 | void *mainThreadFunction([01;35m[Kvoid *arg[m[K)
[1.590s]       |                          [01;35m[K~~~~~~^~~[m[K
[5.841s] [ 40%] [32m[1mLinking CXX executable navigation[0m
[6.208s] [100%] Built target navigation
[6.214s] Invoked command in '/root/ros2_ws/build/tp1' returned '0': CMAKE_PREFIX_PATH=${CMAKE_PREFIX_PATH}:/opt/ros/jazzy /usr/bin/cmake --build /root/ros2_ws/build/tp1 -- -j16 -l16
[6.216s] Invoking command in '/root/ros2_ws/build/tp1': CMAKE_PREFIX_PATH=${CMAKE_PREFIX_PATH}:/opt/ros/jazzy /usr/bin/cmake --install /root/ros2_ws/build/tp1
[6.220s] -- Install configuration: ""
[6.221s] -- Installing: /root/ros2_ws/install/tp1/lib/tp1/navigation
[6.227s] -- Set non-toolchain portion of runtime path of "/root/ros2_ws/install/tp1/lib/tp1/navigation" to ""
[6.227s] -- Up-to-date: /root/ros2_ws/install/tp1/share/tp1/launch
[6.227s] -- Up-to-date: /root/ros2_ws/install/tp1/share/tp1/launch/p3dx-rosaria.launch.py
[6.227s] -- Up-to-date: /root/ros2_ws/install/tp1/share/tp1/config
[6.228s] -- Up-to-date: /root/ros2_ws/install/tp1/share/tp1/config/p3dx.rviz
[6.228s] -- Up-to-date: /root/ros2_ws/install/tp1/share/ament_index/resource_index/package_run_dependencies/tp1
[6.228s] -- Up-to-date: /root/ros2_ws/install/tp1/share/ament_index/resource_index/parent_prefix_path/tp1
[6.228s] -- Up-to-date: /root/ros2_ws/install/tp1/share/tp1/environment/ament_prefix_path.sh
[6.228s] -- Up-to-date: /root/ros2_ws/install/tp1/share/tp1/environment/ament_prefix_path.dsv
[6.228s] -- Up-to-date: /root/ros2_ws/install/tp1/share/tp1/environment/path.sh
[6.228s] -- Up-to-date: /root/ros2_ws/install/tp1/share/tp1/environment/path.dsv
[6.228s] -- Up-to-date: /root/ros2_ws/install/tp1/share/tp1/local_setup.bash
[6.228s] -- Up-to-date: /root/ros2_ws/install/tp1/share/tp1/local_setup.sh
[6.228s] -- Up-to-date: /root/ros2_ws/install/tp1/share/tp1/local_setup.zsh
[6.229s] -- Up-to-date: /root/ros2_ws/install/tp1/share/tp1/local_setup.dsv
[6.229s] -- Installing: /root/ros2_ws/install/tp1/share/tp1/package.dsv
[6.229s] -- Up-to-date: /root/ros2_ws/install/tp1/share/ament_index/resource_index/packages/tp1
[6.229s] -- Up-to-date: /root/ros2_ws/install/tp1/share/tp1/cmake/tp1Config.cmake
[6.229s] -- Up-to-date: /root/ros2_ws/install/tp1/share/tp1/cmake/tp1Config-version.cmake
[6.229s] -- Up-to-date: /root/ros2_ws/install/tp1/share/tp1/package.xml
[6.230s] Invoked command in '/root/ros2_ws/build/tp1' returned '0': CMAKE_PREFIX_PATH=${CMAKE_PREFIX_PATH}:/opt/ros/jazzy /usr/bin/cmake --install /root/ros2_ws/build/tp1
