[0.147s] Invoking command in '/root/ros2_ws/build/tp1': CMAKE_PREFIX_PATH=${CMAKE_PREFIX_PATH}:/root/ros2_ws/install/py_pubsub:/root/ros2_ws/src/py_pubsub/install/py_pubsub:/opt/ros/jazzy /usr/bin/cmake --build /root/ros2_ws/build/tp1 -- -j16 -l16
[0.203s] [ 20%] [32mBuilding CXX object CMakeFiles/navigation.dir/src/main.cpp.o[0m
[0.203s] [ 40%] [32mBuilding CXX object CMakeFiles/navigation.dir/src/Perception.cpp.o[0m
[1.869s] [01m[K/root/ros2_ws/src/tp1/src/Perception.cpp:[m[K In member function ‘[01m[Kfloat Perception::[01;32m[KcompareSubmaps[m[K(const std::vector<int>&, const std::vector<int>&)[m[K’:
[1.869s] [01m[K/root/ros2_ws/src/tp1/src/Perception.cpp:460:26:[m[K [01;35m[Kwarning: [m[Kcomparison of integer expressions of different signedness: ‘[01m[Ksize_t[m[K’ {aka ‘[01m[Klong unsigned int[m[K’} and ‘[01m[Kint[m[K’ [[01;35m[K]8;;https://gcc.gnu.org/onlinedocs/gcc/Warning-Options.html#index-Wsign-compare-Wsign-compare]8;;[m[K]
[1.869s]   460 |     for (size_t i = 0; [01;35m[Ki < total_cells[m[K; ++i)
[1.869s]       |                        [01;35m[K~~^~~~~~~~~~~~~[m[K
[6.658s] [ 60%] [32m[1mLinking CXX executable navigation[0m
[7.144s] [100%] Built target navigation
[7.153s] Invoked command in '/root/ros2_ws/build/tp1' returned '0': CMAKE_PREFIX_PATH=${CMAKE_PREFIX_PATH}:/root/ros2_ws/install/py_pubsub:/root/ros2_ws/src/py_pubsub/install/py_pubsub:/opt/ros/jazzy /usr/bin/cmake --build /root/ros2_ws/build/tp1 -- -j16 -l16
[7.155s] Invoking command in '/root/ros2_ws/build/tp1': CMAKE_PREFIX_PATH=${CMAKE_PREFIX_PATH}:/root/ros2_ws/install/py_pubsub:/root/ros2_ws/src/py_pubsub/install/py_pubsub:/opt/ros/jazzy /usr/bin/cmake --install /root/ros2_ws/build/tp1
[7.160s] -- Install configuration: ""
[7.161s] -- Installing: /root/ros2_ws/install/tp1/lib/tp1/navigation
[7.169s] -- Set non-toolchain portion of runtime path of "/root/ros2_ws/install/tp1/lib/tp1/navigation" to ""
[7.169s] -- Up-to-date: /root/ros2_ws/install/tp1/share/tp1/launch
[7.169s] -- Up-to-date: /root/ros2_ws/install/tp1/share/tp1/launch/p3dx-rosaria.launch.py
[7.170s] -- Up-to-date: /root/ros2_ws/install/tp1/share/tp1/config
[7.170s] -- Up-to-date: /root/ros2_ws/install/tp1/share/tp1/config/p3dx.rviz
[7.170s] -- Up-to-date: /root/ros2_ws/install/tp1/share/ament_index/resource_index/package_run_dependencies/tp1
[7.170s] -- Up-to-date: /root/ros2_ws/install/tp1/share/ament_index/resource_index/parent_prefix_path/tp1
[7.172s] -- Up-to-date: /root/ros2_ws/install/tp1/share/tp1/environment/ament_prefix_path.sh
[7.172s] -- Up-to-date: /root/ros2_ws/install/tp1/share/tp1/environment/ament_prefix_path.dsv
[7.172s] -- Up-to-date: /root/ros2_ws/install/tp1/share/tp1/environment/path.sh
[7.172s] -- Up-to-date: /root/ros2_ws/install/tp1/share/tp1/environment/path.dsv
[7.172s] -- Up-to-date: /root/ros2_ws/install/tp1/share/tp1/local_setup.bash
[7.172s] -- Up-to-date: /root/ros2_ws/install/tp1/share/tp1/local_setup.sh
[7.172s] -- Up-to-date: /root/ros2_ws/install/tp1/share/tp1/local_setup.zsh
[7.172s] -- Up-to-date: /root/ros2_ws/install/tp1/share/tp1/local_setup.dsv
[7.173s] -- Installing: /root/ros2_ws/install/tp1/share/tp1/package.dsv
[7.173s] -- Up-to-date: /root/ros2_ws/install/tp1/share/ament_index/resource_index/packages/tp1
[7.173s] -- Up-to-date: /root/ros2_ws/install/tp1/share/tp1/cmake/tp1Config.cmake
[7.173s] -- Up-to-date: /root/ros2_ws/install/tp1/share/tp1/cmake/tp1Config-version.cmake
[7.173s] -- Up-to-date: /root/ros2_ws/install/tp1/share/tp1/package.xml
[7.174s] Invoked command in '/root/ros2_ws/build/tp1' returned '0': CMAKE_PREFIX_PATH=${CMAKE_PREFIX_PATH}:/root/ros2_ws/install/py_pubsub:/root/ros2_ws/src/py_pubsub/install/py_pubsub:/opt/ros/jazzy /usr/bin/cmake --install /root/ros2_ws/build/tp1
