[0.131s] Invoking command in '/root/ros2_ws/build/tp1': CMAKE_PREFIX_PATH=${CMAKE_PREFIX_PATH}:/root/ros2_ws/install/py_pubsub:/root/ros2_ws/src/py_pubsub/install/py_pubsub:/opt/ros/jazzy /usr/bin/cmake --build /root/ros2_ws/build/tp1 -- -j16 -l16
[0.160s] gmake[2]: Warning: File '/root/ros2_ws/src/tp1/src/main.cpp' has modification time 10770 s in the future
[0.167s] [ 20%] [32mBuilding CXX object CMakeFiles/navigation.dir/src/main.cpp.o[0m
[6.144s] [ 40%] [32m[1mLinking CXX executable navigation[0m
[6.457s] gmake[2]: warning:  Clock skew detected.  Your build may be incomplete.
[6.462s] [100%] Built target navigation
[6.470s] Invoked command in '/root/ros2_ws/build/tp1' returned '0': CMAKE_PREFIX_PATH=${CMAKE_PREFIX_PATH}:/root/ros2_ws/install/py_pubsub:/root/ros2_ws/src/py_pubsub/install/py_pubsub:/opt/ros/jazzy /usr/bin/cmake --build /root/ros2_ws/build/tp1 -- -j16 -l16
[6.471s] Invoking command in '/root/ros2_ws/build/tp1': CMAKE_PREFIX_PATH=${CMAKE_PREFIX_PATH}:/root/ros2_ws/install/py_pubsub:/root/ros2_ws/src/py_pubsub/install/py_pubsub:/opt/ros/jazzy /usr/bin/cmake --install /root/ros2_ws/build/tp1
[6.475s] -- Install configuration: ""
[6.476s] -- Installing: /root/ros2_ws/install/tp1/lib/tp1/navigation
[6.483s] -- Set non-toolchain portion of runtime path of "/root/ros2_ws/install/tp1/lib/tp1/navigation" to ""
[6.483s] -- Up-to-date: /root/ros2_ws/install/tp1/share/tp1/launch
[6.483s] -- Up-to-date: /root/ros2_ws/install/tp1/share/tp1/launch/p3dx-rosaria.launch.py
[6.484s] -- Up-to-date: /root/ros2_ws/install/tp1/share/tp1/config
[6.484s] -- Up-to-date: /root/ros2_ws/install/tp1/share/tp1/config/p3dx.rviz
[6.484s] -- Up-to-date: /root/ros2_ws/install/tp1/share/ament_index/resource_index/package_run_dependencies/tp1
[6.484s] -- Up-to-date: /root/ros2_ws/install/tp1/share/ament_index/resource_index/parent_prefix_path/tp1
[6.484s] -- Up-to-date: /root/ros2_ws/install/tp1/share/tp1/environment/ament_prefix_path.sh
[6.484s] -- Up-to-date: /root/ros2_ws/install/tp1/share/tp1/environment/ament_prefix_path.dsv
[6.484s] -- Up-to-date: /root/ros2_ws/install/tp1/share/tp1/environment/path.sh
[6.484s] -- Up-to-date: /root/ros2_ws/install/tp1/share/tp1/environment/path.dsv
[6.484s] -- Up-to-date: /root/ros2_ws/install/tp1/share/tp1/local_setup.bash
[6.484s] -- Up-to-date: /root/ros2_ws/install/tp1/share/tp1/local_setup.sh
[6.484s] -- Up-to-date: /root/ros2_ws/install/tp1/share/tp1/local_setup.zsh
[6.484s] -- Up-to-date: /root/ros2_ws/install/tp1/share/tp1/local_setup.dsv
[6.484s] -- Installing: /root/ros2_ws/install/tp1/share/tp1/package.dsv
[6.484s] -- Up-to-date: /root/ros2_ws/install/tp1/share/ament_index/resource_index/packages/tp1
[6.485s] -- Up-to-date: /root/ros2_ws/install/tp1/share/tp1/cmake/tp1Config.cmake
[6.485s] -- Up-to-date: /root/ros2_ws/install/tp1/share/tp1/cmake/tp1Config-version.cmake
[6.485s] -- Up-to-date: /root/ros2_ws/install/tp1/share/tp1/package.xml
[6.486s] Invoked command in '/root/ros2_ws/build/tp1' returned '0': CMAKE_PREFIX_PATH=${CMAKE_PREFIX_PATH}:/root/ros2_ws/install/py_pubsub:/root/ros2_ws/src/py_pubsub/install/py_pubsub:/opt/ros/jazzy /usr/bin/cmake --install /root/ros2_ws/build/tp1
