[0.157s] Invoking command in '/root/ros2_ws/build/tp1': CMAKE_PREFIX_PATH=${CMAKE_PREFIX_PATH}:/root/ros2_ws/install/py_pubsub:/root/ros2_ws/src/py_pubsub/install/py_pubsub:/opt/ros/jazzy /usr/bin/cmake --build /root/ros2_ws/build/tp1 -- -j16 -l16
[0.233s] [ 20%] [32mBuilding CXX object CMakeFiles/navigation.dir/src/Perception.cpp.o[0m
[2.067s] [01m[K/root/ros2_ws/src/tp1/src/Perception.cpp:[m[K In member function ‘[01m[Kvoid Perception::[01;32m[KupdateMap[m[K(Sonars)[m[K’:
[2.067s] [01m[K/root/ros2_ws/src/tp1/src/Perception.cpp:300:13:[m[K [01;35m[Kwarning: [m[Kunused variable ‘[01m[Klast_px[m[K’ [[01;35m[K]8;;https://gcc.gnu.org/onlinedocs/gcc/Warning-Options.html#index-Wunused-variable-Wunused-variable]8;;[m[K]
[2.067s]   300 |         int [01;35m[Klast_px[m[K = px;
[2.067s]       |             [01;35m[K^~~~~~~[m[K
[2.067s] [01m[K/root/ros2_ws/src/tp1/src/Perception.cpp:301:13:[m[K [01;35m[Kwarning: [m[Kunused variable ‘[01m[Klast_py[m[K’ [[01;35m[K]8;;https://gcc.gnu.org/onlinedocs/gcc/Warning-Options.html#index-Wunused-variable-Wunused-variable]8;;[m[K]
[2.067s]   301 |         int [01;35m[Klast_py[m[K = py;
[2.067s]       |             [01;35m[K^~~~~~~[m[K
[2.685s] [ 40%] [32m[1mLinking CXX executable navigation[0m
[3.191s] [100%] Built target navigation
[3.204s] Invoked command in '/root/ros2_ws/build/tp1' returned '0': CMAKE_PREFIX_PATH=${CMAKE_PREFIX_PATH}:/root/ros2_ws/install/py_pubsub:/root/ros2_ws/src/py_pubsub/install/py_pubsub:/opt/ros/jazzy /usr/bin/cmake --build /root/ros2_ws/build/tp1 -- -j16 -l16
[3.205s] Invoking command in '/root/ros2_ws/build/tp1': CMAKE_PREFIX_PATH=${CMAKE_PREFIX_PATH}:/root/ros2_ws/install/py_pubsub:/root/ros2_ws/src/py_pubsub/install/py_pubsub:/opt/ros/jazzy /usr/bin/cmake --install /root/ros2_ws/build/tp1
[3.215s] -- Install configuration: ""
[3.215s] -- Installing: /root/ros2_ws/install/tp1/lib/tp1/navigation
[3.231s] -- Set non-toolchain portion of runtime path of "/root/ros2_ws/install/tp1/lib/tp1/navigation" to ""
[3.231s] -- Up-to-date: /root/ros2_ws/install/tp1/share/tp1/launch
[3.232s] -- Up-to-date: /root/ros2_ws/install/tp1/share/tp1/launch/p3dx-rosaria.launch.py
[3.232s] -- Up-to-date: /root/ros2_ws/install/tp1/share/tp1/config
[3.232s] -- Up-to-date: /root/ros2_ws/install/tp1/share/tp1/config/p3dx.rviz
[3.232s] -- Up-to-date: /root/ros2_ws/install/tp1/share/ament_index/resource_index/package_run_dependencies/tp1
[3.233s] -- Up-to-date: /root/ros2_ws/install/tp1/share/ament_index/resource_index/parent_prefix_path/tp1
[3.233s] -- Up-to-date: /root/ros2_ws/install/tp1/share/tp1/environment/ament_prefix_path.sh
[3.233s] -- Up-to-date: /root/ros2_ws/install/tp1/share/tp1/environment/ament_prefix_path.dsv
[3.233s] -- Up-to-date: /root/ros2_ws/install/tp1/share/tp1/environment/path.sh
[3.233s] -- Up-to-date: /root/ros2_ws/install/tp1/share/tp1/environment/path.dsv
[3.233s] -- Up-to-date: /root/ros2_ws/install/tp1/share/tp1/local_setup.bash
[3.233s] -- Up-to-date: /root/ros2_ws/install/tp1/share/tp1/local_setup.sh
[3.233s] -- Up-to-date: /root/ros2_ws/install/tp1/share/tp1/local_setup.zsh
[3.233s] -- Up-to-date: /root/ros2_ws/install/tp1/share/tp1/local_setup.dsv
[3.233s] -- Installing: /root/ros2_ws/install/tp1/share/tp1/package.dsv
[3.233s] -- Up-to-date: /root/ros2_ws/install/tp1/share/ament_index/resource_index/packages/tp1
[3.233s] -- Up-to-date: /root/ros2_ws/install/tp1/share/tp1/cmake/tp1Config.cmake
[3.233s] -- Up-to-date: /root/ros2_ws/install/tp1/share/tp1/cmake/tp1Config-version.cmake
[3.233s] -- Up-to-date: /root/ros2_ws/install/tp1/share/tp1/package.xml
[3.235s] Invoked command in '/root/ros2_ws/build/tp1' returned '0': CMAKE_PREFIX_PATH=${CMAKE_PREFIX_PATH}:/root/ros2_ws/install/py_pubsub:/root/ros2_ws/src/py_pubsub/install/py_pubsub:/opt/ros/jazzy /usr/bin/cmake --install /root/ros2_ws/build/tp1
