[0.415s] Invoking command in '/root/ros2_ws/src/py_pubsub': PYTHONPATH=/root/ros2_ws/build/py_pubsub/prefix_override:/usr/lib/python3/dist-packages/colcon_core/task/python/colcon_distutils_commands:/root/ros2_ws/install/py_pubsub/lib/python3.12/site-packages:${PYTHONPATH} /usr/bin/python3 -W ignore:setup.py install is deprecated -W ignore:easy_install command is deprecated setup.py egg_info --egg-base ../../build/py_pubsub build --build-base /root/ros2_ws/build/py_pubsub/build install --record /root/ros2_ws/build/py_pubsub/install.log --single-version-externally-managed install_data
[0.549s] running egg_info
[0.549s] creating ../../build/py_pubsub/py_pubsub.egg-info
[0.558s] writing ../../build/py_pubsub/py_pubsub.egg-info/PKG-INFO
[0.558s] writing dependency_links to ../../build/py_pubsub/py_pubsub.egg-info/dependency_links.txt
[0.558s] writing entry points to ../../build/py_pubsub/py_pubsub.egg-info/entry_points.txt
[0.559s] writing requirements to ../../build/py_pubsub/py_pubsub.egg-info/requires.txt
[0.559s] writing top-level names to ../../build/py_pubsub/py_pubsub.egg-info/top_level.txt
[0.559s] writing manifest file '../../build/py_pubsub/py_pubsub.egg-info/SOURCES.txt'
[0.578s] reading manifest file '../../build/py_pubsub/py_pubsub.egg-info/SOURCES.txt'
[0.579s] writing manifest file '../../build/py_pubsub/py_pubsub.egg-info/SOURCES.txt'
[0.579s] running build
[0.579s] running build_py
[0.579s] creating /root/ros2_ws/build/py_pubsub/build
[0.580s] creating /root/ros2_ws/build/py_pubsub/build/lib
[0.580s] creating /root/ros2_ws/build/py_pubsub/build/lib/py_pubsub
[0.580s] copying py_pubsub/subscriber_member_function.py -> /root/ros2_ws/build/py_pubsub/build/lib/py_pubsub
[0.580s] copying py_pubsub/__init__.py -> /root/ros2_ws/build/py_pubsub/build/lib/py_pubsub
[0.580s] running install
[0.584s] running install_lib
[0.594s] creating /root/ros2_ws/install/py_pubsub/lib/python3.12/site-packages/py_pubsub
[0.594s] copying /root/ros2_ws/build/py_pubsub/build/lib/py_pubsub/subscriber_member_function.py -> /root/ros2_ws/install/py_pubsub/lib/python3.12/site-packages/py_pubsub
[0.595s] copying /root/ros2_ws/build/py_pubsub/build/lib/py_pubsub/__init__.py -> /root/ros2_ws/install/py_pubsub/lib/python3.12/site-packages/py_pubsub
[0.595s] byte-compiling /root/ros2_ws/install/py_pubsub/lib/python3.12/site-packages/py_pubsub/subscriber_member_function.py to subscriber_member_function.cpython-312.pyc
[0.595s] byte-compiling /root/ros2_ws/install/py_pubsub/lib/python3.12/site-packages/py_pubsub/__init__.py to __init__.cpython-312.pyc
[0.595s] running install_data
[0.595s] creating /root/ros2_ws/install/py_pubsub/share/ament_index
[0.596s] creating /root/ros2_ws/install/py_pubsub/share/ament_index/resource_index
[0.596s] creating /root/ros2_ws/install/py_pubsub/share/ament_index/resource_index/packages
[0.596s] copying resource/py_pubsub -> /root/ros2_ws/install/py_pubsub/share/ament_index/resource_index/packages
[0.596s] copying package.xml -> /root/ros2_ws/install/py_pubsub/share/py_pubsub
[0.596s] running install_egg_info
[0.607s] Copying ../../build/py_pubsub/py_pubsub.egg-info to /root/ros2_ws/install/py_pubsub/lib/python3.12/site-packages/py_pubsub-0.0.0-py3.12.egg-info
[0.608s] running install_scripts
[0.676s] Installing listener script to /root/ros2_ws/install/py_pubsub/lib/py_pubsub
[0.676s] writing list of installed files to '/root/ros2_ws/build/py_pubsub/install.log'
[0.692s] Invoked command in '/root/ros2_ws/src/py_pubsub' returned '0': PYTHONPATH=/root/ros2_ws/build/py_pubsub/prefix_override:/usr/lib/python3/dist-packages/colcon_core/task/python/colcon_distutils_commands:/root/ros2_ws/install/py_pubsub/lib/python3.12/site-packages:${PYTHONPATH} /usr/bin/python3 -W ignore:setup.py install is deprecated -W ignore:easy_install command is deprecated setup.py egg_info --egg-base ../../build/py_pubsub build --build-base /root/ros2_ws/build/py_pubsub/build install --record /root/ros2_ws/build/py_pubsub/install.log --single-version-externally-managed install_data
