[2.310s] Invoking command in '/root/ros2_ws/src/py_pubsub': PYTHONPATH=/root/ros2_ws/build/py_pubsub/prefix_override:/usr/lib/python3/dist-packages/colcon_core/task/python/colcon_distutils_commands:/root/ros2_ws/install/py_pubsub/lib/python3.12/site-packages:${PYTHONPATH} /usr/bin/python3 -W ignore:setup.py install is deprecated -W ignore:easy_install command is deprecated setup.py egg_info --egg-base ../../build/py_pubsub build --build-base /root/ros2_ws/build/py_pubsub/build install --record /root/ros2_ws/build/py_pubsub/install.log --single-version-externally-managed install_data
[2.470s] running egg_info
[2.481s] writing ../../build/py_pubsub/py_pubsub.egg-info/PKG-INFO
[2.881s] writing dependency_links to ../../build/py_pubsub/py_pubsub.egg-info/dependency_links.txt
[2.881s] writing entry points to ../../build/py_pubsub/py_pubsub.egg-info/entry_points.txt
[2.881s] writing requirements to ../../build/py_pubsub/py_pubsub.egg-info/requires.txt
[2.881s] writing top-level names to ../../build/py_pubsub/py_pubsub.egg-info/top_level.txt
[2.904s] reading manifest file '../../build/py_pubsub/py_pubsub.egg-info/SOURCES.txt'
[2.904s] writing manifest file '../../build/py_pubsub/py_pubsub.egg-info/SOURCES.txt'
[2.905s] running build
[2.905s] running build_py
[2.906s] running install
[2.910s] running install_lib
[2.923s] running install_data
[2.923s] running install_egg_info
[2.936s] removing '/root/ros2_ws/install/py_pubsub/lib/python3.12/site-packages/py_pubsub-0.0.0-py3.12.egg-info' (and everything under it)
[2.937s] Copying ../../build/py_pubsub/py_pubsub.egg-info to /root/ros2_ws/install/py_pubsub/lib/python3.12/site-packages/py_pubsub-0.0.0-py3.12.egg-info
[2.938s] running install_scripts
[3.022s] Installing listener script to /root/ros2_ws/install/py_pubsub/lib/py_pubsub
[3.023s] writing list of installed files to '/root/ros2_ws/build/py_pubsub/install.log'
[3.041s] Invoked command in '/root/ros2_ws/src/py_pubsub' returned '0': PYTHONPATH=/root/ros2_ws/build/py_pubsub/prefix_override:/usr/lib/python3/dist-packages/colcon_core/task/python/colcon_distutils_commands:/root/ros2_ws/install/py_pubsub/lib/python3.12/site-packages:${PYTHONPATH} /usr/bin/python3 -W ignore:setup.py install is deprecated -W ignore:easy_install command is deprecated setup.py egg_info --egg-base ../../build/py_pubsub build --build-base /root/ros2_ws/build/py_pubsub/build install --record /root/ros2_ws/build/py_pubsub/install.log --single-version-externally-managed install_data
