[0.132s] Invoking command in '/root/ros2_ws/build/tp1': CMAKE_PREFIX_PATH=${CMAKE_PREFIX_PATH}:/root/ros2_ws/install/py_pubsub:/root/ros2_ws/src/py_pubsub/install/py_pubsub:/opt/ros/jazzy /usr/bin/cmake --build /root/ros2_ws/build/tp1 -- -j16 -l16
[0.176s] [ 20%] [32mBuilding CXX object CMakeFiles/navigation.dir/src/main.cpp.o[0m
[6.096s] [ 40%] [32m[1mLinking CXX executable navigation[0m
[6.411s] [100%] Built target navigation
[6.418s] Invoked command in '/root/ros2_ws/build/tp1' returned '0': CMAKE_PREFIX_PATH=${CMAKE_PREFIX_PATH}:/root/ros2_ws/install/py_pubsub:/root/ros2_ws/src/py_pubsub/install/py_pubsub:/opt/ros/jazzy /usr/bin/cmake --build /root/ros2_ws/build/tp1 -- -j16 -l16
[6.419s] Invoking command in '/root/ros2_ws/build/tp1': CMAKE_PREFIX_PATH=${CMAKE_PREFIX_PATH}:/root/ros2_ws/install/py_pubsub:/root/ros2_ws/src/py_pubsub/install/py_pubsub:/opt/ros/jazzy /usr/bin/cmake --install /root/ros2_ws/build/tp1
[6.424s] -- Install configuration: ""
[6.424s] -- Installing: /root/ros2_ws/install/tp1/lib/tp1/navigation
[6.431s] -- Set non-toolchain portion of runtime path of "/root/ros2_ws/install/tp1/lib/tp1/navigation" to ""
[6.431s] -- Up-to-date: /root/ros2_ws/install/tp1/share/tp1/launch
[6.432s] -- Up-to-date: /root/ros2_ws/install/tp1/share/tp1/launch/p3dx-rosaria.launch.py
[6.432s] -- Up-to-date: /root/ros2_ws/install/tp1/share/tp1/config
[6.432s] -- Up-to-date: /root/ros2_ws/install/tp1/share/tp1/config/p3dx.rviz
[6.432s] -- Up-to-date: /root/ros2_ws/install/tp1/share/ament_index/resource_index/package_run_dependencies/tp1
[6.432s] -- Up-to-date: /root/ros2_ws/install/tp1/share/ament_index/resource_index/parent_prefix_path/tp1
[6.433s] -- Up-to-date: /root/ros2_ws/install/tp1/share/tp1/environment/ament_prefix_path.sh
[6.433s] -- Up-to-date: /root/ros2_ws/install/tp1/share/tp1/environment/ament_prefix_path.dsv
[6.433s] -- Up-to-date: /root/ros2_ws/install/tp1/share/tp1/environment/path.sh
[6.433s] -- Up-to-date: /root/ros2_ws/install/tp1/share/tp1/environment/path.dsv
[6.433s] -- Up-to-date: /root/ros2_ws/install/tp1/share/tp1/local_setup.bash
[6.433s] -- Up-to-date: /root/ros2_ws/install/tp1/share/tp1/local_setup.sh
[6.433s] -- Up-to-date: /root/ros2_ws/install/tp1/share/tp1/local_setup.zsh
[6.434s] -- Up-to-date: /root/ros2_ws/install/tp1/share/tp1/local_setup.dsv
[6.434s] -- Installing: /root/ros2_ws/install/tp1/share/tp1/package.dsv
[6.435s] -- Up-to-date: /root/ros2_ws/install/tp1/share/ament_index/resource_index/packages/tp1
[6.435s] -- Up-to-date: /root/ros2_ws/install/tp1/share/tp1/cmake/tp1Config.cmake
[6.436s] -- Up-to-date: /root/ros2_ws/install/tp1/share/tp1/cmake/tp1Config-version.cmake
[6.437s] -- Up-to-date: /root/ros2_ws/install/tp1/share/tp1/package.xml
[6.437s] Invoked command in '/root/ros2_ws/build/tp1' returned '0': CMAKE_PREFIX_PATH=${CMAKE_PREFIX_PATH}:/root/ros2_ws/install/py_pubsub:/root/ros2_ws/src/py_pubsub/install/py_pubsub:/opt/ros/jazzy /usr/bin/cmake --install /root/ros2_ws/build/tp1
