[0.149s] Invoking command in '/root/ros2_ws/build/tp1': CMAKE_PREFIX_PATH=${CMAKE_PREFIX_PATH}:/root/ros2_ws/install/py_pubsub:/root/ros2_ws/src/py_pubsub/install/py_pubsub:/opt/ros/jazzy /usr/bin/cmake --build /root/ros2_ws/build/tp1 -- -j16 -l16
[0.198s] [ 20%] [32mBuilding CXX object CMakeFiles/navigation.dir/src/Perception.cpp.o[0m
[1.570s] [01m[K/root/ros2_ws/src/tp1/src/Perception.cpp:[m[K In member function ‘[01m[Kstd::vector<float, std::allocator<float> > Perception::[01;32m[KgetLatestLaserRanges[m[K()[m[K’:
[1.570s] [01m[K/root/ros2_ws/src/tp1/src/Perception.cpp:166:15:[m[K [01;31m[Kerror: [m[K‘[01m[Kmsg[m[K’ was not declared in this scope
[1.570s]   166 |   laserROS = *[01;31m[Kmsg[m[K;
[1.570s]       |               [01;31m[K^~~[m[K
[1.570s] [01m[K/root/ros2_ws/src/tp1/src/Perception.cpp:166:15:[m[K [01;36m[Knote: [m[Ksuggested alternatives:
[1.570s] In file included from [01m[K/opt/ros/jazzy/include/std_msgs/std_msgs/msg/detail/header__struct.hpp:23[m[K,
[1.570s]                  from [01m[K/opt/ros/jazzy/include/sensor_msgs/sensor_msgs/msg/detail/point_cloud2__struct.hpp:23[m[K,
[1.570s]                  from [01m[K/opt/ros/jazzy/include/sensor_msgs/sensor_msgs/msg/point_cloud2.hpp:7[m[K,
[1.570s]                  from [01m[K/root/ros2_ws/src/tp1/include/Perception.h:4[m[K,
[1.570s]                  from [01m[K/root/ros2_ws/src/tp1/src/Perception.cpp:1[m[K:
[1.570s] [01m[K/opt/ros/jazzy/include/builtin_interfaces/builtin_interfaces/msg/detail/time__struct.hpp:30:11:[m[K [01;36m[Knote: [m[K  ‘[01m[Kbuiltin_interfaces::msg[m[K’
[1.570s]    30 | namespace [01;36m[Kmsg[m[K
[1.570s]       |           [01;36m[K^~~[m[K
[1.570s] [01m[K/opt/ros/jazzy/include/std_msgs/std_msgs/msg/detail/header__struct.hpp:34:11:[m[K [01;36m[Knote: [m[K  ‘[01m[Kstd_msgs::msg[m[K’
[1.570s]    34 | namespace [01;36m[Kmsg[m[K
[1.570s]       |           [01;36m[K^~~[m[K
[1.570s] In file included from [01m[K/opt/ros/jazzy/include/sensor_msgs/sensor_msgs/msg/detail/point_cloud2__struct.hpp:25[m[K:
[1.570s] [01m[K/opt/ros/jazzy/include/sensor_msgs/sensor_msgs/msg/detail/point_field__struct.hpp:30:11:[m[K [01;36m[Knote: [m[K  ‘[01m[Ksensor_msgs::msg[m[K’
[1.570s]    30 | namespace [01;36m[Kmsg[m[K
[1.570s]       |           [01;36m[K^~~[m[K
[1.571s] In file included from [01m[K/opt/ros/jazzy/include/geometry_msgs/geometry_msgs/msg/detail/pose__struct.hpp:23[m[K,
[1.571s]                  from [01m[K/opt/ros/jazzy/include/geometry_msgs/geometry_msgs/msg/pose.hpp:7[m[K,
[1.571s]                  from [01m[K/root/ros2_ws/src/tp1/include/Perception.h:6[m[K:
[1.571s] [01m[K/opt/ros/jazzy/include/geometry_msgs/geometry_msgs/msg/detail/point__struct.hpp:30:11:[m[K [01;36m[Knote: [m[K  ‘[01m[Kgeometry_msgs::msg[m[K’
[1.571s]    30 | namespace [01;36m[Kmsg[m[K
[1.571s]       |           [01;36m[K^~~[m[K
[1.571s] In file included from [01m[K/opt/ros/jazzy/include/nav_msgs/nav_msgs/msg/odometry.hpp:7[m[K,
[1.571s]                  from [01m[K/root/ros2_ws/src/tp1/include/Perception.h:7[m[K:
[1.571s] [01m[K/opt/ros/jazzy/include/nav_msgs/nav_msgs/msg/detail/odometry__struct.hpp:38:11:[m[K [01;36m[Knote: [m[K  ‘[01m[Knav_msgs::msg[m[K’
[1.571s]    38 | namespace [01;36m[Kmsg[m[K
[1.571s]       |           [01;36m[K^~~[m[K
[1.571s] In file included from [01m[K/opt/ros/jazzy/include/rcl_interfaces/rcl_interfaces/srv/detail/list_parameters__struct.hpp:156[m[K,
[1.571s]                  from [01m[K/opt/ros/jazzy/include/rcl_interfaces/rcl_interfaces/srv/list_parameters.hpp:7[m[K,
[1.571s]                  from [01m[K/opt/ros/jazzy/include/rclcpp/rclcpp/copy_all_parameter_values.hpp:21[m[K,
[1.571s]                  from [01m[K/opt/ros/jazzy/include/rclcpp/rclcpp/rclcpp.hpp:171[m[K,
[1.571s]                  from [01m[K/opt/ros/jazzy/include/tf2_ros/tf2_ros/buffer_interface.h:48[m[K,
[1.571s]                  from [01m[K/opt/ros/jazzy/include/tf2_geometry_msgs/tf2_geometry_msgs/tf2_geometry_msgs.hpp:60[m[K,
[1.571s]                  from [01m[K/root/ros2_ws/src/tp1/src/Perception.cpp:3[m[K:
[1.571s] [01m[K/opt/ros/jazzy/include/rcl_interfaces/rcl_interfaces/msg/detail/list_parameters_result__struct.hpp:30:11:[m[K [01;36m[Knote: [m[K  ‘[01m[Krcl_interfaces::msg[m[K’
[1.571s]    30 | namespace [01;36m[Kmsg[m[K
[1.571s]       |           [01;36m[K^~~[m[K
[1.571s] In file included from [01m[K/opt/ros/jazzy/include/rcl_interfaces/rcl_interfaces/srv/detail/list_parameters__struct.hpp:267[m[K:
[1.571s] [01m[K/opt/ros/jazzy/include/service_msgs/service_msgs/msg/detail/service_event_info__struct.hpp:34:11:[m[K [01;36m[Knote: [m[K  ‘[01m[Kservice_msgs::msg[m[K’
[1.572s]    34 | namespace [01;36m[Kmsg[m[K
[1.572s]       |           [01;36m[K^~~[m[K
[1.572s] In file included from [01m[K/opt/ros/jazzy/include/statistics_msgs/statistics_msgs/msg/detail/metrics_message__struct.hpp:26[m[K,
[1.572s]                  from [01m[K/opt/ros/jazzy/include/statistics_msgs/statistics_msgs/msg/metrics_message.hpp:7[m[K,
[1.572s]                  from [01m[K/opt/ros/jazzy/include/libstatistics_collector/libstatistics_collector/collector/generate_statistics_message.hpp:21[m[K,
[1.572s]                  from [01m[K/opt/ros/jazzy/include/rclcpp/rclcpp/topic_statistics/subscription_topic_statistics.hpp:23[m[K,
[1.572s]                  from [01m[K/opt/ros/jazzy/include/rclcpp/rclcpp/subscription.hpp:50[m[K,
[1.572s]                  from [01m[K/opt/ros/jazzy/include/rclcpp/rclcpp/any_executable.hpp:25[m[K,
[1.572s]                  from [01m[K/opt/ros/jazzy/include/rclcpp/rclcpp/memory_strategy.hpp:25[m[K,
[1.572s]                  from [01m[K/opt/ros/jazzy/include/rclcpp/rclcpp/memory_strategies.hpp:18[m[K,
[1.572s]                  from [01m[K/opt/ros/jazzy/include/rclcpp/rclcpp/executor_options.hpp:22[m[K,
[1.572s]                  from [01m[K/opt/ros/jazzy/include/rclcpp/rclcpp/executor.hpp:38[m[K,
[1.572s]                  from [01m[K/opt/ros/jazzy/include/rclcpp/rclcpp/executors/multi_threaded_executor.hpp:25[m[K,
[1.572s]                  from [01m[K/opt/ros/jazzy/include/rclcpp/rclcpp/executors.hpp:21[m[K,
[1.572s]                  from [01m[K/opt/ros/jazzy/include/rclcpp/rclcpp/rclcpp.hpp:172[m[K:
[1.572s] [01m[K/opt/ros/jazzy/include/statistics_msgs/statistics_msgs/msg/detail/statistic_data_point__struct.hpp:30:11:[m[K [01;36m[Knote: [m[K  ‘[01m[Kstatistics_msgs::msg[m[K’
[1.572s]    30 | namespace [01;36m[Kmsg[m[K
[1.572s]       |           [01;36m[K^~~[m[K
[1.578s] [01m[K/root/ros2_ws/src/tp1/src/Perception.cpp:167:3:[m[K [01;31m[Kerror: [m[K‘[01m[KlatestLaser[m[K’ was not declared in this scope
[1.578s]   167 |   [01;31m[KlatestLaser[m[K = msg->ranges;
[1.578s]       |   [01;31m[K^~~~~~~~~~~[m[K
[1.579s] [01m[K/root/ros2_ws/src/tp1/src/Perception.cpp:[m[K In member function ‘[01m[Kstd::vector<float, std::allocator<float> > Perception::[01;32m[KgetLatestPose[m[K()[m[K’:
[1.579s] [01m[K/root/ros2_ws/src/tp1/src/Perception.cpp:208:13:[m[K [01;31m[Kerror: [m[K‘[01m[Kmsg[m[K’ was not declared in this scope
[1.579s]   208 |   float x = [01;31m[Kmsg[m[K->pose.pose.position.x;
[1.579s]       |             [01;31m[K^~~[m[K
[1.579s] [01m[K/root/ros2_ws/src/tp1/src/Perception.cpp:208:13:[m[K [01;36m[Knote: [m[Ksuggested alternatives:
[1.579s] [01m[K/opt/ros/jazzy/include/builtin_interfaces/builtin_interfaces/msg/detail/time__struct.hpp:30:11:[m[K [01;36m[Knote: [m[K  ‘[01m[Kbuiltin_interfaces::msg[m[K’
[1.579s]    30 | namespace [01;36m[Kmsg[m[K
[1.579s]       |           [01;36m[K^~~[m[K
[1.579s] [01m[K/opt/ros/jazzy/include/std_msgs/std_msgs/msg/detail/header__struct.hpp:34:11:[m[K [01;36m[Knote: [m[K  ‘[01m[Kstd_msgs::msg[m[K’
[1.579s]    34 | namespace [01;36m[Kmsg[m[K
[1.579s]       |           [01;36m[K^~~[m[K
[1.579s] [01m[K/opt/ros/jazzy/include/sensor_msgs/sensor_msgs/msg/detail/point_field__struct.hpp:30:11:[m[K [01;36m[Knote: [m[K  ‘[01m[Ksensor_msgs::msg[m[K’
[1.579s]    30 | namespace [01;36m[Kmsg[m[K
[1.579s]       |           [01;36m[K^~~[m[K
[1.580s] [01m[K/opt/ros/jazzy/include/geometry_msgs/geometry_msgs/msg/detail/point__struct.hpp:30:11:[m[K [01;36m[Knote: [m[K  ‘[01m[Kgeometry_msgs::msg[m[K’
[1.580s]    30 | namespace [01;36m[Kmsg[m[K
[1.580s]       |           [01;36m[K^~~[m[K
[1.580s] [01m[K/opt/ros/jazzy/include/nav_msgs/nav_msgs/msg/detail/odometry__struct.hpp:38:11:[m[K [01;36m[Knote: [m[K  ‘[01m[Knav_msgs::msg[m[K’
[1.580s]    38 | namespace [01;36m[Kmsg[m[K
[1.580s]       |           [01;36m[K^~~[m[K
[1.580s] [01m[K/opt/ros/jazzy/include/rcl_interfaces/rcl_interfaces/msg/detail/list_parameters_result__struct.hpp:30:11:[m[K [01;36m[Knote: [m[K  ‘[01m[Krcl_interfaces::msg[m[K’
[1.580s]    30 | namespace [01;36m[Kmsg[m[K
[1.580s]       |           [01;36m[K^~~[m[K
[1.580s] [01m[K/opt/ros/jazzy/include/service_msgs/service_msgs/msg/detail/service_event_info__struct.hpp:34:11:[m[K [01;36m[Knote: [m[K  ‘[01m[Kservice_msgs::msg[m[K’
[1.580s]    34 | namespace [01;36m[Kmsg[m[K
[1.580s]       |           [01;36m[K^~~[m[K
[1.580s] [01m[K/opt/ros/jazzy/include/statistics_msgs/statistics_msgs/msg/detail/statistic_data_point__struct.hpp:30:11:[m[K [01;36m[Knote: [m[K  ‘[01m[Kstatistics_msgs::msg[m[K’
[1.580s]    30 | namespace [01;36m[Kmsg[m[K
[1.580s]       |           [01;36m[K^~~[m[K
[1.585s] [01m[K/root/ros2_ws/src/tp1/src/Perception.cpp:214:3:[m[K [01;31m[Kerror: [m[K‘[01m[KlatestPose[m[K’ was not declared in this scope; did you mean ‘[01m[KgetLatestPose[m[K’?
[1.585s]   214 |   [01;31m[KlatestPose[m[K = {x, y, static_cast<float>(yaw)};
[1.585s]       |   [01;31m[K^~~~~~~~~~[m[K
[1.585s]       |   [32m[KgetLatestPose[m[K
[1.590s] [01m[K/root/ros2_ws/src/tp1/src/Perception.cpp:217:16:[m[K [01;31m[Kerror: [m[K‘[01m[Kpose[m[K’ was not declared in this scope
[1.590s]   217 |         return [01;31m[Kpose[m[K;
[1.590s]       |                [01;31m[K^~~~[m[K
[1.971s] gmake[2]: *** [CMakeFiles/navigation.dir/build.make:104: CMakeFiles/navigation.dir/src/Perception.cpp.o] Error 1
[1.971s] gmake[1]: *** [CMakeFiles/Makefile2:137: CMakeFiles/navigation.dir/all] Error 2
[1.972s] gmake: *** [Makefile:146: all] Error 2
[1.974s] Invoked command in '/root/ros2_ws/build/tp1' returned '2': CMAKE_PREFIX_PATH=${CMAKE_PREFIX_PATH}:/root/ros2_ws/install/py_pubsub:/root/ros2_ws/src/py_pubsub/install/py_pubsub:/opt/ros/jazzy /usr/bin/cmake --build /root/ros2_ws/build/tp1 -- -j16 -l16
