[0.141s] Invoking command in '/root/ros2_ws/build/tp1': CMAKE_PREFIX_PATH=${CMAKE_PREFIX_PATH}:/root/ros2_ws/install/py_pubsub:/root/ros2_ws/src/py_pubsub/install/py_pubsub:/opt/ros/jazzy /usr/bin/cmake --build /root/ros2_ws/build/tp1 -- -j16 -l16
[0.187s] [ 20%] [32mBuilding CXX object CMakeFiles/navigation.dir/src/main.cpp.o[0m
[0.187s] [ 40%] [32mBuilding CXX object CMakeFiles/navigation.dir/src/Perception.cpp.o[0m
[6.374s] [ 60%] [32m[1mLinking CXX executable navigation[0m
[6.708s] [100%] Built target navigation
[6.716s] Invoked command in '/root/ros2_ws/build/tp1' returned '0': CMAKE_PREFIX_PATH=${CMAKE_PREFIX_PATH}:/root/ros2_ws/install/py_pubsub:/root/ros2_ws/src/py_pubsub/install/py_pubsub:/opt/ros/jazzy /usr/bin/cmake --build /root/ros2_ws/build/tp1 -- -j16 -l16
[6.717s] Invoking command in '/root/ros2_ws/build/tp1': CMAKE_PREFIX_PATH=${CMAKE_PREFIX_PATH}:/root/ros2_ws/install/py_pubsub:/root/ros2_ws/src/py_pubsub/install/py_pubsub:/opt/ros/jazzy /usr/bin/cmake --install /root/ros2_ws/build/tp1
[6.722s] -- Install configuration: ""
[6.722s] -- Installing: /root/ros2_ws/install/tp1/lib/tp1/navigation
[6.730s] -- Set non-toolchain portion of runtime path of "/root/ros2_ws/install/tp1/lib/tp1/navigation" to ""
[6.730s] -- Up-to-date: /root/ros2_ws/install/tp1/share/tp1/launch
[6.730s] -- Up-to-date: /root/ros2_ws/install/tp1/share/tp1/launch/p3dx-rosaria.launch.py
[6.730s] -- Up-to-date: /root/ros2_ws/install/tp1/share/tp1/config
[6.730s] -- Up-to-date: /root/ros2_ws/install/tp1/share/tp1/config/p3dx.rviz
[6.731s] -- Up-to-date: /root/ros2_ws/install/tp1/share/ament_index/resource_index/package_run_dependencies/tp1
[6.731s] -- Up-to-date: /root/ros2_ws/install/tp1/share/ament_index/resource_index/parent_prefix_path/tp1
[6.731s] -- Up-to-date: /root/ros2_ws/install/tp1/share/tp1/environment/ament_prefix_path.sh
[6.731s] -- Up-to-date: /root/ros2_ws/install/tp1/share/tp1/environment/ament_prefix_path.dsv
[6.731s] -- Up-to-date: /root/ros2_ws/install/tp1/share/tp1/environment/path.sh
[6.732s] -- Up-to-date: /root/ros2_ws/install/tp1/share/tp1/environment/path.dsv
[6.732s] -- Up-to-date: /root/ros2_ws/install/tp1/share/tp1/local_setup.bash
[6.733s] -- Up-to-date: /root/ros2_ws/install/tp1/share/tp1/local_setup.sh
[6.733s] -- Up-to-date: /root/ros2_ws/install/tp1/share/tp1/local_setup.zsh
[6.733s] -- Up-to-date: /root/ros2_ws/install/tp1/share/tp1/local_setup.dsv
[6.733s] -- Installing: /root/ros2_ws/install/tp1/share/tp1/package.dsv
[6.734s] -- Up-to-date: /root/ros2_ws/install/tp1/share/ament_index/resource_index/packages/tp1
[6.735s] -- Up-to-date: /root/ros2_ws/install/tp1/share/tp1/cmake/tp1Config.cmake
[6.735s] -- Up-to-date: /root/ros2_ws/install/tp1/share/tp1/cmake/tp1Config-version.cmake
[6.735s] -- Up-to-date: /root/ros2_ws/install/tp1/share/tp1/package.xml
[6.735s] Invoked command in '/root/ros2_ws/build/tp1' returned '0': CMAKE_PREFIX_PATH=${CMAKE_PREFIX_PATH}:/root/ros2_ws/install/py_pubsub:/root/ros2_ws/src/py_pubsub/install/py_pubsub:/opt/ros/jazzy /usr/bin/cmake --install /root/ros2_ws/build/tp1
