[0.127s] Invoking command in '/root/ros2_ws/build/tp1': CMAKE_PREFIX_PATH=${CMAKE_PREFIX_PATH}:/root/ros2_ws/install/py_pubsub:/root/ros2_ws/src/py_pubsub/install/py_pubsub:/opt/ros/jazzy /usr/bin/cmake --build /root/ros2_ws/build/tp1 -- -j16 -l16
[0.165s] [ 20%] [32mBuilding CXX object CMakeFiles/navigation.dir/src/Perception.cpp.o[0m
[1.571s] [01m[K/root/ros2_ws/src/tp1/src/Perception.cpp:[m[K In static member function ‘[01m[Kstatic void Perception::[01;32m[KdrawMap[m[K()[m[K’:
[1.571s] [01m[K/root/ros2_ws/src/tp1/src/Perception.cpp:319:28:[m[K [01;35m[Kwarning: [m[Ksuggest parentheses around assignment used as truth value [[01;35m[K]8;;https://gcc.gnu.org/onlinedocs/gcc/Warning-Options.html#index-Wparentheses-Wparentheses]8;;[m[K]
[1.571s]   319 |       } else if ([01;35m[Kmap[x][y] = 2[m[K)
[1.571s]       |                  [01;35m[K~~~~~~~~~~^~~[m[K
[2.060s] [ 40%] [32m[1mLinking CXX executable navigation[0m
[2.392s] [100%] Built target navigation
[2.399s] Invoked command in '/root/ros2_ws/build/tp1' returned '0': CMAKE_PREFIX_PATH=${CMAKE_PREFIX_PATH}:/root/ros2_ws/install/py_pubsub:/root/ros2_ws/src/py_pubsub/install/py_pubsub:/opt/ros/jazzy /usr/bin/cmake --build /root/ros2_ws/build/tp1 -- -j16 -l16
[2.400s] Invoking command in '/root/ros2_ws/build/tp1': CMAKE_PREFIX_PATH=${CMAKE_PREFIX_PATH}:/root/ros2_ws/install/py_pubsub:/root/ros2_ws/src/py_pubsub/install/py_pubsub:/opt/ros/jazzy /usr/bin/cmake --install /root/ros2_ws/build/tp1
[2.405s] -- Install configuration: ""
[2.405s] -- Installing: /root/ros2_ws/install/tp1/lib/tp1/navigation
[2.413s] -- Set non-toolchain portion of runtime path of "/root/ros2_ws/install/tp1/lib/tp1/navigation" to ""
[2.413s] -- Up-to-date: /root/ros2_ws/install/tp1/share/tp1/launch
[2.414s] -- Up-to-date: /root/ros2_ws/install/tp1/share/tp1/launch/p3dx-rosaria.launch.py
[2.414s] -- Up-to-date: /root/ros2_ws/install/tp1/share/tp1/config
[2.414s] -- Up-to-date: /root/ros2_ws/install/tp1/share/tp1/config/p3dx.rviz
[2.414s] -- Up-to-date: /root/ros2_ws/install/tp1/share/ament_index/resource_index/package_run_dependencies/tp1
[2.414s] -- Up-to-date: /root/ros2_ws/install/tp1/share/ament_index/resource_index/parent_prefix_path/tp1
[2.414s] -- Up-to-date: /root/ros2_ws/install/tp1/share/tp1/environment/ament_prefix_path.sh
[2.414s] -- Up-to-date: /root/ros2_ws/install/tp1/share/tp1/environment/ament_prefix_path.dsv
[2.414s] -- Up-to-date: /root/ros2_ws/install/tp1/share/tp1/environment/path.sh
[2.414s] -- Up-to-date: /root/ros2_ws/install/tp1/share/tp1/environment/path.dsv
[2.415s] -- Up-to-date: /root/ros2_ws/install/tp1/share/tp1/local_setup.bash
[2.415s] -- Up-to-date: /root/ros2_ws/install/tp1/share/tp1/local_setup.sh
[2.416s] -- Up-to-date: /root/ros2_ws/install/tp1/share/tp1/local_setup.zsh
[2.416s] -- Up-to-date: /root/ros2_ws/install/tp1/share/tp1/local_setup.dsv
[2.417s] -- Installing: /root/ros2_ws/install/tp1/share/tp1/package.dsv
[2.417s] -- Up-to-date: /root/ros2_ws/install/tp1/share/ament_index/resource_index/packages/tp1
[2.418s] -- Up-to-date: /root/ros2_ws/install/tp1/share/tp1/cmake/tp1Config.cmake
[2.418s] -- Up-to-date: /root/ros2_ws/install/tp1/share/tp1/cmake/tp1Config-version.cmake
[2.418s] -- Up-to-date: /root/ros2_ws/install/tp1/share/tp1/package.xml
[2.418s] Invoked command in '/root/ros2_ws/build/tp1' returned '0': CMAKE_PREFIX_PATH=${CMAKE_PREFIX_PATH}:/root/ros2_ws/install/py_pubsub:/root/ros2_ws/src/py_pubsub/install/py_pubsub:/opt/ros/jazzy /usr/bin/cmake --install /root/ros2_ws/build/tp1
