gmake[2]: Warning: File 'navigation' has modification time 9957 s in the future
[ 20%] [32mBuilding CXX object CMakeFiles/navigation.dir/src/main.cpp.o[0m
gmake[2]: warning:  Clock skew detected.  Your build may be incomplete.
[100%] Built target navigation
-- Install configuration: ""
-- Up-to-date: /root/ros2_ws/install/tp1/lib/tp1/navigation
-- Up-to-date: /root/ros2_ws/install/tp1/share/tp1/launch
-- Up-to-date: /root/ros2_ws/install/tp1/share/tp1/launch/p3dx-rosaria.launch.py
-- Up-to-date: /root/ros2_ws/install/tp1/share/tp1/config
-- Up-to-date: /root/ros2_ws/install/tp1/share/tp1/config/p3dx.rviz
-- Up-to-date: /root/ros2_ws/install/tp1/share/ament_index/resource_index/package_run_dependencies/tp1
-- Up-to-date: /root/ros2_ws/install/tp1/share/ament_index/resource_index/parent_prefix_path/tp1
-- Up-to-date: /root/ros2_ws/install/tp1/share/tp1/environment/ament_prefix_path.sh
-- Up-to-date: /root/ros2_ws/install/tp1/share/tp1/environment/ament_prefix_path.dsv
-- Up-to-date: /root/ros2_ws/install/tp1/share/tp1/environment/path.sh
-- Up-to-date: /root/ros2_ws/install/tp1/share/tp1/environment/path.dsv
-- Up-to-date: /root/ros2_ws/install/tp1/share/tp1/local_setup.bash
-- Up-to-date: /root/ros2_ws/install/tp1/share/tp1/local_setup.sh
-- Up-to-date: /root/ros2_ws/install/tp1/share/tp1/local_setup.zsh
-- Up-to-date: /root/ros2_ws/install/tp1/share/tp1/local_setup.dsv
-- Installing: /root/ros2_ws/install/tp1/share/tp1/package.dsv
-- Up-to-date: /root/ros2_ws/install/tp1/share/ament_index/resource_index/packages/tp1
-- Up-to-date: /root/ros2_ws/install/tp1/share/tp1/cmake/tp1Config.cmake
-- Up-to-date: /root/ros2_ws/install/tp1/share/tp1/cmake/tp1Config-version.cmake
-- Up-to-date: /root/ros2_ws/install/tp1/share/tp1/package.xml
