[0.120s] Invoking command in '/root/ros2_ws/build/tp1': CMAKE_PREFIX_PATH=${CMAKE_PREFIX_PATH}:/root/ros2_ws/install/py_pubsub:/root/ros2_ws/src/py_pubsub/install/py_pubsub:/opt/ros/jazzy /usr/bin/cmake --build /root/ros2_ws/build/tp1 -- -j16 -l16
[0.166s] [ 20%] [32mBuilding CXX object CMakeFiles/navigation.dir/src/main.cpp.o[0m
[0.167s] [ 40%] [32mBuilding CXX object CMakeFiles/navigation.dir/src/Perception.cpp.o[0m
[1.547s] [01m[K/root/ros2_ws/src/tp1/src/Perception.cpp:[m[K In member function ‘[01m[Kstd::vector<float, std::allocator<float> > Perception::[01;32m[KgetLatestSonarRanges[m[K()[m[K’:
[1.547s] [01m[K/root/ros2_ws/src/tp1/src/Perception.cpp:165:9:[m[K [01;35m[Kwarning: [m[Kunused variable ‘[01m[Knumbytes[m[K’ [[01;35m[K]8;;https://gcc.gnu.org/onlinedocs/gcc/Warning-Options.html#index-Wunused-variable-Wunused-variable]8;;[m[K]
[1.547s]   165 |     int [01;35m[Knumbytes[m[K = sonarROS.data.size();
[1.547s]       |         [01;35m[K^~~~~~~~[m[K
[1.547s] [01m[K/root/ros2_ws/src/tp1/src/Perception.cpp:166:9:[m[K [01;35m[Kwarning: [m[Kunused variable ‘[01m[Knumfields[m[K’ [[01;35m[K]8;;https://gcc.gnu.org/onlinedocs/gcc/Warning-Options.html#index-Wunused-variable-Wunused-variable]8;;[m[K]
[1.547s]   166 |     int [01;35m[Knumfields[m[K = sonarROS.fields.size();
[1.547s]       |         [01;35m[K^~~~~~~~~[m[K
[1.552s] [01m[K/root/ros2_ws/src/tp1/src/Perception.cpp:[m[K In function ‘[01m[Kvoid[01;32m[K updateMap[m[K()[m[K’:
[1.552s] [01m[K/root/ros2_ws/src/tp1/src/Perception.cpp:206:9:[m[K [01;31m[Kerror: [m[K‘[01m[Klasers[m[K’ was not declared in this scope
[1.552s]   206 |     if ([01;31m[Klasers[m[K.empty() || lasers.empty()) return;
[1.552s]       |         [01;31m[K^~~~~~[m[K
[1.555s] [01m[K/root/ros2_ws/src/tp1/src/Perception.cpp:208:15:[m[K [01;31m[Kerror: [m[K‘[01m[Kpose[m[K’ was not declared in this scope
[1.555s]   208 |     float x = [01;31m[Kpose[m[K[0];
[1.555s]       |               [01;31m[K^~~~[m[K
[1.559s] [01m[K/root/ros2_ws/src/tp1/src/Perception.cpp:213:30:[m[K [01;31m[Kerror: [m[K‘[01m[Klasers[m[K’ was not declared in this scope
[1.559s]   213 |     std::cout << "laser " << [01;31m[Klasers[m[K[0] << "  x: " << x << "  y: " << y << "  yaw: " << yaw << std::endl;
[1.559s]       |                              [01;31m[K^~~~~~[m[K
[1.563s] [01m[K/root/ros2_ws/src/tp1/src/Perception.cpp:218:21:[m[K [01;31m[Kerror: [m[K‘[01m[KlaserROS[m[K’ was not declared in this scope
[1.563s]   218 |       float angle = [01;31m[KlaserROS[m[K.angle_min + i * laserROS.angle_increment + yaw;
[1.563s]       |                     [01;31m[K^~~~~~~~[m[K
[1.579s] [01m[K/root/ros2_ws/src/tp1/src/main.cpp:[m[K In member function ‘[01m[Kvoid NavigationNode::[01;32m[Ktimer_callback[m[K()[m[K’:
[1.579s] [01m[K/root/ros2_ws/src/tp1/src/main.cpp:96:5:[m[K [01;31m[Kerror: [m[K‘[01m[KupdateMap[m[K’ was not declared in this scope
[1.579s]    96 |     [01;31m[KupdateMap[m[K();
[1.579s]       |     [01;31m[K^~~~~~~~~[m[K
[1.586s] [01m[K/root/ros2_ws/src/tp1/src/main.cpp:[m[K In function ‘[01m[Kint[01;32m[K main[m[K(int, char**)[m[K’:
[1.586s] [01m[K/root/ros2_ws/src/tp1/src/main.cpp:161:55:[m[K [01;31m[Kerror: [m[K‘[01m[KdisplayLoop[m[K’ was not declared in this scope
[1.586s]   161 |   pthread_create(&oglThread, NULL, (void *(*)(void *))[01;31m[KdisplayLoop[m[K, NULL);
[1.586s]       |                                                       [01;31m[K^~~~~~~~~~~[m[K
[1.950s] gmake[2]: *** [CMakeFiles/navigation.dir/build.make:104: CMakeFiles/navigation.dir/src/Perception.cpp.o] Error 1
[1.951s] gmake[2]: *** Waiting for unfinished jobs....
[3.313s] gmake[2]: *** [CMakeFiles/navigation.dir/build.make:76: CMakeFiles/navigation.dir/src/main.cpp.o] Error 1
[3.313s] gmake[1]: *** [CMakeFiles/Makefile2:137: CMakeFiles/navigation.dir/all] Error 2
[3.313s] gmake: *** [Makefile:146: all] Error 2
[3.315s] Invoked command in '/root/ros2_ws/build/tp1' returned '2': CMAKE_PREFIX_PATH=${CMAKE_PREFIX_PATH}:/root/ros2_ws/install/py_pubsub:/root/ros2_ws/src/py_pubsub/install/py_pubsub:/opt/ros/jazzy /usr/bin/cmake --build /root/ros2_ws/build/tp1 -- -j16 -l16
